<?xml version="1.0" encoding="UTF-8"?>
<coverage generated="1722203341991" clover="3.2.0">
  <project timestamp="1722203341991" name="All files">
    <metrics statements="739" coveredstatements="297" conditionals="588" coveredconditionals="144" methods="178" coveredmethods="56" elements="1505" coveredelements="497" complexity="0" loc="739" ncloc="739" packages="5" files="13" classes="13"/>
    <package name="src">
      <metrics statements="690" coveredstatements="265" conditionals="556" coveredconditionals="138" methods="166" coveredmethods="48"/>
      <file name="CashuMint.ts" path="/Users/cc/git/cashu-ts/src/CashuMint.ts">
        <metrics statements="110" coveredstatements="58" conditionals="118" coveredconditionals="20" methods="27" coveredmethods="10"/>
        <line num="21" count="1" type="stmt"/>
        <line num="22" count="1" type="stmt"/>
        <line num="23" count="1" type="stmt"/>
        <line num="24" count="1" type="stmt"/>
        <line num="28" count="1" type="stmt"/>
        <line num="32" count="1" type="stmt"/>
        <line num="36" count="1" type="stmt"/>
        <line num="41" count="1" type="stmt"/>
        <line num="42" count="1" type="stmt"/>
        <line num="43" count="1" type="stmt"/>
        <line num="46" count="1" type="stmt"/>
        <line num="47" count="0" type="stmt"/>
        <line num="55" count="1" type="stmt"/>
        <line num="56" count="0" type="cond" truecount="0" falsecount="2"/>
        <line num="57" count="0" type="stmt"/>
        <line num="60" count="0" type="stmt"/>
        <line num="61" count="0" type="stmt"/>
        <line num="66" count="1" type="stmt"/>
        <line num="67" count="0" type="stmt"/>
        <line num="77" count="1" type="stmt"/>
        <line num="82" count="0" type="cond" truecount="0" falsecount="2"/>
        <line num="83" count="0" type="stmt"/>
        <line num="89" count="0" type="cond" truecount="0" falsecount="7"/>
        <line num="90" count="0" type="cond" truecount="0" falsecount="4"/>
        <line num="93" count="0" type="stmt"/>
        <line num="100" count="1" type="stmt"/>
        <line num="101" count="0" type="stmt"/>
        <line num="111" count="1" type="stmt"/>
        <line num="116" count="1" type="cond" truecount="2" falsecount="0"/>
        <line num="117" count="1" type="stmt"/>
        <line num="122" count="1" type="stmt"/>
        <line num="123" count="1" type="stmt"/>
        <line num="130" count="1" type="stmt"/>
        <line num="131" count="1" type="stmt"/>
        <line num="141" count="1" type="stmt"/>
        <line num="146" count="0" type="cond" truecount="0" falsecount="2"/>
        <line num="147" count="0" type="stmt"/>
        <line num="152" count="0" type="stmt"/>
        <line num="153" count="0" type="stmt"/>
        <line num="160" count="1" type="stmt"/>
        <line num="161" count="0" type="stmt"/>
        <line num="171" count="1" type="stmt"/>
        <line num="176" count="1" type="cond" truecount="2" falsecount="0"/>
        <line num="177" count="1" type="stmt"/>
        <line num="183" count="1" type="cond" truecount="5" falsecount="2"/>
        <line num="184" count="0" type="stmt"/>
        <line num="187" count="1" type="stmt"/>
        <line num="194" count="1" type="stmt"/>
        <line num="195" count="1" type="stmt"/>
        <line num="204" count="1" type="stmt"/>
        <line num="209" count="0" type="cond" truecount="0" falsecount="2"/>
        <line num="210" count="0" type="stmt"/>
        <line num="216" count="0" type="stmt"/>
        <line num="218" count="0" type="cond" truecount="0" falsecount="1"/>
        <line num="224" count="0" type="stmt"/>
        <line num="226" count="0" type="stmt"/>
        <line num="233" count="1" type="stmt"/>
        <line num="234" count="0" type="stmt"/>
        <line num="243" count="1" type="stmt"/>
        <line num="248" count="0" type="cond" truecount="0" falsecount="2"/>
        <line num="249" count="0" type="stmt"/>
        <line num="254" count="0" type="stmt"/>
        <line num="256" count="0" type="cond" truecount="0" falsecount="1"/>
        <line num="264" count="0" type="stmt"/>
        <line num="267" count="0" type="stmt"/>
        <line num="274" count="1" type="stmt"/>
        <line num="275" count="0" type="stmt"/>
        <line num="285" count="1" type="stmt"/>
        <line num="290" count="0" type="cond" truecount="0" falsecount="2"/>
        <line num="291" count="0" type="stmt"/>
        <line num="297" count="0" type="stmt"/>
        <line num="299" count="0" type="cond" truecount="0" falsecount="1"/>
        <line num="304" count="0" type="stmt"/>
        <line num="307" count="0" type="stmt"/>
        <line num="314" count="1" type="stmt"/>
        <line num="315" count="0" type="stmt"/>
        <line num="324" count="1" type="stmt"/>
        <line num="329" count="0" type="cond" truecount="0" falsecount="2"/>
        <line num="330" count="0" type="stmt"/>
        <line num="336" count="0" type="cond" truecount="0" falsecount="7"/>
        <line num="337" count="0" type="stmt"/>
        <line num="340" count="0" type="stmt"/>
        <line num="350" count="1" type="stmt"/>
        <line num="356" count="1" type="cond" truecount="1" falsecount="0"/>
        <line num="358" count="1" type="stmt"/>
        <line num="360" count="1" type="cond" truecount="2" falsecount="0"/>
        <line num="361" count="1" type="stmt"/>
        <line num="365" count="1" type="cond" truecount="2" falsecount="1"/>
        <line num="366" count="0" type="stmt"/>
        <line num="369" count="1" type="stmt"/>
        <line num="376" count="1" type="stmt"/>
        <line num="377" count="1" type="cond" truecount="1" falsecount="0"/>
        <line num="382" count="1" type="stmt"/>
        <line num="390" count="1" type="stmt"/>
        <line num="394" count="2" type="cond" truecount="2" falsecount="0"/>
        <line num="395" count="2" type="stmt"/>
        <line num="402" count="1" type="stmt"/>
        <line num="403" count="2" type="stmt"/>
        <line num="411" count="1" type="stmt"/>
        <line num="412" count="0" type="stmt"/>
        <line num="415" count="1" type="stmt"/>
        <line num="420" count="0" type="cond" truecount="0" falsecount="2"/>
        <line num="421" count="0" type="stmt"/>
        <line num="427" count="0" type="cond" truecount="0" falsecount="12"/>
        <line num="428" count="0" type="stmt"/>
        <line num="431" count="0" type="stmt"/>
        <line num="434" count="1" type="stmt"/>
        <line num="437" count="0" type="stmt"/>
        <line num="439" count="1" type="stmt"/>
        <line num="441" count="1" type="stmt"/>
      </file>
      <file name="CashuWallet.ts" path="/Users/cc/git/cashu-ts/src/CashuWallet.ts">
        <metrics statements="310" coveredstatements="153" conditionals="345" coveredconditionals="110" methods="69" coveredmethods="24"/>
        <line num="1" count="1" type="stmt"/>
        <line num="2" count="1" type="stmt"/>
        <line num="3" count="1" type="stmt"/>
        <line num="4" count="1" type="stmt"/>
        <line num="28" count="1" type="stmt"/>
        <line num="36" count="1" type="stmt"/>
        <line num="37" count="1" type="stmt"/>
        <line num="38" count="1" type="stmt"/>
        <line num="39" count="1" type="stmt"/>
        <line num="44" count="1" type="stmt"/>
        <line num="49" count="1" type="stmt"/>
        <line num="56" count="1" type="stmt"/>
        <line num="57" count="1" type="stmt"/>
        <line num="59" count="1" type="stmt"/>
        <line num="60" count="1" type="stmt"/>
        <line num="61" count="1" type="stmt"/>
        <line num="62" count="1" type="stmt"/>
        <line num="75" count="1" type="stmt"/>
        <line num="85" count="1" type="stmt"/>
        <line num="86" count="1" type="stmt"/>
        <line num="87" count="1" type="cond" truecount="5" falsecount="3"/>
        <line num="88" count="0" type="stmt"/>
        <line num="89" count="1" type="cond" truecount="4" falsecount="7"/>
        <line num="90" count="0" type="cond" truecount="0" falsecount="4"/>
        <line num="92" count="1" type="cond" truecount="1" falsecount="0"/>
        <line num="93" count="1" type="cond" truecount="7" falsecount="2"/>
        <line num="94" count="1" type="cond" truecount="3" falsecount="2"/>
        <line num="95" count="1" type="cond" truecount="4" falsecount="2"/>
        <line num="96" count="1" type="stmt"/>
        <line num="97" count="0" type="cond" truecount="0" falsecount="6"/>
        <line num="98" count="0" type="stmt"/>
        <line num="100" count="0" type="cond" truecount="0" falsecount="1"/>
        <line num="101" count="0" type="stmt"/>
        <line num="103" count="0" type="stmt"/>
        <line num="107" count="1" type="stmt"/>
        <line num="108" count="0" type="stmt"/>
        <line num="110" count="1" type="stmt"/>
        <line num="111" count="0" type="stmt"/>
        <line num="113" count="1" type="stmt"/>
        <line num="114" count="0" type="cond" truecount="0" falsecount="1"/>
        <line num="115" count="0" type="stmt"/>
        <line num="117" count="0" type="stmt"/>
        <line num="120" count="1" type="stmt"/>
        <line num="122" count="1" type="stmt"/>
        <line num="123" count="0" type="stmt"/>
        <line num="125" count="1" type="stmt"/>
        <line num="126" count="0" type="cond" truecount="0" falsecount="1"/>
        <line num="127" count="0" type="stmt"/>
        <line num="129" count="0" type="stmt"/>
        <line num="136" count="1" type="stmt"/>
        <line num="137" count="0" type="stmt"/>
        <line num="138" count="0" type="stmt"/>
        <line num="144" count="1" type="stmt"/>
        <line num="145" count="0" type="cond" truecount="0" falsecount="1"/>
        <line num="146" count="0" type="stmt"/>
        <line num="147" count="0" type="stmt"/>
        <line num="154" count="1" type="stmt"/>
        <line num="155" count="0" type="cond" truecount="0" falsecount="1"/>
        <line num="156" count="0" type="stmt"/>
        <line num="157" count="0" type="stmt"/>
        <line num="158" count="0" type="stmt"/>
        <line num="161" count="1" type="stmt"/>
        <line num="162" count="0" type="cond" truecount="0" falsecount="1"/>
        <line num="163" count="0" type="stmt"/>
        <line num="164" count="0" type="stmt"/>
        <line num="177" count="1" type="stmt"/>
        <line num="178" count="4" type="cond" truecount="1" falsecount="0"/>
        <line num="179" count="0" type="cond" truecount="0" falsecount="1"/>
        <line num="180" count="0" type="stmt"/>
        <line num="181" count="0" type="stmt"/>
        <line num="183" count="0" type="stmt"/>
        <line num="184" count="0" type="stmt"/>
        <line num="185" count="0" type="cond" truecount="0" falsecount="1"/>
        <line num="186" count="0" type="stmt"/>
        <line num="188" count="0" type="stmt"/>
        <line num="189" count="0" type="stmt"/>
        <line num="190" count="0" type="stmt"/>
        <line num="194" count="2" type="cond" truecount="1" falsecount="0"/>
        <line num="195" count="1" type="stmt"/>
        <line num="196" count="1" type="cond" truecount="2" falsecount="0"/>
        <line num="197" count="0" type="cond" truecount="0" falsecount="8"/>
        <line num="198" count="1" type="cond" truecount="0" falsecount="1"/>
        <line num="199" count="0" type="stmt"/>
        <line num="204" count="1" type="cond" truecount="0" falsecount="1"/>
        <line num="205" count="1" type="stmt"/>
        <line num="206" count="1" type="stmt"/>
        <line num="207" count="1" type="cond" truecount="0" falsecount="1"/>
        <line num="208" count="0" type="stmt"/>
        <line num="212" count="1" type="stmt"/>
        <line num="214" count="1" type="stmt"/>
        <line num="215" count="1" type="stmt"/>
        <line num="228" count="1" type="stmt"/>
        <line num="239" count="0" type="cond" truecount="0" falsecount="5"/>
        <line num="240" count="0" type="stmt"/>
        <line num="242" count="0" type="cond" truecount="0" falsecount="1"/>
        <line num="243" count="0" type="stmt"/>
        <line num="245" count="0" type="stmt"/>
        <line num="246" count="0" type="stmt"/>
        <line num="253" count="0" type="stmt"/>
        <line num="255" count="0" type="stmt"/>
        <line num="268" count="1" type="stmt"/>
        <line num="279" count="0" type="cond" truecount="0" falsecount="5"/>
        <line num="280" count="0" type="stmt"/>
        <line num="281" count="0" type="stmt"/>
        <line num="283" count="0" type="stmt"/>
        <line num="284" count="0" type="cond" truecount="0" falsecount="4"/>
        <line num="285" count="0" type="stmt"/>
        <line num="294" count="0" type="stmt"/>
        <line num="295" count="0" type="stmt"/>
        <line num="301" count="0" type="stmt"/>
        <line num="303" count="0" type="stmt"/>
        <line num="305" count="0" type="cond" truecount="0" falsecount="1"/>
        <line num="308" count="1" type="stmt"/>
        <line num="321" count="1" type="cond" truecount="3" falsecount="2"/>
        <line num="322" count="0" type="stmt"/>
        <line num="323" count="1" type="cond" truecount="0" falsecount="1"/>
        <line num="324" count="0" type="stmt"/>
        <line num="326" count="1" type="stmt"/>
        <line num="331" count="1" type="cond" truecount="1" falsecount="5"/>
        <line num="337" count="1" type="stmt"/>
        <line num="338" count="1" type="stmt"/>
        <line num="343" count="1" type="stmt"/>
        <line num="352" count="1" type="stmt"/>
        <line num="353" count="0" type="stmt"/>
        <line num="354" count="0" type="stmt"/>
        <line num="355" count="0" type="stmt"/>
        <line num="356" count="0" type="stmt"/>
        <line num="358" count="0" type="stmt"/>
        <line num="360" count="0" type="stmt"/>
        <line num="363" count="1" type="stmt"/>
        <line num="366" count="5" type="cond" truecount="1" falsecount="0"/>
        <line num="369" count="4" type="stmt"/>
        <line num="370" count="4" type="stmt"/>
        <line num="371" count="6" type="stmt"/>
        <line num="372" count="0" type="stmt"/>
        <line num="373" count="4" type="stmt"/>
        <line num="374" count="6" type="stmt"/>
        <line num="375" count="2" type="stmt"/>
        <line num="376" count="4" type="stmt"/>
        <line num="377" count="4" type="stmt"/>
        <line num="382" count="4" type="cond" truecount="2" falsecount="1"/>
        <line num="383" count="0" type="stmt"/>
        <line num="385" count="0" type="stmt"/>
        <line num="388" count="0" type="stmt"/>
        <line num="389" count="0" type="stmt"/>
        <line num="394" count="4" type="cond" truecount="3" falsecount="0"/>
        <line num="395" count="2" type="stmt"/>
        <line num="400" count="2" type="stmt"/>
        <line num="403" count="2" type="stmt"/>
        <line num="404" count="2" type="stmt"/>
        <line num="405" count="2" type="stmt"/>
        <line num="406" count="2" type="stmt"/>
        <line num="407" count="2" type="cond" truecount="2" falsecount="0"/>
        <line num="408" count="2" type="stmt"/>
        <line num="409" count="2" type="cond" truecount="1" falsecount="0"/>
        <line num="410" count="2" type="stmt"/>
        <line num="419" count="2" type="stmt"/>
        <line num="420" count="2" type="stmt"/>
        <line num="423" count="2" type="cond" truecount="3" falsecount="0"/>
        <line num="424" count="2" type="stmt"/>
        <line num="425" count="2" type="stmt"/>
        <line num="432" count="2" type="stmt"/>
        <line num="435" count="6" type="stmt"/>
        <line num="437" count="2" type="stmt"/>
        <line num="438" count="6" type="stmt"/>
        <line num="443" count="1" type="stmt"/>
        <line num="444" count="1" type="stmt"/>
        <line num="448" count="1" type="cond" truecount="5" falsecount="1"/>
        <line num="456" count="1" type="stmt"/>
        <line num="472" count="1" type="stmt"/>
        <line num="484" count="1" type="cond" truecount="3" falsecount="2"/>
        <line num="485" count="0" type="stmt"/>
        <line num="486" count="1" type="cond" truecount="3" falsecount="1"/>
        <line num="487" count="0" type="stmt"/>
        <line num="488" count="0" type="stmt"/>
        <line num="489" count="0" type="cond" truecount="0" falsecount="1"/>
        <line num="490" count="0" type="stmt"/>
        <line num="495" count="0" type="stmt"/>
        <line num="497" count="0" type="stmt"/>
        <line num="498" count="0" type="stmt"/>
        <line num="499" count="0" type="stmt"/>
        <line num="508" count="0" type="stmt"/>
        <line num="509" count="0" type="stmt"/>
        <line num="516" count="0" type="stmt"/>
        <line num="517" count="0" type="stmt"/>
        <line num="518" count="0" type="stmt"/>
        <line num="519" count="0" type="stmt"/>
        <line num="520" count="0" type="cond" truecount="0" falsecount="1"/>
        <line num="521" count="0" type="stmt"/>
        <line num="522" count="0" type="stmt"/>
        <line num="523" count="0" type="stmt"/>
        <line num="525" count="0" type="stmt"/>
        <line num="527" count="0" type="stmt"/>
        <line num="539" count="1" type="stmt"/>
        <line num="546" count="0" type="cond" truecount="0" falsecount="5"/>
        <line num="547" count="0" type="cond" truecount="0" falsecount="1"/>
        <line num="548" count="0" type="stmt"/>
        <line num="551" count="0" type="stmt"/>
        <line num="552" count="0" type="stmt"/>
        <line num="554" count="0" type="stmt"/>
        <line num="557" count="0" type="stmt"/>
        <line num="558" count="0" type="stmt"/>
        <line num="559" count="0" type="stmt"/>
        <line num="562" count="0" type="stmt"/>
        <line num="572" count="1" type="stmt"/>
        <line num="573" count="1" type="stmt"/>
        <line num="577" count="1" type="cond" truecount="1" falsecount="0"/>
        <line num="585" count="1" type="stmt"/>
        <line num="586" count="0" type="cond" truecount="0" falsecount="2"/>
        <line num="600" count="1" type="stmt"/>
        <line num="611" count="1" type="cond" truecount="3" falsecount="2"/>
        <line num="612" count="0" type="stmt"/>
        <line num="613" count="1" type="stmt"/>
        <line num="616" count="0" type="cond" truecount="9" falsecount="3"/>
        <line num="618" count="0" type="cond" truecount="6" falsecount="2"/>
        <line num="620" count="1" type="cond" truecount="3" falsecount="1"/>
        <line num="621" count="1" type="stmt"/>
        <line num="628" count="1" type="stmt"/>
        <line num="632" count="1" type="stmt"/>
        <line num="633" count="1" type="stmt"/>
        <line num="643" count="1" type="stmt"/>
        <line num="644" count="0" type="stmt"/>
        <line num="648" count="0" type="stmt"/>
        <line num="649" count="0" type="stmt"/>
        <line num="657" count="1" type="stmt"/>
        <line num="658" count="0" type="cond" truecount="0" falsecount="1"/>
        <line num="659" count="0" type="stmt"/>
        <line num="671" count="1" type="stmt"/>
        <line num="679" count="0" type="cond" truecount="0" falsecount="5"/>
        <line num="680" count="0" type="stmt"/>
        <line num="685" count="0" type="stmt"/>
        <line num="690" count="0" type="stmt"/>
        <line num="692" count="0" type="stmt"/>
        <line num="711" count="1" type="stmt"/>
        <line num="720" count="0" type="cond" truecount="0" falsecount="1"/>
        <line num="721" count="0" type="stmt"/>
        <line num="723" count="0" type="cond" truecount="0" falsecount="2"/>
        <line num="737" count="1" type="stmt"/>
        <line num="746" count="0" type="stmt"/>
        <line num="747" count="0" type="stmt"/>
        <line num="748" count="0" type="stmt"/>
        <line num="749" count="0" type="stmt"/>
        <line num="750" count="0" type="stmt"/>
        <line num="766" count="1" type="stmt"/>
        <line num="778" count="0" type="stmt"/>
        <line num="779" count="0" type="cond" truecount="0" falsecount="8"/>
        <line num="780" count="0" type="stmt"/>
        <line num="782" count="0" type="stmt"/>
        <line num="788" count="0" type="cond" truecount="0" falsecount="3"/>
        <line num="789" count="0" type="stmt"/>
        <line num="791" count="0" type="stmt"/>
        <line num="798" count="0" type="cond" truecount="0" falsecount="1"/>
        <line num="799" count="0" type="stmt"/>
        <line num="801" count="0" type="stmt"/>
        <line num="809" count="0" type="stmt"/>
        <line num="813" count="0" type="stmt"/>
        <line num="823" count="0" type="stmt"/>
        <line num="827" count="0" type="stmt"/>
        <line num="834" count="1" type="stmt"/>
        <line num="835" count="0" type="stmt"/>
        <line num="836" count="0" type="stmt"/>
        <line num="837" count="0" type="stmt"/>
        <line num="841" count="0" type="stmt"/>
        <line num="843" count="0" type="stmt"/>
        <line num="844" count="0" type="stmt"/>
        <line num="845" count="0" type="cond" truecount="0" falsecount="2"/>
        <line num="858" count="1" type="stmt"/>
        <line num="865" count="1" type="stmt"/>
        <line num="866" count="1" type="stmt"/>
        <line num="877" count="1" type="stmt"/>
        <line num="884" count="1" type="cond" truecount="1" falsecount="2"/>
        <line num="885" count="0" type="stmt"/>
        <line num="889" count="1" type="stmt"/>
        <line num="890" count="1" type="stmt"/>
        <line num="891" count="1" type="stmt"/>
        <line num="892" count="1" type="stmt"/>
        <line num="893" count="3" type="stmt"/>
        <line num="894" count="3" type="stmt"/>
        <line num="895" count="3" type="cond" truecount="1" falsecount="1"/>
        <line num="896" count="0" type="stmt"/>
        <line num="897" count="3" type="cond" truecount="2" falsecount="2"/>
        <line num="898" count="0" type="stmt"/>
        <line num="899" count="0" type="stmt"/>
        <line num="901" count="3" type="stmt"/>
        <line num="903" count="3" type="cond" truecount="1" falsecount="0"/>
        <line num="904" count="3" type="stmt"/>
        <line num="905" count="3" type="stmt"/>
        <line num="907" count="3" type="stmt"/>
        <line num="908" count="3" type="stmt"/>
        <line num="909" count="3" type="stmt"/>
        <line num="910" count="3" type="stmt"/>
        <line num="911" count="3" type="stmt"/>
        <line num="913" count="1" type="stmt"/>
        <line num="924" count="1" type="stmt"/>
        <line num="929" count="0" type="cond" truecount="0" falsecount="2"/>
        <line num="931" count="0" type="cond" truecount="0" falsecount="1"/>
        <line num="932" count="0" type="stmt"/>
        <line num="934" count="0" type="cond" truecount="0" falsecount="2"/>
        <line num="935" count="0" type="stmt"/>
        <line num="936" count="0" type="stmt"/>
        <line num="947" count="1" type="stmt"/>
        <line num="953" count="1" type="stmt"/>
        <line num="955" count="3" type="stmt"/>
        <line num="956" count="3" type="stmt"/>
        <line num="957" count="3" type="stmt"/>
        <line num="958" count="3" type="stmt"/>
        <line num="959" count="3" type="stmt"/>
        <line num="961" count="3" type="stmt"/>
        <line num="963" count="1" type="stmt"/>
        <line num="965" count="1" type="stmt"/>
      </file>
      <file name="base64.ts" path="/Users/cc/git/cashu-ts/src/base64.ts">
        <metrics statements="11" coveredstatements="2" conditionals="0" coveredconditionals="0" methods="6" coveredmethods="0"/>
        <line num="1" count="1" type="stmt"/>
        <line num="4" count="0" type="stmt"/>
        <line num="8" count="0" type="stmt"/>
        <line num="12" count="0" type="stmt"/>
        <line num="13" count="0" type="stmt"/>
        <line num="17" count="0" type="stmt"/>
        <line num="18" count="0" type="stmt"/>
        <line num="19" count="0" type="stmt"/>
        <line num="23" count="0" type="stmt"/>
        <line num="28" count="0" type="stmt"/>
        <line num="32" count="1" type="stmt"/>
      </file>
      <file name="cbor.ts" path="/Users/cc/git/cashu-ts/src/cbor.ts">
        <metrics statements="137" coveredstatements="2" conditionals="57" coveredconditionals="0" methods="18" coveredmethods="0"/>
        <line num="1" count="1" type="stmt"/>
        <line num="2" count="0" type="stmt"/>
        <line num="3" count="0" type="stmt"/>
        <line num="4" count="0" type="stmt"/>
        <line num="8" count="0" type="cond" truecount="0" falsecount="2"/>
        <line num="9" count="0" type="stmt"/>
        <line num="10" count="0" type="cond" truecount="0" falsecount="2"/>
        <line num="11" count="0" type="stmt"/>
        <line num="12" count="0" type="cond" truecount="0" falsecount="2"/>
        <line num="13" count="0" type="cond" truecount="0" falsecount="2"/>
        <line num="14" count="0" type="cond" truecount="0" falsecount="2"/>
        <line num="15" count="0" type="stmt"/>
        <line num="16" count="0" type="cond" truecount="0" falsecount="2"/>
        <line num="17" count="0" type="stmt"/>
        <line num="18" count="0" type="cond" truecount="0" falsecount="2"/>
        <line num="19" count="0" type="stmt"/>
        <line num="20" count="0" type="cond" truecount="0" falsecount="2"/>
        <line num="21" count="0" type="stmt"/>
        <line num="23" count="0" type="stmt"/>
        <line num="28" count="0" type="cond" truecount="0" falsecount="2"/>
        <line num="29" count="0" type="stmt"/>
        <line num="30" count="0" type="cond" truecount="0" falsecount="2"/>
        <line num="31" count="0" type="stmt"/>
        <line num="32" count="0" type="cond" truecount="0" falsecount="2"/>
        <line num="33" count="0" type="stmt"/>
        <line num="34" count="0" type="cond" truecount="0" falsecount="2"/>
        <line num="35" count="0" type="stmt"/>
        <line num="37" count="0" type="stmt"/>
        <line num="42" count="0" type="stmt"/>
        <line num="43" count="0" type="stmt"/>
        <line num="44" count="0" type="stmt"/>
        <line num="45" count="0" type="stmt"/>
        <line num="49" count="0" type="stmt"/>
        <line num="50" count="0" type="stmt"/>
        <line num="51" count="0" type="stmt"/>
        <line num="52" count="0" type="stmt"/>
        <line num="57" count="0" type="stmt"/>
        <line num="58" count="0" type="stmt"/>
        <line num="59" count="0" type="stmt"/>
        <line num="60" count="0" type="stmt"/>
        <line num="61" count="0" type="stmt"/>
        <line num="62" count="0" type="stmt"/>
        <line num="70" count="1" type="stmt"/>
        <line num="71" count="0" type="stmt"/>
        <line num="72" count="0" type="stmt"/>
        <line num="73" count="0" type="stmt"/>
        <line num="77" count="0" type="cond" truecount="0" falsecount="1"/>
        <line num="78" count="0" type="stmt"/>
        <line num="80" count="0" type="stmt"/>
        <line num="81" count="0" type="stmt"/>
        <line num="82" count="0" type="stmt"/>
        <line num="84" count="0" type="cond" truecount="0" falsecount="8"/>
        <line num="86" count="0" type="stmt"/>
        <line num="88" count="0" type="stmt"/>
        <line num="90" count="0" type="stmt"/>
        <line num="92" count="0" type="stmt"/>
        <line num="94" count="0" type="stmt"/>
        <line num="96" count="0" type="stmt"/>
        <line num="98" count="0" type="stmt"/>
        <line num="100" count="0" type="stmt"/>
        <line num="105" count="0" type="cond" truecount="0" falsecount="1"/>
        <line num="106" count="0" type="cond" truecount="0" falsecount="1"/>
        <line num="107" count="0" type="cond" truecount="0" falsecount="1"/>
        <line num="108" count="0" type="stmt"/>
        <line num="109" count="0" type="stmt"/>
        <line num="110" count="0" type="stmt"/>
        <line num="112" count="0" type="cond" truecount="0" falsecount="1"/>
        <line num="113" count="0" type="stmt"/>
        <line num="114" count="0" type="stmt"/>
        <line num="115" count="0" type="stmt"/>
        <line num="117" count="0" type="cond" truecount="0" falsecount="1"/>
        <line num="118" count="0" type="stmt"/>
        <line num="119" count="0" type="stmt"/>
        <line num="120" count="0" type="stmt"/>
        <line num="121" count="0" type="stmt"/>
        <line num="123" count="0" type="stmt"/>
        <line num="127" count="0" type="stmt"/>
        <line num="128" count="0" type="stmt"/>
        <line num="132" count="0" type="stmt"/>
        <line num="133" count="0" type="stmt"/>
        <line num="137" count="0" type="stmt"/>
        <line num="138" count="0" type="cond" truecount="0" falsecount="1"/>
        <line num="139" count="0" type="stmt"/>
        <line num="141" count="0" type="stmt"/>
        <line num="142" count="0" type="stmt"/>
        <line num="146" count="0" type="stmt"/>
        <line num="147" count="0" type="cond" truecount="0" falsecount="1"/>
        <line num="148" count="0" type="stmt"/>
        <line num="150" count="0" type="stmt"/>
        <line num="151" count="0" type="stmt"/>
        <line num="152" count="0" type="stmt"/>
        <line num="156" count="0" type="stmt"/>
        <line num="157" count="0" type="stmt"/>
        <line num="158" count="0" type="stmt"/>
        <line num="159" count="0" type="stmt"/>
        <line num="160" count="0" type="stmt"/>
        <line num="161" count="0" type="stmt"/>
        <line num="162" count="0" type="stmt"/>
        <line num="164" count="0" type="stmt"/>
        <line num="168" count="0" type="stmt"/>
        <line num="169" count="0" type="stmt"/>
        <line num="170" count="0" type="stmt"/>
        <line num="171" count="0" type="stmt"/>
        <line num="172" count="0" type="stmt"/>
        <line num="173" count="0" type="stmt"/>
        <line num="174" count="0" type="stmt"/>
        <line num="175" count="0" type="stmt"/>
        <line num="177" count="0" type="stmt"/>
        <line num="181" count="0" type="stmt"/>
        <line num="182" count="0" type="stmt"/>
        <line num="183" count="0" type="cond" truecount="0" falsecount="2"/>
        <line num="185" count="0" type="cond" truecount="0" falsecount="2"/>
        <line num="186" count="0" type="stmt"/>
        <line num="187" count="0" type="cond" truecount="0" falsecount="1"/>
        <line num="188" count="0" type="cond" truecount="0" falsecount="2"/>
        <line num="190" count="0" type="stmt"/>
        <line num="198" count="0" type="cond" truecount="0" falsecount="1"/>
        <line num="199" count="0" type="cond" truecount="0" falsecount="5"/>
        <line num="201" count="0" type="stmt"/>
        <line num="203" count="0" type="stmt"/>
        <line num="205" count="0" type="stmt"/>
        <line num="207" count="0" type="stmt"/>
        <line num="209" count="0" type="stmt"/>
        <line num="212" count="0" type="cond" truecount="0" falsecount="1"/>
        <line num="213" count="0" type="cond" truecount="0" falsecount="1"/>
        <line num="214" count="0" type="stmt"/>
        <line num="215" count="0" type="stmt"/>
        <line num="216" count="0" type="stmt"/>
        <line num="218" count="0" type="cond" truecount="0" falsecount="1"/>
        <line num="219" count="0" type="stmt"/>
        <line num="220" count="0" type="stmt"/>
        <line num="221" count="0" type="stmt"/>
        <line num="223" count="0" type="cond" truecount="0" falsecount="1"/>
        <line num="224" count="0" type="stmt"/>
        <line num="225" count="0" type="stmt"/>
        <line num="226" count="0" type="stmt"/>
        <line num="228" count="0" type="stmt"/>
      </file>
      <file name="request.ts" path="/Users/cc/git/cashu-ts/src/request.ts">
        <metrics statements="20" coveredstatements="15" conditionals="10" coveredconditionals="7" methods="4" coveredmethods="2"/>
        <line num="1" count="1" type="stmt"/>
        <line num="11" count="1" type="stmt"/>
        <line num="17" count="1" type="stmt"/>
        <line num="18" count="0" type="stmt"/>
        <line num="22" count="5" type="stmt"/>
        <line num="23" count="5" type="stmt"/>
        <line num="24" count="5" type="stmt"/>
        <line num="25" count="5" type="stmt"/>
        <line num="27" count="5" type="cond" truecount="2" falsecount="0"/>
        <line num="28" count="5" type="stmt"/>
        <line num="34" count="5" type="stmt"/>
        <line num="36" count="8" type="cond" truecount="1" falsecount="0"/>
        <line num="39" count="0" type="stmt"/>
        <line num="40" count="0" type="cond" truecount="0" falsecount="3"/>
        <line num="44" count="4" type="cond" truecount="1" falsecount="0"/>
        <line num="46" count="0" type="stmt"/>
        <line num="47" count="0" type="stmt"/>
        <line num="51" count="1" type="stmt"/>
        <line num="52" count="5" type="cond" truecount="1" falsecount="0"/>
        <line num="53" count="4" type="stmt"/>
      </file>
      <file name="utils.ts" path="/Users/cc/git/cashu-ts/src/utils.ts">
        <metrics statements="102" coveredstatements="35" conditionals="26" coveredconditionals="1" methods="42" coveredmethods="12"/>
        <line num="1" count="1" type="stmt"/>
        <line num="11" count="1" type="stmt"/>
        <line num="12" count="1" type="stmt"/>
        <line num="13" count="1" type="stmt"/>
        <line num="14" count="1" type="stmt"/>
        <line num="22" count="1" type="stmt"/>
        <line num="23" count="1" type="cond" truecount="0" falsecount="1"/>
        <line num="24" count="0" type="cond" truecount="0" falsecount="1"/>
        <line num="25" count="0" type="stmt"/>
        <line num="26" count="0" type="stmt"/>
        <line num="29" count="0" type="stmt"/>
        <line num="30" count="0" type="stmt"/>
        <line num="33" count="0" type="stmt"/>
        <line num="36" count="1" type="stmt"/>
        <line num="37" count="1" type="stmt"/>
        <line num="38" count="64" type="stmt"/>
        <line num="39" count="64" type="stmt"/>
        <line num="40" count="64" type="stmt"/>
        <line num="42" count="2" type="cond" truecount="1" falsecount="1"/>
        <line num="53" count="0" type="stmt"/>
        <line num="54" count="0" type="stmt"/>
        <line num="55" count="0" type="stmt"/>
        <line num="56" count="0" type="stmt"/>
        <line num="57" count="0" type="stmt"/>
        <line num="58" count="0" type="stmt"/>
        <line num="59" count="0" type="stmt"/>
        <line num="61" count="0" type="stmt"/>
        <line num="65" count="0" type="cond" truecount="0" falsecount="2"/>
        <line num="68" count="1" type="stmt"/>
        <line num="69" count="64" type="stmt"/>
        <line num="70" count="63" type="stmt"/>
        <line num="74" count="0" type="stmt"/>
        <line num="78" count="0" type="stmt"/>
        <line num="79" count="0" type="stmt"/>
        <line num="80" count="0" type="cond" truecount="0" falsecount="1"/>
        <line num="81" count="0" type="stmt"/>
        <line num="83" count="0" type="stmt"/>
        <line num="85" count="0" type="stmt"/>
        <line num="89" count="0" type="stmt"/>
        <line num="90" count="0" type="cond" truecount="0" falsecount="4"/>
        <line num="91" count="0" type="stmt"/>
        <line num="92" count="0" type="stmt"/>
        <line num="95" count="0" type="stmt"/>
        <line num="98" count="0" type="stmt"/>
        <line num="102" count="0" type="stmt"/>
        <line num="107" count="0" type="cond" truecount="0" falsecount="2"/>
        <line num="116" count="0" type="stmt"/>
        <line num="126" count="0" type="stmt"/>
        <line num="127" count="0" type="stmt"/>
        <line num="128" count="0" type="cond" truecount="0" falsecount="1"/>
        <line num="129" count="0" type="stmt"/>
        <line num="131" count="0" type="stmt"/>
        <line num="133" count="0" type="stmt"/>
        <line num="141" count="0" type="stmt"/>
        <line num="142" count="0" type="stmt"/>
        <line num="143" count="0" type="cond" truecount="0" falsecount="2"/>
        <line num="144" count="0" type="stmt"/>
        <line num="145" count="0" type="cond" truecount="0" falsecount="1"/>
        <line num="146" count="0" type="stmt"/>
        <line num="147" count="0" type="stmt"/>
        <line num="152" count="0" type="stmt"/>
        <line num="153" count="0" type="stmt"/>
        <line num="154" count="0" type="stmt"/>
        <line num="155" count="0" type="stmt"/>
        <line num="163" count="0" type="cond" truecount="0" falsecount="2"/>
        <line num="165" count="0" type="stmt"/>
        <line num="172" count="1" type="stmt"/>
        <line num="173" count="0" type="stmt"/>
        <line num="174" count="0" type="stmt"/>
        <line num="175" count="0" type="stmt"/>
        <line num="176" count="0" type="stmt"/>
        <line num="177" count="0" type="stmt"/>
        <line num="178" count="0" type="stmt"/>
        <line num="179" count="0" type="stmt"/>
        <line num="184" count="0" type="stmt"/>
        <line num="185" count="0" type="stmt"/>
        <line num="186" count="0" type="stmt"/>
        <line num="187" count="0" type="stmt"/>
        <line num="190" count="1" type="stmt"/>
        <line num="191" count="0" type="stmt"/>
        <line num="194" count="1" type="stmt"/>
        <line num="195" count="2" type="stmt"/>
        <line num="198" count="1" type="stmt"/>
        <line num="199" count="0" type="cond" truecount="0" falsecount="1"/>
        <line num="200" count="0" type="cond" truecount="0" falsecount="3"/>
        <line num="201" count="0" type="stmt"/>
        <line num="203" count="0" type="cond" truecount="0" falsecount="3"/>
        <line num="204" count="0" type="stmt"/>
        <line num="208" count="21" type="stmt"/>
        <line num="209" count="11" type="stmt"/>
        <line num="212" count="1" type="stmt"/>
        <line num="213" count="1" type="stmt"/>
        <line num="216" count="1" type="stmt"/>
        <line num="217" count="25" type="stmt"/>
        <line num="221" count="1" type="stmt"/>
        <line num="222" count="1" type="stmt"/>
        <line num="223" count="1" type="stmt"/>
        <line num="224" count="1" type="stmt"/>
        <line num="225" count="1" type="stmt"/>
        <line num="226" count="1" type="stmt"/>
        <line num="227" count="1" type="stmt"/>
        <line num="228" count="1" type="stmt"/>
      </file>
    </package>
    <package name="src.legacy">
      <metrics statements="22" coveredstatements="7" conditionals="24" coveredconditionals="0" methods="4" coveredmethods="1"/>
      <file name="nut-04.ts" path="/Users/cc/git/cashu-ts/src/legacy/nut-04.ts">
        <metrics statements="7" coveredstatements="4" conditionals="4" coveredconditionals="0" methods="1" coveredmethods="1"/>
        <line num="2" count="1" type="stmt"/>
        <line num="8" count="1" type="stmt"/>
        <line num="12" count="1" type="cond" truecount="0" falsecount="1"/>
        <line num="13" count="0" type="stmt"/>
        <line num="16" count="0" type="cond" truecount="0" falsecount="1"/>
        <line num="17" count="0" type="cond" truecount="0" falsecount="2"/>
        <line num="20" count="1" type="stmt"/>
      </file>
      <file name="nut-05.ts" path="/Users/cc/git/cashu-ts/src/legacy/nut-05.ts">
        <metrics statements="7" coveredstatements="2" conditionals="4" coveredconditionals="0" methods="1" coveredmethods="0"/>
        <line num="2" count="1" type="stmt"/>
        <line num="8" count="1" type="stmt"/>
        <line num="12" count="0" type="cond" truecount="0" falsecount="1"/>
        <line num="13" count="0" type="stmt"/>
        <line num="16" count="0" type="cond" truecount="0" falsecount="1"/>
        <line num="17" count="0" type="cond" truecount="0" falsecount="2"/>
        <line num="20" count="0" type="stmt"/>
      </file>
      <file name="nut-06.ts" path="/Users/cc/git/cashu-ts/src/legacy/nut-06.ts">
        <metrics statements="8" coveredstatements="1" conditionals="16" coveredconditionals="0" methods="2" coveredmethods="0"/>
        <line num="3" count="1" type="stmt"/>
        <line num="6" count="0" type="cond" truecount="0" falsecount="11"/>
        <line num="7" count="0" type="stmt"/>
        <line num="8" count="0" type="cond" truecount="0" falsecount="1"/>
        <line num="14" count="0" type="stmt"/>
        <line num="17" count="0" type="stmt"/>
        <line num="19" count="0" type="stmt"/>
        <line num="22" count="0" type="stmt"/>
      </file>
    </package>
    <package name="src.model">
      <metrics statements="12" coveredstatements="10" conditionals="2" coveredconditionals="0" methods="5" coveredmethods="4"/>
      <file name="BlindedMessage.ts" path="/Users/cc/git/cashu-ts/src/model/BlindedMessage.ts">
        <metrics statements="8" coveredstatements="8" conditionals="0" coveredconditionals="0" methods="3" coveredmethods="3"/>
        <line num="4" count="1" type="stmt"/>
        <line num="9" count="3" type="stmt"/>
        <line num="10" count="3" type="stmt"/>
        <line num="11" count="3" type="stmt"/>
        <line num="13" count="1" type="stmt"/>
        <line num="14" count="3" type="stmt"/>
        <line num="16" count="1" type="stmt"/>
        <line num="17" count="1" type="stmt"/>
      </file>
      <file name="Errors.ts" path="/Users/cc/git/cashu-ts/src/model/Errors.ts">
        <metrics statements="4" coveredstatements="2" conditionals="2" coveredconditionals="0" methods="2" coveredmethods="1"/>
        <line num="1" count="1" type="stmt"/>
        <line num="4" count="0" type="cond" truecount="0" falsecount="2"/>
        <line num="5" count="0" type="stmt"/>
        <line num="7" count="1" type="stmt"/>
      </file>
    </package>
    <package name="src.model.types">
      <metrics statements="12" coveredstatements="12" conditionals="6" coveredconditionals="6" methods="3" coveredmethods="3"/>
      <file name="index.ts" path="/Users/cc/git/cashu-ts/src/model/types/index.ts">
        <metrics statements="12" coveredstatements="12" conditionals="6" coveredconditionals="6" methods="3" coveredmethods="3"/>
        <line num="153" count="1" type="cond" truecount="2" falsecount="0"/>
        <line num="154" count="1" type="stmt"/>
        <line num="155" count="1" type="stmt"/>
        <line num="156" count="1" type="stmt"/>
        <line num="284" count="1" type="cond" truecount="2" falsecount="0"/>
        <line num="285" count="1" type="stmt"/>
        <line num="286" count="1" type="stmt"/>
        <line num="287" count="1" type="stmt"/>
        <line num="345" count="1" type="cond" truecount="2" falsecount="0"/>
        <line num="346" count="1" type="stmt"/>
        <line num="347" count="1" type="stmt"/>
        <line num="348" count="1" type="stmt"/>
      </file>
    </package>
    <package name="src.utils">
      <metrics statements="3" coveredstatements="3" conditionals="0" coveredconditionals="0" methods="0" coveredmethods="0"/>
      <file name="Constants.ts" path="/Users/cc/git/cashu-ts/src/utils/Constants.ts">
        <metrics statements="3" coveredstatements="3" conditionals="0" coveredconditionals="0" methods="0" coveredmethods="0"/>
        <line num="4" count="1" type="stmt"/>
        <line num="5" count="1" type="stmt"/>
        <line num="7" count="1" type="stmt"/>
      </file>
    </package>
  </project>
</coverage>
