{"/Users/cc/git/cashu-ts/src/CashuMint.ts": {"path":"/Users/cc/git/cashu-ts/src/CashuMint.ts","statementMap":{"0":{"start":{"line":21,"column":0},"end":{"line":21,"column":56}},"1":{"start":{"line":22,"column":0},"end":{"line":22,"column":35}},"2":{"start":{"line":23,"column":0},"end":{"line":23,"column":58}},"3":{"start":{"line":24,"column":0},"end":{"line":24,"column":null}},"4":{"start":{"line":28,"column":0},"end":{"line":28,"column":null}},"5":{"start":{"line":32,"column":0},"end":{"line":32,"column":74}},"6":{"start":{"line":36,"column":0},"end":{"line":36,"column":null}},"7":{"start":{"line":41,"column":21},"end":{"line":41,"column":37}},"8":{"start":{"line":41,"column":47},"end":{"line":41,"column":78}},"9":{"start":{"line":42,"column":2},"end":{"line":42,"column":40}},"10":{"start":{"line":43,"column":2},"end":{"line":43,"column":39}},"11":{"start":{"line":46,"column":1},"end":{"line":48,"column":null}},"12":{"start":{"line":47,"column":2},"end":{"line":47,"column":23}},"13":{"start":{"line":55,"column":21},"end":{"line":62,"column":null}},"14":{"start":{"line":56,"column":8},"end":{"line":56,"column":51}},"15":{"start":{"line":57,"column":19},"end":{"line":59,"column":null}},"16":{"start":{"line":57,"column":8},"end":{"line":59,"column":null}},"17":{"start":{"line":60,"column":8},"end":{"line":60,"column":62}},"18":{"start":{"line":61,"column":2},"end":{"line":61,"column":14}},"19":{"start":{"line":66,"column":7},"end":{"line":68,"column":null}},"20":{"start":{"line":67,"column":2},"end":{"line":67,"column":63}},"21":{"start":{"line":77,"column":21},"end":{"line":94,"column":null}},"22":{"start":{"line":82,"column":8},"end":{"line":82,"column":51}},"23":{"start":{"line":83,"column":15},"end":{"line":87,"column":null}},"24":{"start":{"line":83,"column":8},"end":{"line":87,"column":null}},"25":{"start":{"line":89,"column":2},"end":{"line":91,"column":null}},"26":{"start":{"line":90,"column":3},"end":{"line":90,"column":50}},"27":{"start":{"line":93,"column":2},"end":{"line":93,"column":14}},"28":{"start":{"line":100,"column":7},"end":{"line":102,"column":null}},"29":{"start":{"line":101,"column":2},"end":{"line":101,"column":74}},"30":{"start":{"line":111,"column":21},"end":{"line":124,"column":null}},"31":{"start":{"line":116,"column":8},"end":{"line":116,"column":51}},"32":{"start":{"line":117,"column":19},"end":{"line":121,"column":null}},"33":{"start":{"line":117,"column":8},"end":{"line":121,"column":null}},"34":{"start":{"line":122,"column":8},"end":{"line":122,"column":59}},"35":{"start":{"line":123,"column":2},"end":{"line":123,"column":14}},"36":{"start":{"line":130,"column":7},"end":{"line":132,"column":null}},"37":{"start":{"line":131,"column":2},"end":{"line":131,"column":89}},"38":{"start":{"line":141,"column":21},"end":{"line":154,"column":null}},"39":{"start":{"line":146,"column":8},"end":{"line":146,"column":51}},"40":{"start":{"line":147,"column":19},"end":{"line":150,"column":null}},"41":{"start":{"line":147,"column":8},"end":{"line":150,"column":null}},"42":{"start":{"line":152,"column":8},"end":{"line":152,"column":59}},"43":{"start":{"line":153,"column":2},"end":{"line":153,"column":14}},"44":{"start":{"line":160,"column":7},"end":{"line":162,"column":null}},"45":{"start":{"line":161,"column":2},"end":{"line":161,"column":77}},"46":{"start":{"line":171,"column":21},"end":{"line":188,"column":null}},"47":{"start":{"line":176,"column":8},"end":{"line":176,"column":51}},"48":{"start":{"line":177,"column":15},"end":{"line":181,"column":null}},"49":{"start":{"line":177,"column":8},"end":{"line":181,"column":null}},"50":{"start":{"line":183,"column":2},"end":{"line":185,"column":null}},"51":{"start":{"line":184,"column":3},"end":{"line":184,"column":35}},"52":{"start":{"line":187,"column":2},"end":{"line":187,"column":14}},"53":{"start":{"line":194,"column":7},"end":{"line":196,"column":null}},"54":{"start":{"line":195,"column":2},"end":{"line":195,"column":73}},"55":{"start":{"line":204,"column":21},"end":{"line":227,"column":null}},"56":{"start":{"line":209,"column":8},"end":{"line":209,"column":51}},"57":{"start":{"line":210,"column":19},"end":{"line":214,"column":null}},"58":{"start":{"line":210,"column":8},"end":{"line":214,"column":null}},"59":{"start":{"line":216,"column":8},"end":{"line":216,"column":59}},"60":{"start":{"line":218,"column":2},"end":{"line":225,"column":null}},"61":{"start":{"line":224,"column":3},"end":{"line":224,"column":35}},"62":{"start":{"line":226,"column":2},"end":{"line":226,"column":14}},"63":{"start":{"line":233,"column":7},"end":{"line":235,"column":null}},"64":{"start":{"line":234,"column":2},"end":{"line":234,"column":89}},"65":{"start":{"line":243,"column":21},"end":{"line":268,"column":null}},"66":{"start":{"line":248,"column":8},"end":{"line":248,"column":51}},"67":{"start":{"line":249,"column":19},"end":{"line":252,"column":null}},"68":{"start":{"line":249,"column":8},"end":{"line":252,"column":null}},"69":{"start":{"line":254,"column":8},"end":{"line":254,"column":59}},"70":{"start":{"line":256,"column":2},"end":{"line":265,"column":null}},"71":{"start":{"line":264,"column":3},"end":{"line":264,"column":35}},"72":{"start":{"line":267,"column":2},"end":{"line":267,"column":14}},"73":{"start":{"line":274,"column":7},"end":{"line":276,"column":null}},"74":{"start":{"line":275,"column":2},"end":{"line":275,"column":77}},"75":{"start":{"line":285,"column":21},"end":{"line":308,"column":null}},"76":{"start":{"line":290,"column":8},"end":{"line":290,"column":51}},"77":{"start":{"line":291,"column":19},"end":{"line":295,"column":null}},"78":{"start":{"line":291,"column":8},"end":{"line":295,"column":null}},"79":{"start":{"line":297,"column":8},"end":{"line":297,"column":59}},"80":{"start":{"line":299,"column":2},"end":{"line":305,"column":null}},"81":{"start":{"line":304,"column":3},"end":{"line":304,"column":35}},"82":{"start":{"line":307,"column":2},"end":{"line":307,"column":14}},"83":{"start":{"line":314,"column":7},"end":{"line":316,"column":null}},"84":{"start":{"line":315,"column":2},"end":{"line":315,"column":73}},"85":{"start":{"line":324,"column":21},"end":{"line":341,"column":null}},"86":{"start":{"line":329,"column":8},"end":{"line":329,"column":51}},"87":{"start":{"line":330,"column":15},"end":{"line":334,"column":null}},"88":{"start":{"line":330,"column":8},"end":{"line":334,"column":null}},"89":{"start":{"line":336,"column":2},"end":{"line":338,"column":null}},"90":{"start":{"line":337,"column":3},"end":{"line":337,"column":35}},"91":{"start":{"line":340,"column":2},"end":{"line":340,"column":14}},"92":{"start":{"line":350,"column":21},"end":{"line":370,"column":null}},"93":{"start":{"line":356,"column":2},"end":{"line":359,"column":null}},"94":{"start":{"line":358,"column":3},"end":{"line":358,"column":63}},"95":{"start":{"line":360,"column":8},"end":{"line":360,"column":51}},"96":{"start":{"line":361,"column":15},"end":{"line":363,"column":null}},"97":{"start":{"line":361,"column":8},"end":{"line":363,"column":null}},"98":{"start":{"line":365,"column":2},"end":{"line":367,"column":null}},"99":{"start":{"line":366,"column":3},"end":{"line":366,"column":35}},"100":{"start":{"line":369,"column":2},"end":{"line":369,"column":14}},"101":{"start":{"line":376,"column":7},"end":{"line":383,"column":null}},"102":{"start":{"line":377,"column":18},"end":{"line":381,"column":null}},"103":{"start":{"line":377,"column":8},"end":{"line":381,"column":null}},"104":{"start":{"line":382,"column":2},"end":{"line":382,"column":17}},"105":{"start":{"line":390,"column":21},"end":{"line":396,"column":null}},"106":{"start":{"line":394,"column":8},"end":{"line":394,"column":51}},"107":{"start":{"line":395,"column":2},"end":{"line":395,"column":89}},"108":{"start":{"line":402,"column":7},"end":{"line":404,"column":null}},"109":{"start":{"line":403,"column":2},"end":{"line":403,"column":66}},"110":{"start":{"line":411,"column":7},"end":{"line":413,"column":null}},"111":{"start":{"line":412,"column":2},"end":{"line":412,"column":75}},"112":{"start":{"line":415,"column":21},"end":{"line":432,"column":null}},"113":{"start":{"line":420,"column":8},"end":{"line":420,"column":51}},"114":{"start":{"line":421,"column":15},"end":{"line":425,"column":null}},"115":{"start":{"line":421,"column":8},"end":{"line":425,"column":null}},"116":{"start":{"line":427,"column":2},"end":{"line":429,"column":null}},"117":{"start":{"line":428,"column":3},"end":{"line":428,"column":35}},"118":{"start":{"line":431,"column":2},"end":{"line":431,"column":14}},"119":{"start":{"line":434,"column":7},"end":{"line":438,"column":null}},"120":{"start":{"line":437,"column":2},"end":{"line":437,"column":79}},"121":{"start":{"line":439,"column":0},"end":{"line":439,"column":null}},"122":{"start":{"line":441,"column":9},"end":{"line":441,"column":18}}},"fnMap":{"0":{"name":"(anonymous_14)","decl":{"start":{"line":36,"column":0},"end":{"line":36,"column":null}},"loc":{"start":{"line":36,"column":0},"end":{"line":439,"column":null}}},"1":{"name":"CashuMint","decl":{"start":{"line":41,"column":1},"end":{"line":41,"column":21}},"loc":{"start":{"line":41,"column":78},"end":{"line":44,"column":2}}},"2":{"name":"(anonymous_16)","decl":{"start":{"line":46,"column":1},"end":{"line":46,"column":5}},"loc":{"start":{"line":46,"column":1},"end":{"line":48,"column":2}}},"3":{"name":"(anonymous_17)","decl":{"start":{"line":55,"column":1},"end":{"line":55,"column":21}},"loc":{"start":{"line":55,"column":76},"end":{"line":62,"column":null}}},"4":{"name":"(anonymous_20)","decl":{"start":{"line":66,"column":1},"end":{"line":66,"column":7}},"loc":{"start":{"line":66,"column":1},"end":{"line":68,"column":null}}},"5":{"name":"(anonymous_23)","decl":{"start":{"line":77,"column":1},"end":{"line":77,"column":21}},"loc":{"start":{"line":80,"column":32},"end":{"line":94,"column":null}}},"6":{"name":"(anonymous_26)","decl":{"start":{"line":100,"column":1},"end":{"line":100,"column":7}},"loc":{"start":{"line":100,"column":37},"end":{"line":102,"column":null}}},"7":{"name":"(anonymous_29)","decl":{"start":{"line":111,"column":1},"end":{"line":111,"column":21}},"loc":{"start":{"line":114,"column":32},"end":{"line":124,"column":null}}},"8":{"name":"(anonymous_32)","decl":{"start":{"line":130,"column":1},"end":{"line":130,"column":7}},"loc":{"start":{"line":130,"column":57},"end":{"line":132,"column":null}}},"9":{"name":"(anonymous_35)","decl":{"start":{"line":141,"column":1},"end":{"line":141,"column":21}},"loc":{"start":{"line":144,"column":32},"end":{"line":154,"column":null}}},"10":{"name":"(anonymous_38)","decl":{"start":{"line":160,"column":1},"end":{"line":160,"column":7}},"loc":{"start":{"line":160,"column":35},"end":{"line":162,"column":null}}},"11":{"name":"(anonymous_41)","decl":{"start":{"line":171,"column":1},"end":{"line":171,"column":21}},"loc":{"start":{"line":174,"column":32},"end":{"line":188,"column":null}}},"12":{"name":"(anonymous_44)","decl":{"start":{"line":194,"column":1},"end":{"line":194,"column":7}},"loc":{"start":{"line":194,"column":36},"end":{"line":196,"column":null}}},"13":{"name":"(anonymous_47)","decl":{"start":{"line":204,"column":1},"end":{"line":204,"column":21}},"loc":{"start":{"line":207,"column":32},"end":{"line":227,"column":null}}},"14":{"name":"(anonymous_50)","decl":{"start":{"line":233,"column":1},"end":{"line":233,"column":7}},"loc":{"start":{"line":233,"column":57},"end":{"line":235,"column":null}}},"15":{"name":"(anonymous_53)","decl":{"start":{"line":243,"column":1},"end":{"line":243,"column":21}},"loc":{"start":{"line":246,"column":32},"end":{"line":268,"column":null}}},"16":{"name":"(anonymous_56)","decl":{"start":{"line":274,"column":1},"end":{"line":274,"column":7}},"loc":{"start":{"line":274,"column":35},"end":{"line":276,"column":null}}},"17":{"name":"(anonymous_59)","decl":{"start":{"line":285,"column":1},"end":{"line":285,"column":21}},"loc":{"start":{"line":288,"column":32},"end":{"line":308,"column":null}}},"18":{"name":"(anonymous_62)","decl":{"start":{"line":314,"column":1},"end":{"line":314,"column":7}},"loc":{"start":{"line":314,"column":36},"end":{"line":316,"column":null}}},"19":{"name":"(anonymous_65)","decl":{"start":{"line":324,"column":1},"end":{"line":324,"column":21}},"loc":{"start":{"line":327,"column":32},"end":{"line":341,"column":null}}},"20":{"name":"(anonymous_68)","decl":{"start":{"line":350,"column":1},"end":{"line":350,"column":21}},"loc":{"start":{"line":353,"column":32},"end":{"line":370,"column":null}}},"21":{"name":"(anonymous_71)","decl":{"start":{"line":376,"column":1},"end":{"line":376,"column":7}},"loc":{"start":{"line":376,"column":50},"end":{"line":383,"column":null}}},"22":{"name":"(anonymous_74)","decl":{"start":{"line":390,"column":1},"end":{"line":390,"column":21}},"loc":{"start":{"line":392,"column":32},"end":{"line":396,"column":null}}},"23":{"name":"(anonymous_77)","decl":{"start":{"line":402,"column":1},"end":{"line":402,"column":7}},"loc":{"start":{"line":402,"column":1},"end":{"line":404,"column":null}}},"24":{"name":"(anonymous_80)","decl":{"start":{"line":411,"column":1},"end":{"line":411,"column":7}},"loc":{"start":{"line":411,"column":44},"end":{"line":413,"column":null}}},"25":{"name":"(anonymous_83)","decl":{"start":{"line":415,"column":1},"end":{"line":415,"column":21}},"loc":{"start":{"line":418,"column":32},"end":{"line":432,"column":null}}},"26":{"name":"(anonymous_86)","decl":{"start":{"line":434,"column":1},"end":{"line":434,"column":7}},"loc":{"start":{"line":436,"column":2},"end":{"line":438,"column":null}}}},"branchMap":{"0":{"loc":{"start":{"line":56,"column":26},"end":{"line":56,"column":50}},"type":"binary-expr","locations":[{"start":{"line":56,"column":26},"end":{"line":56,"column":39}},{"start":{"line":56,"column":43},"end":{"line":56,"column":50}}]},"1":{"loc":{"start":{"line":82,"column":26},"end":{"line":82,"column":50}},"type":"binary-expr","locations":[{"start":{"line":82,"column":26},"end":{"line":82,"column":39}},{"start":{"line":82,"column":43},"end":{"line":82,"column":50}}]},"2":{"loc":{"start":{"line":89,"column":2},"end":{"line":91,"column":null}},"type":"if","locations":[{"start":{"line":89,"column":2},"end":{"line":91,"column":null}}]},"3":{"loc":{"start":{"line":89,"column":6},"end":{"line":89,"column":54}},"type":"binary-expr","locations":[{"start":{"line":89,"column":6},"end":{"line":89,"column":18}},{"start":{"line":89,"column":22},"end":{"line":89,"column":54}}]},"4":{"loc":{"start":{"line":89,"column":37},"end":{"line":89,"column":53}},"type":"cond-expr","locations":[{"start":{"line":89,"column":41},"end":{"line":89,"column":43}},{"start":{"line":89,"column":37},"end":{"line":89,"column":53}}]},"5":{"loc":{"start":{"line":89,"column":37},"end":{"line":89,"column":43}},"type":"binary-expr","locations":[{"start":{"line":89,"column":37},"end":{"line":89,"column":43}},{"start":{"line":89,"column":37},"end":{"line":89,"column":43}}]},"6":{"loc":{"start":{"line":90,"column":19},"end":{"line":90,"column":48}},"type":"cond-expr","locations":[{"start":{"line":90,"column":30},"end":{"line":90,"column":34}},{"start":{"line":90,"column":34},"end":{"line":90,"column":48}}]},"7":{"loc":{"start":{"line":90,"column":19},"end":{"line":90,"column":34}},"type":"binary-expr","locations":[{"start":{"line":90,"column":19},"end":{"line":90,"column":34}},{"start":{"line":90,"column":30},"end":{"line":90,"column":34}}]},"8":{"loc":{"start":{"line":116,"column":26},"end":{"line":116,"column":50}},"type":"binary-expr","locations":[{"start":{"line":116,"column":26},"end":{"line":116,"column":39}},{"start":{"line":116,"column":43},"end":{"line":116,"column":50}}]},"9":{"loc":{"start":{"line":146,"column":26},"end":{"line":146,"column":50}},"type":"binary-expr","locations":[{"start":{"line":146,"column":26},"end":{"line":146,"column":39}},{"start":{"line":146,"column":43},"end":{"line":146,"column":50}}]},"10":{"loc":{"start":{"line":176,"column":26},"end":{"line":176,"column":50}},"type":"binary-expr","locations":[{"start":{"line":176,"column":26},"end":{"line":176,"column":39}},{"start":{"line":176,"column":43},"end":{"line":176,"column":50}}]},"11":{"loc":{"start":{"line":183,"column":2},"end":{"line":185,"column":null}},"type":"if","locations":[{"start":{"line":183,"column":2},"end":{"line":185,"column":null}}]},"12":{"loc":{"start":{"line":183,"column":6},"end":{"line":183,"column":54}},"type":"binary-expr","locations":[{"start":{"line":183,"column":6},"end":{"line":183,"column":18}},{"start":{"line":183,"column":22},"end":{"line":183,"column":54}}]},"13":{"loc":{"start":{"line":183,"column":37},"end":{"line":183,"column":53}},"type":"cond-expr","locations":[{"start":{"line":183,"column":41},"end":{"line":183,"column":43}},{"start":{"line":183,"column":37},"end":{"line":183,"column":53}}]},"14":{"loc":{"start":{"line":183,"column":37},"end":{"line":183,"column":43}},"type":"binary-expr","locations":[{"start":{"line":183,"column":37},"end":{"line":183,"column":43}},{"start":{"line":183,"column":37},"end":{"line":183,"column":43}}]},"15":{"loc":{"start":{"line":209,"column":26},"end":{"line":209,"column":50}},"type":"binary-expr","locations":[{"start":{"line":209,"column":26},"end":{"line":209,"column":39}},{"start":{"line":209,"column":43},"end":{"line":209,"column":50}}]},"16":{"loc":{"start":{"line":218,"column":2},"end":{"line":225,"column":null}},"type":"if","locations":[{"start":{"line":218,"column":2},"end":{"line":225,"column":null}}]},"17":{"loc":{"start":{"line":219,"column":3},"end":{"line":222,"column":34}},"type":"binary-expr","locations":[{"start":{"line":219,"column":3},"end":{"line":219,"column":15}},{"start":{"line":220,"column":3},"end":{"line":220,"column":35}},{"start":{"line":221,"column":3},"end":{"line":221,"column":40}},{"start":{"line":222,"column":3},"end":{"line":222,"column":34}}]},"18":{"loc":{"start":{"line":220,"column":10},"end":{"line":220,"column":22}},"type":"cond-expr","locations":[{"start":{"line":220,"column":14},"end":{"line":220,"column":16}},{"start":{"line":220,"column":10},"end":{"line":220,"column":22}}]},"19":{"loc":{"start":{"line":220,"column":10},"end":{"line":220,"column":16}},"type":"binary-expr","locations":[{"start":{"line":220,"column":10},"end":{"line":220,"column":16}},{"start":{"line":220,"column":10},"end":{"line":220,"column":16}}]},"20":{"loc":{"start":{"line":221,"column":10},"end":{"line":221,"column":27}},"type":"cond-expr","locations":[{"start":{"line":221,"column":14},"end":{"line":221,"column":16}},{"start":{"line":221,"column":10},"end":{"line":221,"column":27}}]},"21":{"loc":{"start":{"line":221,"column":10},"end":{"line":221,"column":16}},"type":"binary-expr","locations":[{"start":{"line":221,"column":10},"end":{"line":221,"column":16}},{"start":{"line":221,"column":10},"end":{"line":221,"column":16}}]},"22":{"loc":{"start":{"line":222,"column":10},"end":{"line":222,"column":21}},"type":"cond-expr","locations":[{"start":{"line":222,"column":14},"end":{"line":222,"column":16}},{"start":{"line":222,"column":10},"end":{"line":222,"column":21}}]},"23":{"loc":{"start":{"line":222,"column":10},"end":{"line":222,"column":16}},"type":"binary-expr","locations":[{"start":{"line":222,"column":10},"end":{"line":222,"column":16}},{"start":{"line":222,"column":10},"end":{"line":222,"column":16}}]},"24":{"loc":{"start":{"line":248,"column":26},"end":{"line":248,"column":50}},"type":"binary-expr","locations":[{"start":{"line":248,"column":26},"end":{"line":248,"column":39}},{"start":{"line":248,"column":43},"end":{"line":248,"column":50}}]},"25":{"loc":{"start":{"line":256,"column":2},"end":{"line":265,"column":null}},"type":"if","locations":[{"start":{"line":256,"column":2},"end":{"line":265,"column":null}}]},"26":{"loc":{"start":{"line":257,"column":3},"end":{"line":262,"column":54}},"type":"binary-expr","locations":[{"start":{"line":257,"column":3},"end":{"line":257,"column":15}},{"start":{"line":258,"column":3},"end":{"line":258,"column":35}},{"start":{"line":259,"column":3},"end":{"line":259,"column":40}},{"start":{"line":260,"column":3},"end":{"line":260,"column":34}},{"start":{"line":261,"column":3},"end":{"line":261,"column":34}},{"start":{"line":262,"column":3},"end":{"line":262,"column":54}}]},"27":{"loc":{"start":{"line":258,"column":10},"end":{"line":258,"column":22}},"type":"cond-expr","locations":[{"start":{"line":258,"column":14},"end":{"line":258,"column":16}},{"start":{"line":258,"column":10},"end":{"line":258,"column":22}}]},"28":{"loc":{"start":{"line":258,"column":10},"end":{"line":258,"column":16}},"type":"binary-expr","locations":[{"start":{"line":258,"column":10},"end":{"line":258,"column":16}},{"start":{"line":258,"column":10},"end":{"line":258,"column":16}}]},"29":{"loc":{"start":{"line":259,"column":10},"end":{"line":259,"column":27}},"type":"cond-expr","locations":[{"start":{"line":259,"column":14},"end":{"line":259,"column":16}},{"start":{"line":259,"column":10},"end":{"line":259,"column":27}}]},"30":{"loc":{"start":{"line":259,"column":10},"end":{"line":259,"column":16}},"type":"binary-expr","locations":[{"start":{"line":259,"column":10},"end":{"line":259,"column":16}},{"start":{"line":259,"column":10},"end":{"line":259,"column":16}}]},"31":{"loc":{"start":{"line":260,"column":10},"end":{"line":260,"column":21}},"type":"cond-expr","locations":[{"start":{"line":260,"column":14},"end":{"line":260,"column":16}},{"start":{"line":260,"column":10},"end":{"line":260,"column":21}}]},"32":{"loc":{"start":{"line":260,"column":10},"end":{"line":260,"column":16}},"type":"binary-expr","locations":[{"start":{"line":260,"column":10},"end":{"line":260,"column":16}},{"start":{"line":260,"column":10},"end":{"line":260,"column":16}}]},"33":{"loc":{"start":{"line":261,"column":10},"end":{"line":261,"column":21}},"type":"cond-expr","locations":[{"start":{"line":261,"column":14},"end":{"line":261,"column":16}},{"start":{"line":261,"column":10},"end":{"line":261,"column":21}}]},"34":{"loc":{"start":{"line":261,"column":10},"end":{"line":261,"column":16}},"type":"binary-expr","locations":[{"start":{"line":261,"column":10},"end":{"line":261,"column":16}},{"start":{"line":261,"column":10},"end":{"line":261,"column":16}}]},"35":{"loc":{"start":{"line":290,"column":26},"end":{"line":290,"column":50}},"type":"binary-expr","locations":[{"start":{"line":290,"column":26},"end":{"line":290,"column":39}},{"start":{"line":290,"column":43},"end":{"line":290,"column":50}}]},"36":{"loc":{"start":{"line":299,"column":2},"end":{"line":305,"column":null}},"type":"if","locations":[{"start":{"line":299,"column":2},"end":{"line":305,"column":null}}]},"37":{"loc":{"start":{"line":300,"column":3},"end":{"line":302,"column":54}},"type":"binary-expr","locations":[{"start":{"line":300,"column":3},"end":{"line":300,"column":15}},{"start":{"line":301,"column":3},"end":{"line":301,"column":34}},{"start":{"line":302,"column":3},"end":{"line":302,"column":54}}]},"38":{"loc":{"start":{"line":301,"column":10},"end":{"line":301,"column":21}},"type":"cond-expr","locations":[{"start":{"line":301,"column":14},"end":{"line":301,"column":16}},{"start":{"line":301,"column":10},"end":{"line":301,"column":21}}]},"39":{"loc":{"start":{"line":301,"column":10},"end":{"line":301,"column":16}},"type":"binary-expr","locations":[{"start":{"line":301,"column":10},"end":{"line":301,"column":16}},{"start":{"line":301,"column":10},"end":{"line":301,"column":16}}]},"40":{"loc":{"start":{"line":329,"column":26},"end":{"line":329,"column":50}},"type":"binary-expr","locations":[{"start":{"line":329,"column":26},"end":{"line":329,"column":39}},{"start":{"line":329,"column":43},"end":{"line":329,"column":50}}]},"41":{"loc":{"start":{"line":336,"column":2},"end":{"line":338,"column":null}},"type":"if","locations":[{"start":{"line":336,"column":2},"end":{"line":338,"column":null}}]},"42":{"loc":{"start":{"line":336,"column":6},"end":{"line":336,"column":50}},"type":"binary-expr","locations":[{"start":{"line":336,"column":6},"end":{"line":336,"column":18}},{"start":{"line":336,"column":22},"end":{"line":336,"column":50}}]},"43":{"loc":{"start":{"line":336,"column":37},"end":{"line":336,"column":49}},"type":"cond-expr","locations":[{"start":{"line":336,"column":41},"end":{"line":336,"column":43}},{"start":{"line":336,"column":37},"end":{"line":336,"column":49}}]},"44":{"loc":{"start":{"line":336,"column":37},"end":{"line":336,"column":43}},"type":"binary-expr","locations":[{"start":{"line":336,"column":37},"end":{"line":336,"column":43}},{"start":{"line":336,"column":37},"end":{"line":336,"column":43}}]},"45":{"loc":{"start":{"line":356,"column":2},"end":{"line":359,"column":null}},"type":"if","locations":[{"start":{"line":356,"column":2},"end":{"line":359,"column":null}}]},"46":{"loc":{"start":{"line":360,"column":26},"end":{"line":360,"column":50}},"type":"binary-expr","locations":[{"start":{"line":360,"column":26},"end":{"line":360,"column":39}},{"start":{"line":360,"column":43},"end":{"line":360,"column":50}}]},"47":{"loc":{"start":{"line":362,"column":13},"end":{"line":362,"column":95}},"type":"cond-expr","locations":[{"start":{"line":362,"column":24},"end":{"line":362,"column":63}},{"start":{"line":362,"column":66},"end":{"line":362,"column":95}}]},"48":{"loc":{"start":{"line":365,"column":2},"end":{"line":367,"column":null}},"type":"if","locations":[{"start":{"line":365,"column":2},"end":{"line":367,"column":null}}]},"49":{"loc":{"start":{"line":365,"column":6},"end":{"line":365,"column":50}},"type":"binary-expr","locations":[{"start":{"line":365,"column":6},"end":{"line":365,"column":18}},{"start":{"line":365,"column":22},"end":{"line":365,"column":50}}]},"50":{"loc":{"start":{"line":377,"column":18},"end":{"line":381,"column":null}},"type":"switch","locations":[{"start":{"line":377,"column":18},"end":{"line":381,"column":null}}]},"51":{"loc":{"start":{"line":378,"column":3},"end":{"line":378,"column":27}},"type":"binary-expr","locations":[{"start":{"line":378,"column":3},"end":{"line":378,"column":10}},{"start":{"line":378,"column":14},"end":{"line":378,"column":27}}]},"52":{"loc":{"start":{"line":394,"column":26},"end":{"line":394,"column":50}},"type":"binary-expr","locations":[{"start":{"line":394,"column":26},"end":{"line":394,"column":39}},{"start":{"line":394,"column":43},"end":{"line":394,"column":50}}]},"53":{"loc":{"start":{"line":420,"column":26},"end":{"line":420,"column":50}},"type":"binary-expr","locations":[{"start":{"line":420,"column":26},"end":{"line":420,"column":39}},{"start":{"line":420,"column":43},"end":{"line":420,"column":50}}]},"54":{"loc":{"start":{"line":427,"column":2},"end":{"line":429,"column":null}},"type":"if","locations":[{"start":{"line":427,"column":2},"end":{"line":429,"column":null}}]},"55":{"loc":{"start":{"line":427,"column":6},"end":{"line":427,"column":85}},"type":"binary-expr","locations":[{"start":{"line":427,"column":6},"end":{"line":427,"column":18}},{"start":{"line":427,"column":22},"end":{"line":427,"column":51}},{"start":{"line":427,"column":55},"end":{"line":427,"column":85}}]},"56":{"loc":{"start":{"line":427,"column":37},"end":{"line":427,"column":50}},"type":"cond-expr","locations":[{"start":{"line":427,"column":41},"end":{"line":427,"column":43}},{"start":{"line":427,"column":37},"end":{"line":427,"column":50}}]},"57":{"loc":{"start":{"line":427,"column":37},"end":{"line":427,"column":43}},"type":"binary-expr","locations":[{"start":{"line":427,"column":37},"end":{"line":427,"column":43}},{"start":{"line":427,"column":37},"end":{"line":427,"column":43}}]},"58":{"loc":{"start":{"line":427,"column":70},"end":{"line":427,"column":84}},"type":"cond-expr","locations":[{"start":{"line":427,"column":74},"end":{"line":427,"column":76}},{"start":{"line":427,"column":70},"end":{"line":427,"column":84}}]},"59":{"loc":{"start":{"line":427,"column":70},"end":{"line":427,"column":76}},"type":"binary-expr","locations":[{"start":{"line":427,"column":70},"end":{"line":427,"column":76}},{"start":{"line":427,"column":70},"end":{"line":427,"column":76}}]}},"s":{"0":1,"1":1,"2":1,"3":1,"4":1,"5":1,"6":1,"7":1,"8":1,"9":1,"10":1,"11":1,"12":0,"13":1,"14":0,"15":0,"16":0,"17":0,"18":0,"19":1,"20":0,"21":1,"22":0,"23":0,"24":0,"25":0,"26":0,"27":0,"28":1,"29":0,"30":1,"31":1,"32":1,"33":1,"34":1,"35":1,"36":1,"37":1,"38":1,"39":0,"40":0,"41":0,"42":0,"43":0,"44":1,"45":0,"46":1,"47":1,"48":1,"49":1,"50":1,"51":0,"52":1,"53":1,"54":1,"55":1,"56":0,"57":0,"58":0,"59":0,"60":0,"61":0,"62":0,"63":1,"64":0,"65":1,"66":0,"67":0,"68":0,"69":0,"70":0,"71":0,"72":0,"73":1,"74":0,"75":1,"76":0,"77":0,"78":0,"79":0,"80":0,"81":0,"82":0,"83":1,"84":0,"85":1,"86":0,"87":0,"88":0,"89":0,"90":0,"91":0,"92":1,"93":1,"94":1,"95":1,"96":1,"97":1,"98":1,"99":0,"100":1,"101":1,"102":1,"103":1,"104":1,"105":1,"106":2,"107":2,"108":1,"109":2,"110":1,"111":0,"112":1,"113":0,"114":0,"115":0,"116":0,"117":0,"118":0,"119":1,"120":0,"121":1,"122":1},"f":{"0":1,"1":1,"2":0,"3":0,"4":0,"5":0,"6":0,"7":1,"8":1,"9":0,"10":0,"11":1,"12":1,"13":0,"14":0,"15":0,"16":0,"17":0,"18":0,"19":0,"20":1,"21":1,"22":2,"23":2,"24":0,"25":0,"26":0},"b":{"0":[0,0],"1":[0,0],"2":[0],"3":[0,0],"4":[0,0],"5":[0,0],"6":[0,0],"7":[0,0],"8":[1,1],"9":[0,0],"10":[1,1],"11":[0],"12":[1,1],"13":[0,1],"14":[1,1],"15":[0,0],"16":[0],"17":[0,0,0,0],"18":[0,0],"19":[0,0],"20":[0,0],"21":[0,0],"22":[0,0],"23":[0,0],"24":[0,0],"25":[0],"26":[0,0,0,0,0,0],"27":[0,0],"28":[0,0],"29":[0,0],"30":[0,0],"31":[0,0],"32":[0,0],"33":[0,0],"34":[0,0],"35":[0,0],"36":[0],"37":[0,0,0],"38":[0,0],"39":[0,0],"40":[0,0],"41":[0],"42":[0,0],"43":[0,0],"44":[0,0],"45":[1],"46":[1,1],"47":[1,0],"48":[0],"49":[1,1],"50":[1],"51":[1,1],"52":[2,2],"53":[0,0],"54":[0],"55":[0,0,0],"56":[0,0],"57":[0,0],"58":[0,0],"59":[0,0]}}
,"/Users/cc/git/cashu-ts/src/CashuWallet.ts": {"path":"/Users/cc/git/cashu-ts/src/CashuWallet.ts","statementMap":{"0":{"start":{"line":1,"column":0},"end":{"line":1,"column":62}},"1":{"start":{"line":2,"column":0},"end":{"line":2,"column":43}},"2":{"start":{"line":3,"column":0},"end":{"line":3,"column":59}},"3":{"start":{"line":4,"column":0},"end":{"line":4,"column":null}},"4":{"start":{"line":28,"column":0},"end":{"line":28,"column":null}},"5":{"start":{"line":36,"column":0},"end":{"line":36,"column":48}},"6":{"start":{"line":37,"column":0},"end":{"line":37,"column":58}},"7":{"start":{"line":38,"column":0},"end":{"line":38,"column":73}},"8":{"start":{"line":39,"column":0},"end":{"line":39,"column":null}},"9":{"start":{"line":44,"column":0},"end":{"line":44,"column":null}},"10":{"start":{"line":49,"column":0},"end":{"line":49,"column":87}},"11":{"start":{"line":56,"column":0},"end":{"line":56,"column":null}},"12":{"start":{"line":75,"column":1},"end":{"line":75,"column":null}},"13":{"start":{"line":57,"column":9},"end":{"line":57,"column":50}},"14":{"start":{"line":59,"column":9},"end":{"line":59,"column":42}},"15":{"start":{"line":60,"column":9},"end":{"line":60,"column":51}},"16":{"start":{"line":61,"column":9},"end":{"line":61,"column":23}},"17":{"start":{"line":62,"column":9},"end":{"line":62,"column":53}},"18":{"start":{"line":85,"column":2},"end":{"line":85,"column":19}},"19":{"start":{"line":86,"column":30},"end":{"line":86,"column":32}},"20":{"start":{"line":87,"column":2},"end":{"line":91,"column":null}},"21":{"start":{"line":88,"column":3},"end":{"line":88,"column":25}},"22":{"start":{"line":89,"column":9},"end":{"line":91,"column":null}},"23":{"start":{"line":90,"column":3},"end":{"line":90,"column":24}},"24":{"start":{"line":92,"column":2},"end":{"line":92,"column":63}},"25":{"start":{"line":92,"column":12},"end":{"line":92,"column":63}},"26":{"start":{"line":92,"column":34},"end":{"line":92,"column":62}},"27":{"start":{"line":93,"column":2},"end":{"line":93,"column":48}},"28":{"start":{"line":93,"column":21},"end":{"line":93,"column":48}},"29":{"start":{"line":94,"column":2},"end":{"line":94,"column":56}},"30":{"start":{"line":94,"column":24},"end":{"line":94,"column":56}},"31":{"start":{"line":95,"column":2},"end":{"line":104,"column":null}},"32":{"start":{"line":96,"column":3},"end":{"line":96,"column":10}},"33":{"start":{"line":97,"column":9},"end":{"line":104,"column":null}},"34":{"start":{"line":98,"column":3},"end":{"line":98,"column":39}},"35":{"start":{"line":100,"column":3},"end":{"line":102,"column":null}},"36":{"start":{"line":101,"column":4},"end":{"line":101,"column":84}},"37":{"start":{"line":103,"column":3},"end":{"line":103,"column":63}},"38":{"start":{"line":107,"column":1},"end":{"line":109,"column":null}},"39":{"start":{"line":108,"column":2},"end":{"line":108,"column":20}},"40":{"start":{"line":110,"column":1},"end":{"line":112,"column":null}},"41":{"start":{"line":111,"column":2},"end":{"line":111,"column":20}},"42":{"start":{"line":113,"column":1},"end":{"line":118,"column":null}},"43":{"start":{"line":114,"column":2},"end":{"line":116,"column":null}},"44":{"start":{"line":115,"column":3},"end":{"line":115,"column":38}},"45":{"start":{"line":117,"column":2},"end":{"line":117,"column":24}},"46":{"start":{"line":120,"column":2},"end":{"line":120,"column":28}},"47":{"start":{"line":122,"column":1},"end":{"line":124,"column":null}},"48":{"start":{"line":123,"column":2},"end":{"line":123,"column":23}},"49":{"start":{"line":125,"column":1},"end":{"line":130,"column":null}},"50":{"start":{"line":126,"column":2},"end":{"line":128,"column":null}},"51":{"start":{"line":127,"column":3},"end":{"line":127,"column":43}},"52":{"start":{"line":129,"column":2},"end":{"line":129,"column":24}},"53":{"start":{"line":136,"column":7},"end":{"line":139,"column":null}},"54":{"start":{"line":137,"column":2},"end":{"line":137,"column":7}},"55":{"start":{"line":137,"column":19},"end":{"line":137,"column":45}},"56":{"start":{"line":137,"column":2},"end":{"line":137,"column":45}},"57":{"start":{"line":138,"column":2},"end":{"line":138,"column":24}},"58":{"start":{"line":144,"column":7},"end":{"line":148,"column":null}},"59":{"start":{"line":145,"column":2},"end":{"line":145,"column":27}},"60":{"start":{"line":146,"column":2},"end":{"line":146,"column":26}},"61":{"start":{"line":147,"column":2},"end":{"line":147,"column":26}},"62":{"start":{"line":154,"column":7},"end":{"line":159,"column":null}},"63":{"start":{"line":155,"column":21},"end":{"line":155,"column":null}},"64":{"start":{"line":155,"column":8},"end":{"line":155,"column":null}},"65":{"start":{"line":156,"column":8},"end":{"line":156,"column":78}},"66":{"start":{"line":156,"column":55},"end":{"line":156,"column":77}},"67":{"start":{"line":157,"column":2},"end":{"line":157,"column":30}},"68":{"start":{"line":158,"column":2},"end":{"line":158,"column":23}},"69":{"start":{"line":161,"column":7},"end":{"line":165,"column":null}},"70":{"start":{"line":162,"column":18},"end":{"line":162,"column":null}},"71":{"start":{"line":162,"column":8},"end":{"line":162,"column":null}},"72":{"start":{"line":163,"column":2},"end":{"line":163,"column":62}},"73":{"start":{"line":163,"column":50},"end":{"line":163,"column":60}},"74":{"start":{"line":164,"column":2},"end":{"line":164,"column":25}},"75":{"start":{"line":177,"column":7},"end":{"line":216,"column":null}},"76":{"start":{"line":178,"column":6},"end":{"line":178,"column":14}},"77":{"start":{"line":179,"column":3},"end":{"line":182,"column":null}},"78":{"start":{"line":180,"column":4},"end":{"line":180,"column":29}},"79":{"start":{"line":181,"column":4},"end":{"line":181,"column":48}},"80":{"start":{"line":183,"column":22},"end":{"line":183,"column":null}},"81":{"start":{"line":183,"column":9},"end":{"line":183,"column":null}},"82":{"start":{"line":184,"column":9},"end":{"line":184,"column":40}},"83":{"start":{"line":185,"column":3},"end":{"line":187,"column":null}},"84":{"start":{"line":186,"column":4},"end":{"line":186,"column":88}},"85":{"start":{"line":188,"column":3},"end":{"line":188,"column":36}},"86":{"start":{"line":189,"column":3},"end":{"line":189,"column":28}},"87":{"start":{"line":190,"column":3},"end":{"line":190,"column":17}},"88":{"start":{"line":194,"column":21},"end":{"line":194,"column":null}},"89":{"start":{"line":194,"column":8},"end":{"line":194,"column":null}},"90":{"start":{"line":195,"column":8},"end":{"line":197,"column":71}},"91":{"start":{"line":196,"column":18},"end":{"line":196,"column":52}},"92":{"start":{"line":197,"column":19},"end":{"line":197,"column":67}},"93":{"start":{"line":198,"column":2},"end":{"line":202,"column":null}},"94":{"start":{"line":199,"column":3},"end":{"line":201,"column":5}},"95":{"start":{"line":204,"column":6},"end":{"line":204,"column":7}},"96":{"start":{"line":205,"column":21},"end":{"line":205,"column":null}},"97":{"start":{"line":205,"column":9},"end":{"line":205,"column":null}},"98":{"start":{"line":206,"column":9},"end":{"line":206,"column":76}},"99":{"start":{"line":206,"column":46},"end":{"line":206,"column":75}},"100":{"start":{"line":207,"column":3},"end":{"line":211,"column":null}},"101":{"start":{"line":208,"column":4},"end":{"line":210,"column":6}},"102":{"start":{"line":212,"column":3},"end":{"line":212,"column":33}},"103":{"start":{"line":214,"column":2},"end":{"line":214,"column":38}},"104":{"start":{"line":215,"column":2},"end":{"line":215,"column":57}},"105":{"start":{"line":228,"column":7},"end":{"line":257,"column":null}},"106":{"start":{"line":239,"column":2},"end":{"line":240,"column":83}},"107":{"start":{"line":240,"column":3},"end":{"line":240,"column":83}},"108":{"start":{"line":242,"column":3},"end":{"line":244,"column":null}},"109":{"start":{"line":243,"column":4},"end":{"line":243,"column":35}},"110":{"start":{"line":245,"column":9},"end":{"line":245,"column":55}},"111":{"start":{"line":246,"column":18},"end":{"line":252,"column":null}},"112":{"start":{"line":246,"column":9},"end":{"line":252,"column":null}},"113":{"start":{"line":253,"column":3},"end":{"line":253,"column":17}},"114":{"start":{"line":255,"column":3},"end":{"line":255,"column":54}},"115":{"start":{"line":268,"column":7},"end":{"line":306,"column":null}},"116":{"start":{"line":279,"column":2},"end":{"line":280,"column":83}},"117":{"start":{"line":280,"column":3},"end":{"line":280,"column":83}},"118":{"start":{"line":281,"column":8},"end":{"line":281,"column":34}},"119":{"start":{"line":283,"column":9},"end":{"line":283,"column":84}},"120":{"start":{"line":283,"column":60},"end":{"line":283,"column":81}},"121":{"start":{"line":284,"column":16},"end":{"line":284,"column":null}},"122":{"start":{"line":284,"column":9},"end":{"line":284,"column":null}},"123":{"start":{"line":285,"column":9},"end":{"line":285,"column":40}},"124":{"start":{"line":294,"column":26},"end":{"line":294,"column":null}},"125":{"start":{"line":294,"column":11},"end":{"line":294,"column":26}},"126":{"start":{"line":295,"column":9},"end":{"line":300,"column":5}},"127":{"start":{"line":301,"column":3},"end":{"line":301,"column":29}},"128":{"start":{"line":303,"column":3},"end":{"line":303,"column":50}},"129":{"start":{"line":305,"column":2},"end":{"line":305,"column":16}},"130":{"start":{"line":308,"column":7},"end":{"line":361,"column":null}},"131":{"start":{"line":321,"column":2},"end":{"line":322,"column":83}},"132":{"start":{"line":322,"column":3},"end":{"line":322,"column":83}},"133":{"start":{"line":323,"column":2},"end":{"line":325,"column":null}},"134":{"start":{"line":324,"column":3},"end":{"line":324,"column":57}},"135":{"start":{"line":326,"column":8},"end":{"line":326,"column":70}},"136":{"start":{"line":331,"column":3},"end":{"line":331,"column":12}},"137":{"start":{"line":337,"column":3},"end":{"line":337,"column":30}},"138":{"start":{"line":338,"column":9},"end":{"line":338,"column":64}},"139":{"start":{"line":343,"column":3},"end":{"line":345,"column":5}},"140":{"start":{"line":352,"column":34},"end":{"line":352,"column":null}},"141":{"start":{"line":352,"column":9},"end":{"line":352,"column":34}},"142":{"start":{"line":353,"column":3},"end":{"line":353,"column":86}},"143":{"start":{"line":354,"column":9},"end":{"line":354,"column":68}},"144":{"start":{"line":355,"column":3},"end":{"line":355,"column":71}},"145":{"start":{"line":356,"column":3},"end":{"line":356,"column":53}},"146":{"start":{"line":358,"column":2},"end":{"line":358,"column":28}},"147":{"start":{"line":360,"column":2},"end":{"line":360,"column":69}},"148":{"start":{"line":363,"column":9},"end":{"line":441,"column":null}},"149":{"start":{"line":366,"column":2},"end":{"line":366,"column":null}},"150":{"start":{"line":369,"column":23},"end":{"line":369,"column":65}},"151":{"start":{"line":369,"column":45},"end":{"line":369,"column":65}},"152":{"start":{"line":370,"column":24},"end":{"line":372,"column":39}},"153":{"start":{"line":371,"column":18},"end":{"line":371,"column":43}},"154":{"start":{"line":372,"column":19},"end":{"line":372,"column":39}},"155":{"start":{"line":373,"column":23},"end":{"line":375,"column":39}},"156":{"start":{"line":374,"column":18},"end":{"line":374,"column":42}},"157":{"start":{"line":375,"column":19},"end":{"line":375,"column":39}},"158":{"start":{"line":376,"column":21},"end":{"line":376,"column":36}},"159":{"start":{"line":377,"column":2},"end":{"line":381,"column":4}},"160":{"start":{"line":382,"column":2},"end":{"line":392,"column":null}},"161":{"start":{"line":383,"column":3},"end":{"line":387,"column":5}},"162":{"start":{"line":385,"column":26},"end":{"line":385,"column":57}},"163":{"start":{"line":388,"column":3},"end":{"line":391,"column":5}},"164":{"start":{"line":389,"column":39},"end":{"line":389,"column":70}},"165":{"start":{"line":394,"column":2},"end":{"line":401,"column":null}},"166":{"start":{"line":395,"column":3},"end":{"line":399,"column":5}},"167":{"start":{"line":400,"column":3},"end":{"line":400,"column":45}},"168":{"start":{"line":403,"column":18},"end":{"line":403,"column":30}},"169":{"start":{"line":404,"column":23},"end":{"line":404,"column":41}},"170":{"start":{"line":405,"column":2},"end":{"line":405,"column":60}},"171":{"start":{"line":406,"column":25},"end":{"line":406,"column":27}},"172":{"start":{"line":407,"column":17},"end":{"line":407,"column":72}},"173":{"start":{"line":408,"column":2},"end":{"line":408,"column":55}},"174":{"start":{"line":409,"column":2},"end":{"line":421,"column":null}},"175":{"start":{"line":410,"column":34},"end":{"line":413,"column":null}},"176":{"start":{"line":410,"column":23},"end":{"line":410,"column":25}},"177":{"start":{"line":410,"column":29},"end":{"line":410,"column":34}},"178":{"start":{"line":419,"column":3},"end":{"line":419,"column":32}},"179":{"start":{"line":420,"column":3},"end":{"line":420,"column":40}},"180":{"start":{"line":423,"column":2},"end":{"line":430,"column":null}},"181":{"start":{"line":424,"column":3},"end":{"line":424,"column":33}},"182":{"start":{"line":425,"column":3},"end":{"line":429,"column":5}},"183":{"start":{"line":432,"column":2},"end":{"line":436,"column":4}},"184":{"start":{"line":435,"column":57},"end":{"line":435,"column":85}},"185":{"start":{"line":437,"column":2},"end":{"line":440,"column":4}},"186":{"start":{"line":438,"column":38},"end":{"line":438,"column":66}},"187":{"start":{"line":443,"column":1},"end":{"line":457,"column":null}},"188":{"start":{"line":443,"column":1},"end":{"line":443,"column":17}},"189":{"start":{"line":444,"column":15},"end":{"line":454,"column":null}},"190":{"start":{"line":448,"column":6},"end":{"line":448,"column":null}},"191":{"start":{"line":448,"column":41},"end":{"line":448,"column":58}},"192":{"start":{"line":456,"column":2},"end":{"line":456,"column":14}},"193":{"start":{"line":472,"column":7},"end":{"line":531,"column":null}},"194":{"start":{"line":484,"column":2},"end":{"line":485,"column":83}},"195":{"start":{"line":485,"column":3},"end":{"line":485,"column":83}},"196":{"start":{"line":486,"column":17},"end":{"line":486,"column":null}},"197":{"start":{"line":486,"column":8},"end":{"line":486,"column":null}},"198":{"start":{"line":487,"column":8},"end":{"line":487,"column":30}},"199":{"start":{"line":488,"column":8},"end":{"line":488,"column":44}},"200":{"start":{"line":489,"column":2},"end":{"line":496,"column":null}},"201":{"start":{"line":490,"column":3},"end":{"line":494,"column":5}},"202":{"start":{"line":495,"column":3},"end":{"line":495,"column":49}},"203":{"start":{"line":497,"column":8},"end":{"line":497,"column":68}},"204":{"start":{"line":498,"column":8},"end":{"line":498,"column":62}},"205":{"start":{"line":499,"column":8},"end":{"line":499,"column":39}},"206":{"start":{"line":508,"column":25},"end":{"line":508,"column":null}},"207":{"start":{"line":508,"column":10},"end":{"line":508,"column":25}},"208":{"start":{"line":509,"column":8},"end":{"line":514,"column":4}},"209":{"start":{"line":516,"column":8},"end":{"line":516,"column":45}},"210":{"start":{"line":517,"column":8},"end":{"line":517,"column":45}},"211":{"start":{"line":518,"column":6},"end":{"line":518,"column":30}},"212":{"start":{"line":519,"column":2},"end":{"line":526,"column":5}},"213":{"start":{"line":520,"column":3},"end":{"line":524,"column":null}},"214":{"start":{"line":521,"column":4},"end":{"line":521,"column":40}},"215":{"start":{"line":522,"column":4},"end":{"line":522,"column":34}},"216":{"start":{"line":523,"column":4},"end":{"line":523,"column":11}},"217":{"start":{"line":525,"column":3},"end":{"line":525,"column":33}},"218":{"start":{"line":527,"column":2},"end":{"line":530,"column":4}},"219":{"start":{"line":539,"column":7},"end":{"line":565,"column":null}},"220":{"start":{"line":546,"column":15},"end":{"line":546,"column":null}},"221":{"start":{"line":546,"column":8},"end":{"line":546,"column":null}},"222":{"start":{"line":547,"column":2},"end":{"line":549,"column":null}},"223":{"start":{"line":548,"column":3},"end":{"line":548,"column":83}},"224":{"start":{"line":551,"column":8},"end":{"line":551,"column":39}},"225":{"start":{"line":552,"column":8},"end":{"line":552,"column":43}},"226":{"start":{"line":554,"column":32},"end":{"line":554,"column":null}},"227":{"start":{"line":554,"column":8},"end":{"line":554,"column":32}},"228":{"start":{"line":557,"column":8},"end":{"line":557,"column":96}},"229":{"start":{"line":557,"column":38},"end":{"line":557,"column":95}},"230":{"start":{"line":557,"column":57},"end":{"line":557,"column":62}},"231":{"start":{"line":558,"column":8},"end":{"line":560,"column":4}},"232":{"start":{"line":559,"column":3},"end":{"line":559,"column":null}},"233":{"start":{"line":559,"column":22},"end":{"line":559,"column":27}},"234":{"start":{"line":562,"column":2},"end":{"line":564,"column":4}},"235":{"start":{"line":572,"column":7},"end":{"line":578,"column":null}},"236":{"start":{"line":573,"column":8},"end":{"line":576,"column":4}},"237":{"start":{"line":577,"column":9},"end":{"line":577,"column":59}},"238":{"start":{"line":577,"column":2},"end":{"line":577,"column":59}},"239":{"start":{"line":585,"column":7},"end":{"line":587,"column":null}},"240":{"start":{"line":586,"column":9},"end":{"line":586,"column":47}},"241":{"start":{"line":586,"column":2},"end":{"line":586,"column":47}},"242":{"start":{"line":600,"column":7},"end":{"line":636,"column":null}},"243":{"start":{"line":611,"column":2},"end":{"line":612,"column":83}},"244":{"start":{"line":612,"column":3},"end":{"line":612,"column":83}},"245":{"start":{"line":613,"column":2},"end":{"line":619,"column":4}},"246":{"start":{"line":616,"column":67},"end":{"line":616,"column":74}},"247":{"start":{"line":618,"column":66},"end":{"line":618,"column":73}},"248":{"start":{"line":620,"column":17},"end":{"line":620,"column":null}},"249":{"start":{"line":620,"column":8},"end":{"line":620,"column":null}},"250":{"start":{"line":621,"column":8},"end":{"line":621,"column":43}},"251":{"start":{"line":628,"column":8},"end":{"line":631,"column":4}},"252":{"start":{"line":632,"column":25},"end":{"line":632,"column":null}},"253":{"start":{"line":632,"column":10},"end":{"line":632,"column":25}},"254":{"start":{"line":633,"column":2},"end":{"line":635,"column":4}},"255":{"start":{"line":643,"column":7},"end":{"line":650,"column":null}},"256":{"start":{"line":644,"column":8},"end":{"line":647,"column":4}},"257":{"start":{"line":648,"column":20},"end":{"line":648,"column":null}},"258":{"start":{"line":648,"column":8},"end":{"line":648,"column":null}},"259":{"start":{"line":649,"column":2},"end":{"line":649,"column":19}},"260":{"start":{"line":657,"column":7},"end":{"line":660,"column":null}},"261":{"start":{"line":658,"column":20},"end":{"line":658,"column":null}},"262":{"start":{"line":658,"column":8},"end":{"line":658,"column":null}},"263":{"start":{"line":659,"column":2},"end":{"line":659,"column":19}},"264":{"start":{"line":671,"column":7},"end":{"line":699,"column":null}},"265":{"start":{"line":679,"column":15},"end":{"line":679,"column":null}},"266":{"start":{"line":679,"column":8},"end":{"line":679,"column":null}},"267":{"start":{"line":680,"column":8},"end":{"line":680,"column":43}},"268":{"start":{"line":685,"column":8},"end":{"line":689,"column":4}},"269":{"start":{"line":690,"column":23},"end":{"line":690,"column":null}},"270":{"start":{"line":690,"column":8},"end":{"line":690,"column":null}},"271":{"start":{"line":692,"column":2},"end":{"line":698,"column":4}},"272":{"start":{"line":711,"column":7},"end":{"line":727,"column":null}},"273":{"start":{"line":720,"column":6},"end":{"line":720,"column":7}},"274":{"start":{"line":721,"column":15},"end":{"line":721,"column":87}},"275":{"start":{"line":721,"column":3},"end":{"line":721,"column":87}},"276":{"start":{"line":723,"column":9},"end":{"line":726,"column":5}},"277":{"start":{"line":723,"column":2},"end":{"line":726,"column":5}},"278":{"start":{"line":737,"column":7},"end":{"line":754,"column":null}},"279":{"start":{"line":746,"column":8},"end":{"line":746,"column":46}},"280":{"start":{"line":747,"column":8},"end":{"line":749,"column":29}},"281":{"start":{"line":748,"column":18},"end":{"line":748,"column":47}},"282":{"start":{"line":749,"column":19},"end":{"line":749,"column":28}},"283":{"start":{"line":750,"column":2},"end":{"line":753,"column":5}},"284":{"start":{"line":766,"column":9},"end":{"line":828,"column":null}},"285":{"start":{"line":778,"column":22},"end":{"line":778,"column":82}},"286":{"start":{"line":778,"column":59},"end":{"line":778,"column":80}},"287":{"start":{"line":779,"column":2},"end":{"line":781,"column":null}},"288":{"start":{"line":780,"column":3},"end":{"line":780,"column":78}},"289":{"start":{"line":782,"column":30},"end":{"line":786,"column":null}},"290":{"start":{"line":788,"column":2},"end":{"line":790,"column":null}},"291":{"start":{"line":789,"column":3},"end":{"line":789,"column":58}},"292":{"start":{"line":791,"column":30},"end":{"line":796,"column":null}},"293":{"start":{"line":798,"column":2},"end":{"line":810,"column":null}},"294":{"start":{"line":799,"column":3},"end":{"line":809,"column":47}},"295":{"start":{"line":801,"column":5},"end":{"line":806,"column":7}},"296":{"start":{"line":809,"column":28},"end":{"line":809,"column":46}},"297":{"start":{"line":813,"column":46},"end":{"line":821,"column":4}},"298":{"start":{"line":823,"column":18},"end":{"line":826,"column":4}},"299":{"start":{"line":827,"column":2},"end":{"line":827,"column":38}},"300":{"start":{"line":834,"column":7},"end":{"line":847,"column":null}},"301":{"start":{"line":835,"column":8},"end":{"line":835,"column":32}},"302":{"start":{"line":836,"column":8},"end":{"line":836,"column":78}},"303":{"start":{"line":836,"column":31},"end":{"line":836,"column":77}},"304":{"start":{"line":837,"column":8},"end":{"line":840,"column":4}},"305":{"start":{"line":841,"column":21},"end":{"line":841,"column":null}},"306":{"start":{"line":841,"column":10},"end":{"line":841,"column":21}},"307":{"start":{"line":843,"column":2},"end":{"line":846,"column":5}},"308":{"start":{"line":844,"column":17},"end":{"line":844,"column":58}},"309":{"start":{"line":844,"column":40},"end":{"line":844,"column":58}},"310":{"start":{"line":845,"column":3},"end":{"line":845,"column":56}},"311":{"start":{"line":858,"column":9},"end":{"line":867,"column":null}},"312":{"start":{"line":865,"column":18},"end":{"line":865,"column":57}},"313":{"start":{"line":866,"column":2},"end":{"line":866,"column":73}},"314":{"start":{"line":877,"column":9},"end":{"line":914,"column":null}},"315":{"start":{"line":884,"column":2},"end":{"line":888,"column":null}},"316":{"start":{"line":885,"column":3},"end":{"line":887,"column":5}},"317":{"start":{"line":889,"column":59},"end":{"line":889,"column":61}},"318":{"start":{"line":890,"column":37},"end":{"line":890,"column":39}},"319":{"start":{"line":891,"column":28},"end":{"line":891,"column":30}},"320":{"start":{"line":892,"column":2},"end":{"line":912,"column":null}},"321":{"start":{"line":892,"column":15},"end":{"line":892,"column":16}},"322":{"start":{"line":893,"column":24},"end":{"line":893,"column":33}},"323":{"start":{"line":894,"column":21},"end":{"line":894,"column":30}},"324":{"start":{"line":895,"column":3},"end":{"line":902,"column":null}},"325":{"start":{"line":896,"column":4},"end":{"line":896,"column":43}},"326":{"start":{"line":897,"column":10},"end":{"line":902,"column":null}},"327":{"start":{"line":898,"column":4},"end":{"line":898,"column":66}},"328":{"start":{"line":899,"column":4},"end":{"line":899,"column":92}},"329":{"start":{"line":901,"column":4},"end":{"line":901,"column":34}},"330":{"start":{"line":903,"column":3},"end":{"line":906,"column":null}},"331":{"start":{"line":904,"column":22},"end":{"line":904,"column":45}},"332":{"start":{"line":905,"column":4},"end":{"line":905,"column":54}},"333":{"start":{"line":907,"column":3},"end":{"line":907,"column":29}},"334":{"start":{"line":908,"column":21},"end":{"line":908,"column":62}},"335":{"start":{"line":908,"column":13},"end":{"line":908,"column":15}},"336":{"start":{"line":908,"column":16},"end":{"line":908,"column":21}},"337":{"start":{"line":909,"column":3},"end":{"line":909,"column":14}},"338":{"start":{"line":910,"column":26},"end":{"line":910,"column":70}},"339":{"start":{"line":911,"column":3},"end":{"line":911,"column":70}},"340":{"start":{"line":913,"column":2},"end":{"line":913,"column":51}},"341":{"start":{"line":924,"column":9},"end":{"line":937,"column":null}},"342":{"start":{"line":929,"column":14},"end":{"line":929,"column":51}},"343":{"start":{"line":931,"column":2},"end":{"line":933,"column":null}},"344":{"start":{"line":932,"column":3},"end":{"line":932,"column":13}},"345":{"start":{"line":934,"column":18},"end":{"line":934,"column":51}},"346":{"start":{"line":935,"column":43},"end":{"line":935,"column":97}},"347":{"start":{"line":935,"column":25},"end":{"line":935,"column":27}},"348":{"start":{"line":935,"column":29},"end":{"line":935,"column":31}},"349":{"start":{"line":935,"column":38},"end":{"line":935,"column":43}},"350":{"start":{"line":936,"column":2},"end":{"line":936,"column":42}},"351":{"start":{"line":947,"column":9},"end":{"line":962,"column":null}},"352":{"start":{"line":953,"column":2},"end":{"line":961,"column":43}},"353":{"start":{"line":955,"column":27},"end":{"line":955,"column":81}},"354":{"start":{"line":956,"column":14},"end":{"line":956,"column":19}},"355":{"start":{"line":957,"column":19},"end":{"line":957,"column":29}},"356":{"start":{"line":958,"column":14},"end":{"line":958,"column":49}},"357":{"start":{"line":959,"column":4},"end":{"line":959,"column":67}},"358":{"start":{"line":961,"column":15},"end":{"line":961,"column":42}},"359":{"start":{"line":963,"column":0},"end":{"line":963,"column":null}},"360":{"start":{"line":965,"column":9},"end":{"line":965,"column":20}}},"fnMap":{"0":{"name":"(anonymous_14)","decl":{"start":{"line":56,"column":0},"end":{"line":56,"column":null}},"loc":{"start":{"line":56,"column":0},"end":{"line":963,"column":null}}},"1":{"name":"CashuWallet","decl":{"start":{"line":75,"column":1},"end":{"line":75,"column":null}},"loc":{"start":{"line":83,"column":3},"end":{"line":105,"column":2}}},"2":{"name":"(anonymous_16)","decl":{"start":{"line":92,"column":25},"end":{"line":92,"column":26}},"loc":{"start":{"line":92,"column":29},"end":{"line":92,"column":38}}},"3":{"name":"(anonymous_17)","decl":{"start":{"line":107,"column":1},"end":{"line":107,"column":5}},"loc":{"start":{"line":107,"column":1},"end":{"line":109,"column":2}}},"4":{"name":"(anonymous_18)","decl":{"start":{"line":110,"column":1},"end":{"line":110,"column":5}},"loc":{"start":{"line":110,"column":1},"end":{"line":112,"column":2}}},"5":{"name":"(anonymous_19)","decl":{"start":{"line":113,"column":1},"end":{"line":113,"column":5}},"loc":{"start":{"line":113,"column":1},"end":{"line":118,"column":2}}},"6":{"name":"(anonymous_20)","decl":{"start":{"line":119,"column":1},"end":{"line":119,"column":14}},"loc":{"start":{"line":119,"column":30},"end":{"line":121,"column":2}}},"7":{"name":"(anonymous_21)","decl":{"start":{"line":122,"column":1},"end":{"line":122,"column":5}},"loc":{"start":{"line":122,"column":1},"end":{"line":124,"column":2}}},"8":{"name":"(anonymous_22)","decl":{"start":{"line":125,"column":1},"end":{"line":125,"column":5}},"loc":{"start":{"line":125,"column":1},"end":{"line":130,"column":2}}},"9":{"name":"(anonymous_23)","decl":{"start":{"line":136,"column":1},"end":{"line":136,"column":7}},"loc":{"start":{"line":136,"column":1},"end":{"line":139,"column":null}}},"10":{"name":"(anonymous_26)","decl":{"start":{"line":144,"column":1},"end":{"line":144,"column":7}},"loc":{"start":{"line":144,"column":1},"end":{"line":148,"column":null}}},"11":{"name":"(anonymous_29)","decl":{"start":{"line":154,"column":1},"end":{"line":154,"column":7}},"loc":{"start":{"line":154,"column":1},"end":{"line":159,"column":null}}},"12":{"name":"(anonymous_32)","decl":{"start":{"line":156,"column":48},"end":{"line":156,"column":49}},"loc":{"start":{"line":156,"column":50},"end":{"line":156,"column":56}}},"13":{"name":"(anonymous_33)","decl":{"start":{"line":161,"column":1},"end":{"line":161,"column":7}},"loc":{"start":{"line":161,"column":1},"end":{"line":165,"column":null}}},"14":{"name":"(anonymous_36)","decl":{"start":{"line":163,"column":43},"end":{"line":163,"column":44}},"loc":{"start":{"line":163,"column":45},"end":{"line":163,"column":51}}},"15":{"name":"(anonymous_37)","decl":{"start":{"line":177,"column":1},"end":{"line":177,"column":7}},"loc":{"start":{"line":177,"column":32},"end":{"line":216,"column":null}}},"16":{"name":"(anonymous_40)","decl":{"start":{"line":196,"column":11},"end":{"line":196,"column":12}},"loc":{"start":{"line":196,"column":13},"end":{"line":196,"column":19}}},"17":{"name":"(anonymous_41)","decl":{"start":{"line":197,"column":9},"end":{"line":197,"column":10}},"loc":{"start":{"line":197,"column":14},"end":{"line":197,"column":67}}},"18":{"name":"(anonymous_42)","decl":{"start":{"line":206,"column":39},"end":{"line":206,"column":40}},"loc":{"start":{"line":206,"column":41},"end":{"line":206,"column":47}}},"19":{"name":"(anonymous_43)","decl":{"start":{"line":228,"column":1},"end":{"line":228,"column":7}},"loc":{"start":{"line":237,"column":3},"end":{"line":257,"column":null}}},"20":{"name":"(anonymous_46)","decl":{"start":{"line":268,"column":1},"end":{"line":268,"column":7}},"loc":{"start":{"line":277,"column":3},"end":{"line":306,"column":null}}},"21":{"name":"(anonymous_49)","decl":{"start":{"line":283,"column":43},"end":{"line":283,"column":44}},"loc":{"start":{"line":283,"column":55},"end":{"line":283,"column":65}}},"22":{"name":"(anonymous_50)","decl":{"start":{"line":308,"column":1},"end":{"line":308,"column":7}},"loc":{"start":{"line":319,"column":3},"end":{"line":361,"column":null}}},"23":{"name":"(anonymous_53)","decl":{"start":{"line":363,"column":1},"end":{"line":363,"column":9}},"loc":{"start":{"line":366,"column":21},"end":{"line":441,"column":2}}},"24":{"name":"(anonymous_54)","decl":{"start":{"line":369,"column":35},"end":{"line":369,"column":36}},"loc":{"start":{"line":369,"column":40},"end":{"line":369,"column":46}}},"25":{"name":"(anonymous_55)","decl":{"start":{"line":371,"column":11},"end":{"line":371,"column":12}},"loc":{"start":{"line":371,"column":13},"end":{"line":371,"column":19}}},"26":{"name":"(anonymous_56)","decl":{"start":{"line":372,"column":9},"end":{"line":372,"column":10}},"loc":{"start":{"line":372,"column":14},"end":{"line":372,"column":20}}},"27":{"name":"(anonymous_57)","decl":{"start":{"line":374,"column":11},"end":{"line":374,"column":12}},"loc":{"start":{"line":374,"column":13},"end":{"line":374,"column":19}}},"28":{"name":"(anonymous_58)","decl":{"start":{"line":375,"column":9},"end":{"line":375,"column":10}},"loc":{"start":{"line":375,"column":14},"end":{"line":375,"column":20}}},"29":{"name":"(anonymous_59)","decl":{"start":{"line":385,"column":19},"end":{"line":385,"column":20}},"loc":{"start":{"line":385,"column":21},"end":{"line":385,"column":27}}},"30":{"name":"(anonymous_60)","decl":{"start":{"line":389,"column":32},"end":{"line":389,"column":33}},"loc":{"start":{"line":389,"column":34},"end":{"line":389,"column":40}}},"31":{"name":"(anonymous_61)","decl":{"start":{"line":435,"column":50},"end":{"line":435,"column":51}},"loc":{"start":{"line":435,"column":52},"end":{"line":435,"column":58}}},"32":{"name":"(anonymous_62)","decl":{"start":{"line":438,"column":31},"end":{"line":438,"column":32}},"loc":{"start":{"line":438,"column":33},"end":{"line":438,"column":39}}},"33":{"name":"(anonymous_63)","decl":{"start":{"line":443,"column":1},"end":{"line":443,"column":17}},"loc":{"start":{"line":443,"column":38},"end":{"line":457,"column":2}}},"34":{"name":"(anonymous_64)","decl":{"start":{"line":447,"column":5},"end":{"line":447,"column":6}},"loc":{"start":{"line":447,"column":17},"end":{"line":448,"column":null}}},"35":{"name":"(anonymous_65)","decl":{"start":{"line":448,"column":34},"end":{"line":448,"column":35}},"loc":{"start":{"line":448,"column":36},"end":{"line":448,"column":42}}},"36":{"name":"(anonymous_66)","decl":{"start":{"line":472,"column":1},"end":{"line":472,"column":7}},"loc":{"start":{"line":482,"column":3},"end":{"line":531,"column":null}}},"37":{"name":"(anonymous_69)","decl":{"start":{"line":519,"column":21},"end":{"line":519,"column":22}},"loc":{"start":{"line":519,"column":27},"end":{"line":526,"column":3}}},"38":{"name":"(anonymous_70)","decl":{"start":{"line":539,"column":1},"end":{"line":539,"column":7}},"loc":{"start":{"line":544,"column":3},"end":{"line":565,"column":null}}},"39":{"name":"(anonymous_73)","decl":{"start":{"line":557,"column":28},"end":{"line":557,"column":29}},"loc":{"start":{"line":557,"column":33},"end":{"line":557,"column":45}}},"40":{"name":"(anonymous_74)","decl":{"start":{"line":557,"column":50},"end":{"line":557,"column":51}},"loc":{"start":{"line":557,"column":52},"end":{"line":557,"column":58}}},"41":{"name":"(anonymous_75)","decl":{"start":{"line":558,"column":38},"end":{"line":558,"column":39}},"loc":{"start":{"line":558,"column":43},"end":{"line":559,"column":10}}},"42":{"name":"(anonymous_76)","decl":{"start":{"line":559,"column":15},"end":{"line":559,"column":16}},"loc":{"start":{"line":559,"column":17},"end":{"line":559,"column":23}}},"43":{"name":"(anonymous_77)","decl":{"start":{"line":572,"column":1},"end":{"line":572,"column":7}},"loc":{"start":{"line":572,"column":37},"end":{"line":578,"column":null}}},"44":{"name":"(anonymous_80)","decl":{"start":{"line":585,"column":1},"end":{"line":585,"column":7}},"loc":{"start":{"line":585,"column":35},"end":{"line":587,"column":null}}},"45":{"name":"(anonymous_83)","decl":{"start":{"line":600,"column":1},"end":{"line":600,"column":7}},"loc":{"start":{"line":609,"column":3},"end":{"line":636,"column":null}}},"46":{"name":"(anonymous_86)","decl":{"start":{"line":616,"column":57},"end":{"line":616,"column":58}},"loc":{"start":{"line":616,"column":62},"end":{"line":616,"column":68}}},"47":{"name":"(anonymous_87)","decl":{"start":{"line":618,"column":56},"end":{"line":618,"column":57}},"loc":{"start":{"line":618,"column":61},"end":{"line":618,"column":67}}},"48":{"name":"(anonymous_88)","decl":{"start":{"line":643,"column":1},"end":{"line":643,"column":7}},"loc":{"start":{"line":643,"column":38},"end":{"line":650,"column":null}}},"49":{"name":"(anonymous_91)","decl":{"start":{"line":657,"column":1},"end":{"line":657,"column":7}},"loc":{"start":{"line":657,"column":35},"end":{"line":660,"column":null}}},"50":{"name":"(anonymous_94)","decl":{"start":{"line":671,"column":1},"end":{"line":671,"column":7}},"loc":{"start":{"line":677,"column":3},"end":{"line":699,"column":null}}},"51":{"name":"(anonymous_97)","decl":{"start":{"line":711,"column":1},"end":{"line":711,"column":7}},"loc":{"start":{"line":718,"column":3},"end":{"line":727,"column":null}}},"52":{"name":"(anonymous_100)","decl":{"start":{"line":737,"column":1},"end":{"line":737,"column":7}},"loc":{"start":{"line":744,"column":3},"end":{"line":754,"column":null}}},"53":{"name":"(anonymous_103)","decl":{"start":{"line":748,"column":11},"end":{"line":748,"column":12}},"loc":{"start":{"line":748,"column":13},"end":{"line":748,"column":19}}},"54":{"name":"(anonymous_104)","decl":{"start":{"line":749,"column":12},"end":{"line":749,"column":13}},"loc":{"start":{"line":749,"column":14},"end":{"line":749,"column":20}}},"55":{"name":"(anonymous_105)","decl":{"start":{"line":766,"column":1},"end":{"line":766,"column":9}},"loc":{"start":{"line":773,"column":18},"end":{"line":828,"column":2}}},"56":{"name":"(anonymous_106)","decl":{"start":{"line":778,"column":42},"end":{"line":778,"column":43}},"loc":{"start":{"line":778,"column":54},"end":{"line":778,"column":64}}},"57":{"name":"(anonymous_107)","decl":{"start":{"line":800,"column":21},"end":{"line":800,"column":22}},"loc":{"start":{"line":800,"column":23},"end":{"line":807,"column":5}}},"58":{"name":"(anonymous_108)","decl":{"start":{"line":809,"column":9},"end":{"line":809,"column":10}},"loc":{"start":{"line":809,"column":23},"end":{"line":809,"column":42}}},"59":{"name":"(anonymous_109)","decl":{"start":{"line":834,"column":1},"end":{"line":834,"column":7}},"loc":{"start":{"line":834,"column":70},"end":{"line":847,"column":null}}},"60":{"name":"(anonymous_112)","decl":{"start":{"line":836,"column":24},"end":{"line":836,"column":25}},"loc":{"start":{"line":836,"column":26},"end":{"line":836,"column":42}}},"61":{"name":"(anonymous_113)","decl":{"start":{"line":843,"column":23},"end":{"line":843,"column":24}},"loc":{"start":{"line":843,"column":28},"end":{"line":846,"column":3}}},"62":{"name":"(anonymous_114)","decl":{"start":{"line":844,"column":29},"end":{"line":844,"column":30}},"loc":{"start":{"line":844,"column":35},"end":{"line":844,"column":45}}},"63":{"name":"(anonymous_115)","decl":{"start":{"line":858,"column":1},"end":{"line":858,"column":9}},"loc":{"start":{"line":863,"column":17},"end":{"line":867,"column":2}}},"64":{"name":"(anonymous_116)","decl":{"start":{"line":877,"column":1},"end":{"line":877,"column":9}},"loc":{"start":{"line":881,"column":17},"end":{"line":914,"column":2}}},"65":{"name":"(anonymous_117)","decl":{"start":{"line":924,"column":1},"end":{"line":924,"column":9}},"loc":{"start":{"line":927,"column":18},"end":{"line":937,"column":2}}},"66":{"name":"(anonymous_118)","decl":{"start":{"line":947,"column":1},"end":{"line":947,"column":9}},"loc":{"start":{"line":951,"column":18},"end":{"line":962,"column":2}}},"67":{"name":"(anonymous_119)","decl":{"start":{"line":954,"column":8},"end":{"line":954,"column":9}},"loc":{"start":{"line":954,"column":49},"end":{"line":960,"column":4}}},"68":{"name":"(anonymous_120)","decl":{"start":{"line":961,"column":8},"end":{"line":961,"column":9}},"loc":{"start":{"line":961,"column":10},"end":{"line":961,"column":29}}}},"branchMap":{"0":{"loc":{"start":{"line":87,"column":2},"end":{"line":91,"column":null}},"type":"if","locations":[{"start":{"line":87,"column":2},"end":{"line":91,"column":null}},{"start":{"line":89,"column":9},"end":{"line":91,"column":null}}]},"1":{"loc":{"start":{"line":87,"column":6},"end":{"line":87,"column":51}},"type":"binary-expr","locations":[{"start":{"line":87,"column":6},"end":{"line":87,"column":19}},{"start":{"line":87,"column":23},"end":{"line":87,"column":51}}]},"2":{"loc":{"start":{"line":87,"column":6},"end":{"line":87,"column":19}},"type":"cond-expr","locations":[{"start":{"line":87,"column":13},"end":{"line":87,"column":15}},{"start":{"line":87,"column":6},"end":{"line":87,"column":19}}]},"3":{"loc":{"start":{"line":87,"column":6},"end":{"line":87,"column":15}},"type":"binary-expr","locations":[{"start":{"line":87,"column":6},"end":{"line":87,"column":15}},{"start":{"line":87,"column":6},"end":{"line":87,"column":15}}]},"4":{"loc":{"start":{"line":89,"column":9},"end":{"line":91,"column":null}},"type":"if","locations":[{"start":{"line":89,"column":9},"end":{"line":91,"column":null}}]},"5":{"loc":{"start":{"line":89,"column":13},"end":{"line":89,"column":58}},"type":"binary-expr","locations":[{"start":{"line":89,"column":13},"end":{"line":89,"column":26}},{"start":{"line":89,"column":30},"end":{"line":89,"column":58}}]},"6":{"loc":{"start":{"line":89,"column":13},"end":{"line":89,"column":26}},"type":"cond-expr","locations":[{"start":{"line":89,"column":20},"end":{"line":89,"column":22}},{"start":{"line":89,"column":13},"end":{"line":89,"column":26}}]},"7":{"loc":{"start":{"line":89,"column":13},"end":{"line":89,"column":22}},"type":"binary-expr","locations":[{"start":{"line":89,"column":13},"end":{"line":89,"column":22}},{"start":{"line":89,"column":13},"end":{"line":89,"column":22}}]},"8":{"loc":{"start":{"line":89,"column":44},"end":{"line":89,"column":57}},"type":"cond-expr","locations":[{"start":{"line":89,"column":51},"end":{"line":89,"column":53}},{"start":{"line":89,"column":44},"end":{"line":89,"column":57}}]},"9":{"loc":{"start":{"line":89,"column":44},"end":{"line":89,"column":53}},"type":"binary-expr","locations":[{"start":{"line":89,"column":44},"end":{"line":89,"column":53}},{"start":{"line":89,"column":44},"end":{"line":89,"column":53}}]},"10":{"loc":{"start":{"line":90,"column":10},"end":{"line":90,"column":23}},"type":"cond-expr","locations":[{"start":{"line":90,"column":17},"end":{"line":90,"column":19}},{"start":{"line":90,"column":10},"end":{"line":90,"column":23}}]},"11":{"loc":{"start":{"line":90,"column":10},"end":{"line":90,"column":19}},"type":"binary-expr","locations":[{"start":{"line":90,"column":10},"end":{"line":90,"column":19}},{"start":{"line":90,"column":10},"end":{"line":90,"column":19}}]},"12":{"loc":{"start":{"line":92,"column":2},"end":{"line":92,"column":63}},"type":"if","locations":[{"start":{"line":92,"column":2},"end":{"line":92,"column":63}}]},"13":{"loc":{"start":{"line":93,"column":2},"end":{"line":93,"column":48}},"type":"if","locations":[{"start":{"line":93,"column":2},"end":{"line":93,"column":48}}]},"14":{"loc":{"start":{"line":93,"column":6},"end":{"line":93,"column":19}},"type":"cond-expr","locations":[{"start":{"line":93,"column":13},"end":{"line":93,"column":15}},{"start":{"line":93,"column":6},"end":{"line":93,"column":19}}]},"15":{"loc":{"start":{"line":93,"column":6},"end":{"line":93,"column":15}},"type":"binary-expr","locations":[{"start":{"line":93,"column":6},"end":{"line":93,"column":15}},{"start":{"line":93,"column":6},"end":{"line":93,"column":15}}]},"16":{"loc":{"start":{"line":93,"column":34},"end":{"line":93,"column":47}},"type":"cond-expr","locations":[{"start":{"line":93,"column":41},"end":{"line":93,"column":43}},{"start":{"line":93,"column":34},"end":{"line":93,"column":47}}]},"17":{"loc":{"start":{"line":93,"column":34},"end":{"line":93,"column":43}},"type":"binary-expr","locations":[{"start":{"line":93,"column":34},"end":{"line":93,"column":43}},{"start":{"line":93,"column":34},"end":{"line":93,"column":43}}]},"18":{"loc":{"start":{"line":94,"column":2},"end":{"line":94,"column":56}},"type":"if","locations":[{"start":{"line":94,"column":2},"end":{"line":94,"column":56}}]},"19":{"loc":{"start":{"line":94,"column":6},"end":{"line":94,"column":22}},"type":"cond-expr","locations":[{"start":{"line":94,"column":13},"end":{"line":94,"column":15}},{"start":{"line":94,"column":6},"end":{"line":94,"column":22}}]},"20":{"loc":{"start":{"line":94,"column":6},"end":{"line":94,"column":15}},"type":"binary-expr","locations":[{"start":{"line":94,"column":6},"end":{"line":94,"column":15}},{"start":{"line":94,"column":6},"end":{"line":94,"column":15}}]},"21":{"loc":{"start":{"line":95,"column":2},"end":{"line":104,"column":null}},"type":"if","locations":[{"start":{"line":95,"column":2},"end":{"line":104,"column":null}},{"start":{"line":97,"column":9},"end":{"line":104,"column":null}}]},"22":{"loc":{"start":{"line":95,"column":7},"end":{"line":95,"column":30}},"type":"cond-expr","locations":[{"start":{"line":95,"column":14},"end":{"line":95,"column":16}},{"start":{"line":95,"column":7},"end":{"line":95,"column":30}}]},"23":{"loc":{"start":{"line":95,"column":7},"end":{"line":95,"column":16}},"type":"binary-expr","locations":[{"start":{"line":95,"column":7},"end":{"line":95,"column":16}},{"start":{"line":95,"column":7},"end":{"line":95,"column":16}}]},"24":{"loc":{"start":{"line":97,"column":9},"end":{"line":104,"column":null}},"type":"if","locations":[{"start":{"line":97,"column":9},"end":{"line":104,"column":null}},{"start":{"line":99,"column":9},"end":{"line":104,"column":null}}]},"25":{"loc":{"start":{"line":97,"column":13},"end":{"line":97,"column":36}},"type":"cond-expr","locations":[{"start":{"line":97,"column":20},"end":{"line":97,"column":22}},{"start":{"line":97,"column":13},"end":{"line":97,"column":36}}]},"26":{"loc":{"start":{"line":97,"column":13},"end":{"line":97,"column":22}},"type":"binary-expr","locations":[{"start":{"line":97,"column":13},"end":{"line":97,"column":22}},{"start":{"line":97,"column":13},"end":{"line":97,"column":22}}]},"27":{"loc":{"start":{"line":100,"column":3},"end":{"line":102,"column":null}},"type":"if","locations":[{"start":{"line":100,"column":3},"end":{"line":102,"column":null}}]},"28":{"loc":{"start":{"line":114,"column":2},"end":{"line":116,"column":null}},"type":"if","locations":[{"start":{"line":114,"column":2},"end":{"line":116,"column":null}}]},"29":{"loc":{"start":{"line":126,"column":2},"end":{"line":128,"column":null}},"type":"if","locations":[{"start":{"line":126,"column":2},"end":{"line":128,"column":null}}]},"30":{"loc":{"start":{"line":145,"column":2},"end":{"line":145,"column":27}},"type":"switch","locations":[{"start":{"line":145,"column":2},"end":{"line":145,"column":27}}]},"31":{"loc":{"start":{"line":155,"column":21},"end":{"line":155,"column":null}},"type":"switch","locations":[{"start":{"line":155,"column":21},"end":{"line":155,"column":null}}]},"32":{"loc":{"start":{"line":162,"column":18},"end":{"line":162,"column":null}},"type":"switch","locations":[{"start":{"line":162,"column":18},"end":{"line":162,"column":null}}]},"33":{"loc":{"start":{"line":194,"column":21},"end":{"line":194,"column":null}},"type":"switch","locations":[{"start":{"line":194,"column":21},"end":{"line":194,"column":null}}]},"34":{"loc":{"start":{"line":178,"column":6},"end":{"line":178,"column":14}},"type":"if","locations":[{"start":{"line":178,"column":6},"end":{"line":178,"column":14}}]},"35":{"loc":{"start":{"line":179,"column":3},"end":{"line":182,"column":null}},"type":"if","locations":[{"start":{"line":179,"column":3},"end":{"line":182,"column":null}}]},"36":{"loc":{"start":{"line":185,"column":3},"end":{"line":187,"column":null}},"type":"if","locations":[{"start":{"line":185,"column":3},"end":{"line":187,"column":null}}]},"37":{"loc":{"start":{"line":196,"column":18},"end":{"line":196,"column":51}},"type":"binary-expr","locations":[{"start":{"line":196,"column":18},"end":{"line":196,"column":39}},{"start":{"line":196,"column":43},"end":{"line":196,"column":51}}]},"38":{"loc":{"start":{"line":197,"column":20},"end":{"line":197,"column":40}},"type":"cond-expr","locations":[{"start":{"line":197,"column":35},"end":{"line":197,"column":39}},{"start":{"line":197,"column":39},"end":{"line":197,"column":40}}]},"39":{"loc":{"start":{"line":197,"column":20},"end":{"line":197,"column":39}},"type":"binary-expr","locations":[{"start":{"line":197,"column":20},"end":{"line":197,"column":39}},{"start":{"line":197,"column":35},"end":{"line":197,"column":39}}]},"40":{"loc":{"start":{"line":197,"column":45},"end":{"line":197,"column":65}},"type":"cond-expr","locations":[{"start":{"line":197,"column":60},"end":{"line":197,"column":64}},{"start":{"line":197,"column":64},"end":{"line":197,"column":65}}]},"41":{"loc":{"start":{"line":197,"column":45},"end":{"line":197,"column":64}},"type":"binary-expr","locations":[{"start":{"line":197,"column":45},"end":{"line":197,"column":64}},{"start":{"line":197,"column":60},"end":{"line":197,"column":64}}]},"42":{"loc":{"start":{"line":198,"column":2},"end":{"line":202,"column":null}},"type":"if","locations":[{"start":{"line":198,"column":2},"end":{"line":202,"column":null}}]},"43":{"loc":{"start":{"line":204,"column":6},"end":{"line":204,"column":7}},"type":"if","locations":[{"start":{"line":204,"column":6},"end":{"line":204,"column":7}}]},"44":{"loc":{"start":{"line":207,"column":3},"end":{"line":211,"column":null}},"type":"if","locations":[{"start":{"line":207,"column":3},"end":{"line":211,"column":null}}]},"45":{"loc":{"start":{"line":239,"column":2},"end":{"line":240,"column":83}},"type":"if","locations":[{"start":{"line":239,"column":2},"end":{"line":240,"column":83}}]},"46":{"loc":{"start":{"line":239,"column":6},"end":{"line":239,"column":25}},"type":"cond-expr","locations":[{"start":{"line":239,"column":13},"end":{"line":239,"column":15}},{"start":{"line":239,"column":6},"end":{"line":239,"column":25}}]},"47":{"loc":{"start":{"line":239,"column":6},"end":{"line":239,"column":15}},"type":"binary-expr","locations":[{"start":{"line":239,"column":6},"end":{"line":239,"column":15}},{"start":{"line":239,"column":6},"end":{"line":239,"column":15}}]},"48":{"loc":{"start":{"line":242,"column":3},"end":{"line":244,"column":null}},"type":"if","locations":[{"start":{"line":242,"column":3},"end":{"line":244,"column":null}}]},"49":{"loc":{"start":{"line":247,"column":14},"end":{"line":247,"column":31}},"type":"cond-expr","locations":[{"start":{"line":247,"column":21},"end":{"line":247,"column":23}},{"start":{"line":247,"column":14},"end":{"line":247,"column":31}}]},"50":{"loc":{"start":{"line":247,"column":14},"end":{"line":247,"column":23}},"type":"binary-expr","locations":[{"start":{"line":247,"column":14},"end":{"line":247,"column":23}},{"start":{"line":247,"column":14},"end":{"line":247,"column":23}}]},"51":{"loc":{"start":{"line":248,"column":19},"end":{"line":248,"column":41}},"type":"cond-expr","locations":[{"start":{"line":248,"column":26},"end":{"line":248,"column":28}},{"start":{"line":248,"column":19},"end":{"line":248,"column":41}}]},"52":{"loc":{"start":{"line":248,"column":19},"end":{"line":248,"column":28}},"type":"binary-expr","locations":[{"start":{"line":248,"column":19},"end":{"line":248,"column":28}},{"start":{"line":248,"column":19},"end":{"line":248,"column":28}}]},"53":{"loc":{"start":{"line":249,"column":13},"end":{"line":249,"column":29}},"type":"cond-expr","locations":[{"start":{"line":249,"column":20},"end":{"line":249,"column":22}},{"start":{"line":249,"column":13},"end":{"line":249,"column":29}}]},"54":{"loc":{"start":{"line":249,"column":13},"end":{"line":249,"column":22}},"type":"binary-expr","locations":[{"start":{"line":249,"column":13},"end":{"line":249,"column":22}},{"start":{"line":249,"column":13},"end":{"line":249,"column":22}}]},"55":{"loc":{"start":{"line":250,"column":12},"end":{"line":250,"column":27}},"type":"cond-expr","locations":[{"start":{"line":250,"column":19},"end":{"line":250,"column":21}},{"start":{"line":250,"column":12},"end":{"line":250,"column":27}}]},"56":{"loc":{"start":{"line":250,"column":12},"end":{"line":250,"column":21}},"type":"binary-expr","locations":[{"start":{"line":250,"column":12},"end":{"line":250,"column":21}},{"
[...]
,"column":1}}},"20":{"name":"hexToNumber","decl":{"start":{"line":101,"column":9},"end":{"line":101,"column":20}},"loc":{"start":{"line":101,"column":32},"end":{"line":103,"column":1}}},"21":{"name":"bigIntStringify","decl":{"start":{"line":106,"column":9},"end":{"line":106,"column":24}},"loc":{"start":{"line":106,"column":51},"end":{"line":108,"column":1}}},"22":{"name":"getEncodedToken","decl":{"start":{"line":115,"column":9},"end":{"line":115,"column":24}},"loc":{"start":{"line":115,"column":37},"end":{"line":117,"column":1}}},"23":{"name":"getDecodedToken","decl":{"start":{"line":124,"column":9},"end":{"line":124,"column":24}},"loc":{"start":{"line":124,"column":38},"end":{"line":134,"column":1}}},"24":{"name":"(anonymous_24)","decl":{"start":{"line":127,"column":21},"end":{"line":127,"column":22}},"loc":{"start":{"line":127,"column":28},"end":{"line":132,"column":2}}},"25":{"name":"handleTokens","decl":{"start":{"line":140,"column":9},"end":{"line":140,"column":21}},"loc":{"start":{"line":140,"column":35},"end":{"line":166,"column":1}}},"26":{"name":"(anonymous_26)","decl":{"start":{"line":153,"column":22},"end":{"line":153,"column":23}},"loc":{"start":{"line":153,"column":33},"end":{"line":154,"column":13}}},"27":{"name":"(anonymous_27)","decl":{"start":{"line":154,"column":24},"end":{"line":154,"column":25}},"loc":{"start":{"line":154,"column":26},"end":{"line":161,"column":4}}},"28":{"name":"deriveKeysetId","decl":{"start":{"line":172,"column":16},"end":{"line":172,"column":30}},"loc":{"start":{"line":172,"column":41},"end":{"line":180,"column":1}}},"29":{"name":"(anonymous_29)","decl":{"start":{"line":174,"column":8},"end":{"line":174,"column":9}},"loc":{"start":{"line":174,"column":13},"end":{"line":174,"column":19}}},"30":{"name":"(anonymous_30)","decl":{"start":{"line":175,"column":7},"end":{"line":175,"column":8}},"loc":{"start":{"line":175,"column":18},"end":{"line":175,"column":33}}},"31":{"name":"(anonymous_31)","decl":{"start":{"line":176,"column":10},"end":{"line":176,"column":11}},"loc":{"start":{"line":176,"column":21},"end":{"line":176,"column":42}}},"32":{"name":"mergeUInt8Arrays","decl":{"start":{"line":182,"column":9},"end":{"line":182,"column":25}},"loc":{"start":{"line":182,"column":56},"end":{"line":188,"column":1}}},"33":{"name":"sortProofsById","decl":{"start":{"line":190,"column":16},"end":{"line":190,"column":30}},"loc":{"start":{"line":190,"column":51},"end":{"line":192,"column":1}}},"34":{"name":"(anonymous_34)","decl":{"start":{"line":191,"column":20},"end":{"line":191,"column":21}},"loc":{"start":{"line":191,"column":25},"end":{"line":191,"column":31}}},"35":{"name":"isObj","decl":{"start":{"line":194,"column":16},"end":{"line":194,"column":21}},"loc":{"start":{"line":194,"column":32},"end":{"line":196,"column":1}}},"36":{"name":"checkResponse","decl":{"start":{"line":198,"column":16},"end":{"line":198,"column":29}},"loc":{"start":{"line":198,"column":71},"end":{"line":206,"column":1}}},"37":{"name":"joinUrls","decl":{"start":{"line":208,"column":16},"end":{"line":208,"column":24}},"loc":{"start":{"line":208,"column":24},"end":{"line":210,"column":1}}},"38":{"name":"(anonymous_38)","decl":{"start":{"line":209,"column":18},"end":{"line":209,"column":19}},"loc":{"start":{"line":209,"column":23},"end":{"line":209,"column":32}}},"39":{"name":"sanitizeUrl","decl":{"start":{"line":212,"column":16},"end":{"line":212,"column":27}},"loc":{"start":{"line":212,"column":39},"end":{"line":214,"column":1}}},"40":{"name":"sumProofs","decl":{"start":{"line":216,"column":16},"end":{"line":216,"column":25}},"loc":{"start":{"line":216,"column":46},"end":{"line":218,"column":1}}},"41":{"name":"(anonymous_41)","decl":{"start":{"line":217,"column":22},"end":{"line":217,"column":23}},"loc":{"start":{"line":217,"column":33},"end":{"line":217,"column":41}}}},"branchMap":{"0":{"loc":{"start":{"line":23,"column":1},"end":{"line":35,"column":null}},"type":"if","locations":[{"start":{"line":23,"column":1},"end":{"line":35,"column":null}}]},"1":{"loc":{"start":{"line":24,"column":2},"end":{"line":28,"column":null}},"type":"if","locations":[{"start":{"line":24,"column":2},"end":{"line":28,"column":null}}]},"2":{"loc":{"start":{"line":42,"column":31},"end":{"line":42,"column":63}},"type":"cond-expr","locations":[{"start":{"line":42,"column":50},"end":{"line":42,"column":55}},{"start":{"line":42,"column":58},"end":{"line":42,"column":63}}]},"3":{"loc":{"start":{"line":65,"column":8},"end":{"line":65,"column":42}},"type":"binary-expr","locations":[{"start":{"line":65,"column":8},"end":{"line":65,"column":14}},{"start":{"line":65,"column":18},"end":{"line":65,"column":42}}]},"4":{"loc":{"start":{"line":80,"column":2},"end":{"line":82,"column":null}},"type":"if","locations":[{"start":{"line":80,"column":2},"end":{"line":82,"column":null}}]},"5":{"loc":{"start":{"line":90,"column":1},"end":{"line":94,"column":3}},"type":"cond-expr","locations":[{"start":{"line":90,"column":11},"end":{"line":90,"column":13}},{"start":{"line":90,"column":1},"end":{"line":94,"column":3}}]},"6":{"loc":{"start":{"line":90,"column":1},"end":{"line":90,"column":13}},"type":"binary-expr","locations":[{"start":{"line":90,"column":1},"end":{"line":90,"column":13}},{"start":{"line":90,"column":1},"end":{"line":90,"column":13}}]},"7":{"loc":{"start":{"line":107,"column":8},"end":{"line":107,"column":60}},"type":"cond-expr","locations":[{"start":{"line":107,"column":36},"end":{"line":107,"column":52}},{"start":{"line":107,"column":55},"end":{"line":107,"column":60}}]},"8":{"loc":{"start":{"line":128,"column":2},"end":{"line":130,"column":null}},"type":"if","locations":[{"start":{"line":128,"column":2},"end":{"line":130,"column":null}}]},"9":{"loc":{"start":{"line":143,"column":1},"end":{"line":164,"column":null}},"type":"if","locations":[{"start":{"line":143,"column":1},"end":{"line":164,"column":null}},{"start":{"line":145,"column":8},"end":{"line":164,"column":null}}]},"10":{"loc":{"start":{"line":145,"column":8},"end":{"line":164,"column":null}},"type":"if","locations":[{"start":{"line":145,"column":8},"end":{"line":164,"column":null}}]},"11":{"loc":{"start":{"line":163,"column":44},"end":{"line":163,"column":61}},"type":"binary-expr","locations":[{"start":{"line":163,"column":44},"end":{"line":163,"column":55}},{"start":{"line":163,"column":59},"end":{"line":163,"column":61}}]},"12":{"loc":{"start":{"line":199,"column":1},"end":{"line":199,"column":26}},"type":"if","locations":[{"start":{"line":199,"column":1},"end":{"line":199,"column":26}}]},"13":{"loc":{"start":{"line":200,"column":1},"end":{"line":202,"column":null}},"type":"if","locations":[{"start":{"line":200,"column":1},"end":{"line":202,"column":null}}]},"14":{"loc":{"start":{"line":200,"column":5},"end":{"line":200,"column":34}},"type":"binary-expr","locations":[{"start":{"line":200,"column":5},"end":{"line":200,"column":20}},{"start":{"line":200,"column":24},"end":{"line":200,"column":34}}]},"15":{"loc":{"start":{"line":203,"column":1},"end":{"line":205,"column":null}},"type":"if","locations":[{"start":{"line":203,"column":1},"end":{"line":205,"column":null}}]},"16":{"loc":{"start":{"line":203,"column":5},"end":{"line":203,"column":36}},"type":"binary-expr","locations":[{"start":{"line":203,"column":5},"end":{"line":203,"column":21}},{"start":{"line":203,"column":25},"end":{"line":203,"column":36}}]}},"s":{"0":1,"1":1,"2":1,"3":1,"4":1,"5":1,"6":1,"7":0,"8":0,"9":0,"10":0,"11":0,"12":0,"13":0,"14":1,"15":1,"16":64,"17":64,"18":64,"19":3,"20":64,"21":1,"22":2,"23":1,"24":0,"25":0,"26":0,"27":0,"28":0,"29":0,"30":0,"31":0,"32":0,"33":0,"34":0,"35":0,"36":1,"37":0,"38":1,"39":64,"40":63,"41":0,"42":0,"43":0,"44":0,"45":0,"46":0,"47":0,"48":0,"49":0,"50":0,"51":0,"52":0,"53":0,"54":0,"55":0,"56":1,"57":0,"58":1,"59":0,"60":1,"61":0,"62":1,"63":0,"64":1,"65":0,"66":0,"67":0,"68":0,"69":0,"70":0,"71":1,"72":0,"73":0,"74":0,"75":0,"76":0,"77":0,"78":0,"79":0,"80":0,"81":0,"82":0,"83":0,"84":0,"85":0,"86":0,"87":0,"88":0,"89":0,"90":0,"91":0,"92":0,"93":1,"94":0,"95":0,"96":0,"97":0,"98":0,"99":0,"100":1,"101":2,"102":1,"103":0,"104":0,"105":0,"106":0,"107":0,"108":0,"109":1,"110":21,"111":5,"112":11,"113":1,"114":1,"115":1,"116":24,"117":25,"118":1},"f":{"0":1,"1":0,"2":0,"3":0,"4":64,"5":2,"6":0,"7":0,"8":0,"9":0,"10":0,"11":1,"12":64,"13":63,"14":0,"15":0,"16":0,"17":0,"18":0,"19":0,"20":0,"21":0,"22":0,"23":0,"24":0,"25":0,"26":0,"27":0,"28":0,"29":0,"30":0,"31":0,"32":0,"33":0,"34":0,"35":2,"36":0,"37":5,"38":11,"39":1,"40":24,"41":25},"b":{"0":[0],"1":[0],"2":[0,2],"3":[0,0],"4":[0],"5":[0,0],"6":[0,0],"7":[0,0],"8":[0],"9":[0,0],"10":[0],"11":[0,0],"12":[0],"13":[0],"14":[0,0],"15":[0],"16":[0,0]}}
,"/Users/cc/git/cashu-ts/src/legacy/nut-04.ts": {"path":"/Users/cc/git/cashu-ts/src/legacy/nut-04.ts","statementMap":{"0":{"start":{"line":2,"column":0},"end":{"line":2,"column":57}},"1":{"start":{"line":12,"column":1},"end":{"line":19,"column":null}},"2":{"start":{"line":13,"column":2},"end":{"line":15,"column":4}},"3":{"start":{"line":16,"column":2},"end":{"line":18,"column":null}},"4":{"start":{"line":17,"column":3},"end":{"line":17,"column":80}},"5":{"start":{"line":20,"column":1},"end":{"line":20,"column":17}},"6":{"start":{"line":8,"column":0},"end":{"line":8,"column":16}}},"fnMap":{"0":{"name":"handleMintQuoteResponseDeprecated","decl":{"start":{"line":8,"column":16},"end":{"line":8,"column":49}},"loc":{"start":{"line":9,"column":62},"end":{"line":21,"column":1}}}},"branchMap":{"0":{"loc":{"start":{"line":12,"column":1},"end":{"line":19,"column":null}},"type":"if","locations":[{"start":{"line":12,"column":1},"end":{"line":19,"column":null}}]},"1":{"loc":{"start":{"line":16,"column":2},"end":{"line":18,"column":null}},"type":"if","locations":[{"start":{"line":16,"column":2},"end":{"line":18,"column":null}}]},"2":{"loc":{"start":{"line":17,"column":20},"end":{"line":17,"column":79}},"type":"cond-expr","locations":[{"start":{"line":17,"column":36},"end":{"line":17,"column":55}},{"start":{"line":17,"column":58},"end":{"line":17,"column":79}}]}},"s":{"0":1,"1":1,"2":0,"3":0,"4":0,"5":1,"6":1},"f":{"0":1},"b":{"0":[0],"1":[0],"2":[0,0]}}
,"/Users/cc/git/cashu-ts/src/legacy/nut-05.ts": {"path":"/Users/cc/git/cashu-ts/src/legacy/nut-05.ts","statementMap":{"0":{"start":{"line":2,"column":0},"end":{"line":2,"column":57}},"1":{"start":{"line":12,"column":1},"end":{"line":19,"column":null}},"2":{"start":{"line":13,"column":2},"end":{"line":15,"column":4}},"3":{"start":{"line":16,"column":2},"end":{"line":18,"column":null}},"4":{"start":{"line":17,"column":3},"end":{"line":17,"column":80}},"5":{"start":{"line":20,"column":1},"end":{"line":20,"column":17}},"6":{"start":{"line":8,"column":0},"end":{"line":8,"column":16}}},"fnMap":{"0":{"name":"handleMeltQuoteResponseDeprecated","decl":{"start":{"line":8,"column":16},"end":{"line":8,"column":49}},"loc":{"start":{"line":9,"column":62},"end":{"line":21,"column":1}}}},"branchMap":{"0":{"loc":{"start":{"line":12,"column":1},"end":{"line":19,"column":null}},"type":"if","locations":[{"start":{"line":12,"column":1},"end":{"line":19,"column":null}}]},"1":{"loc":{"start":{"line":16,"column":2},"end":{"line":18,"column":null}},"type":"if","locations":[{"start":{"line":16,"column":2},"end":{"line":18,"column":null}}]},"2":{"loc":{"start":{"line":17,"column":20},"end":{"line":17,"column":79}},"type":"cond-expr","locations":[{"start":{"line":17,"column":36},"end":{"line":17,"column":55}},{"start":{"line":17,"column":58},"end":{"line":17,"column":79}}]}},"s":{"0":1,"1":0,"2":0,"3":0,"4":0,"5":0,"6":1},"f":{"0":0},"b":{"0":[0],"1":[0],"2":[0,0]}}
,"/Users/cc/git/cashu-ts/src/legacy/nut-06.ts": {"path":"/Users/cc/git/cashu-ts/src/legacy/nut-06.ts","statementMap":{"0":{"start":{"line":6,"column":1},"end":{"line":21,"column":null}},"1":{"start":{"line":7,"column":2},"end":{"line":20,"column":5}},"2":{"start":{"line":8,"column":3},"end":{"line":18,"column":null}},"3":{"start":{"line":14,"column":4},"end":{"line":16,"column":6}},"4":{"start":{"line":17,"column":4},"end":{"line":17,"column":71}},"5":{"start":{"line":19,"column":3},"end":{"line":19,"column":18}},"6":{"start":{"line":22,"column":1},"end":{"line":22,"column":13}},"7":{"start":{"line":3,"column":0},"end":{"line":3,"column":16}}},"fnMap":{"0":{"name":"handleMintInfoContactFieldDeprecated","decl":{"start":{"line":3,"column":16},"end":{"line":3,"column":52}},"loc":{"start":{"line":3,"column":67},"end":{"line":23,"column":1}}},"1":{"name":"(anonymous_1)","decl":{"start":{"line":7,"column":34},"end":{"line":7,"column":35}},"loc":{"start":{"line":7,"column":59},"end":{"line":20,"column":3}}}},"branchMap":{"0":{"loc":{"start":{"line":6,"column":1},"end":{"line":21,"column":null}},"type":"if","locations":[{"start":{"line":6,"column":1},"end":{"line":21,"column":null}}]},"1":{"loc":{"start":{"line":6,"column":5},"end":{"line":6,"column":61}},"type":"binary-expr","locations":[{"start":{"line":6,"column":5},"end":{"line":6,"column":33}},{"start":{"line":6,"column":37},"end":{"line":6,"column":61}}]},"2":{"loc":{"start":{"line":6,"column":19},"end":{"line":6,"column":32}},"type":"cond-expr","locations":[{"start":{"line":6,"column":23},"end":{"line":6,"column":25}},{"start":{"line":6,"column":19},"end":{"line":6,"column":32}}]},"3":{"loc":{"start":{"line":6,"column":19},"end":{"line":6,"column":25}},"type":"binary-expr","locations":[{"start":{"line":6,"column":19},"end":{"line":6,"column":25}},{"start":{"line":6,"column":19},"end":{"line":6,"column":25}}]},"4":{"loc":{"start":{"line":6,"column":37},"end":{"line":6,"column":57}},"type":"cond-expr","locations":[{"start":{"line":6,"column":41},"end":{"line":6,"column":43}},{"start":{"line":6,"column":37},"end":{"line":6,"column":57}}]},"5":{"loc":{"start":{"line":6,"column":37},"end":{"line":6,"column":43}},"type":"binary-expr","locations":[{"start":{"line":6,"column":37},"end":{"line":6,"column":43}},{"start":{"line":6,"column":37},"end":{"line":6,"column":43}}]},"6":{"loc":{"start":{"line":8,"column":3},"end":{"line":18,"column":null}},"type":"if","locations":[{"start":{"line":8,"column":3},"end":{"line":18,"column":null}}]},"7":{"loc":{"start":{"line":9,"column":4},"end":{"line":12,"column":34}},"type":"binary-expr","locations":[{"start":{"line":9,"column":4},"end":{"line":9,"column":26}},{"start":{"line":10,"column":4},"end":{"line":10,"column":24}},{"start":{"line":11,"column":4},"end":{"line":11,"column":34}},{"start":{"line":12,"column":4},"end":{"line":12,"column":34}}]}},"s":{"0":0,"1":0,"2":0,"3":0,"4":0,"5":0,"6":0,"7":1},"f":{"0":0,"1":0},"b":{"0":[0],"1":[0,0],"2":[0,0],"3":[0,0],"4":[0,0],"5":[0,0],"6":[0],"7":[0,0,0,0]}}
,"/Users/cc/git/cashu-ts/src/model/BlindedMessage.ts": {"path":"/Users/cc/git/cashu-ts/src/model/BlindedMessage.ts","statementMap":{"0":{"start":{"line":4,"column":0},"end":{"line":4,"column":null}},"1":{"start":{"line":9,"column":2},"end":{"line":9,"column":23}},"2":{"start":{"line":10,"column":2},"end":{"line":10,"column":15}},"3":{"start":{"line":11,"column":2},"end":{"line":11,"column":15}},"4":{"start":{"line":13,"column":1},"end":{"line":15,"column":null}},"5":{"start":{"line":14,"column":2},"end":{"line":14,"column":71}},"6":{"start":{"line":16,"column":0},"end":{"line":16,"column":null}},"7":{"start":{"line":17,"column":9},"end":{"line":17,"column":23}}},"fnMap":{"0":{"name":"(anonymous_0)","decl":{"start":{"line":4,"column":0},"end":{"line":4,"column":null}},"loc":{"start":{"line":4,"column":0},"end":{"line":16,"column":null}}},"1":{"name":"BlindedMessage","decl":{"start":{"line":8,"column":1},"end":{"line":8,"column":13}},"loc":{"start":{"line":8,"column":66},"end":{"line":12,"column":2}}},"2":{"name":"(anonymous_2)","decl":{"start":{"line":13,"column":1},"end":{"line":13,"column":28}},"loc":{"start":{"line":13,"column":1},"end":{"line":15,"column":2}}}},"branchMap":{},"s":{"0":1,"1":3,"2":3,"3":3,"4":1,"5":3,"6":1,"7":1},"f":{"0":1,"1":3,"2":3},"b":{}}
,"/Users/cc/git/cashu-ts/src/model/Errors.ts": {"path":"/Users/cc/git/cashu-ts/src/model/Errors.ts","statementMap":{"0":{"start":{"line":1,"column":0},"end":{"line":1,"column":null}},"1":{"start":{"line":1,"column":39},"end":{"line":1,"column":44}},"2":{"start":{"line":4,"column":2},"end":{"line":4,"column":null}},"3":{"start":{"line":5,"column":2},"end":{"line":5,"column":23}},"4":{"start":{"line":7,"column":0},"end":{"line":7,"column":null}},"5":{"start":{"line":1,"column":13},"end":{"line":1,"column":30}}},"fnMap":{"0":{"name":"(anonymous_6)","decl":{"start":{"line":1,"column":0},"end":{"line":1,"column":13}},"loc":{"start":{"line":1,"column":0},"end":{"line":7,"column":null}}},"1":{"name":"HttpResponseError","decl":{"start":{"line":3,"column":1},"end":{"line":3,"column":13}},"loc":{"start":{"line":3,"column":44},"end":{"line":6,"column":2}}}},"branchMap":{"0":{"loc":{"start":{"line":4,"column":2},"end":{"line":4,"column":null}},"type":"binary-expr","locations":[{"start":{"line":4,"column":2},"end":{"line":4,"column":16}},{"start":{"line":4,"column":16},"end":{"line":4,"column":null}}]}},"s":{"0":1,"1":1,"2":0,"3":0,"4":1,"5":1},"f":{"0":1,"1":0},"b":{"0":[0,0]}}
,"/Users/cc/git/cashu-ts/src/model/types/index.ts": {"path":"/Users/cc/git/cashu-ts/src/model/types/index.ts","statementMap":{"0":{"start":{"line":153,"column":0},"end":{"line":153,"column":null}},"1":{"start":{"line":154,"column":1},"end":{"line":154,"column":null}},"2":{"start":{"line":155,"column":1},"end":{"line":155,"column":null}},"3":{"start":{"line":156,"column":1},"end":{"line":156,"column":null}},"4":{"start":{"line":284,"column":0},"end":{"line":284,"column":null}},"5":{"start":{"line":285,"column":1},"end":{"line":285,"column":null}},"6":{"start":{"line":286,"column":1},"end":{"line":286,"column":null}},"7":{"start":{"line":287,"column":1},"end":{"line":287,"column":null}},"8":{"start":{"line":345,"column":0},"end":{"line":345,"column":null}},"9":{"start":{"line":346,"column":1},"end":{"line":346,"column":null}},"10":{"start":{"line":347,"column":1},"end":{"line":347,"column":null}},"11":{"start":{"line":348,"column":1},"end":{"line":348,"column":null}}},"fnMap":{"0":{"name":"(anonymous_0)","decl":{"start":{"line":153,"column":0},"end":{"line":153,"column":12}},"loc":{"start":{"line":153,"column":26},"end":{"line":157,"column":1}}},"1":{"name":"(anonymous_1)","decl":{"start":{"line":284,"column":0},"end":{"line":284,"column":12}},"loc":{"start":{"line":284,"column":26},"end":{"line":288,"column":1}}},"2":{"name":"(anonymous_2)","decl":{"start":{"line":345,"column":0},"end":{"line":345,"column":12}},"loc":{"start":{"line":345,"column":26},"end":{"line":349,"column":1}}}},"branchMap":{"0":{"loc":{"start":{"line":153,"column":12},"end":{"line":153,"column":null}},"type":"binary-expr","locations":[{"start":{"line":153,"column":12},"end":{"line":153,"column":26}},{"start":{"line":153,"column":12},"end":{"line":153,"column":null}}]},"1":{"loc":{"start":{"line":284,"column":12},"end":{"line":284,"column":null}},"type":"binary-expr","locations":[{"start":{"line":284,"column":12},"end":{"line":284,"column":26}},{"start":{"line":284,"column":12},"end":{"line":284,"column":null}}]},"2":{"loc":{"start":{"line":345,"column":12},"end":{"line":345,"column":null}},"type":"binary-expr","locations":[{"start":{"line":345,"column":12},"end":{"line":345,"column":26}},{"start":{"line":345,"column":12},"end":{"line":345,"column":null}}]}},"s":{"0":1,"1":1,"2":1,"3":1,"4":1,"5":1,"6":1,"7":1,"8":1,"9":1,"10":1,"11":1},"f":{"0":1,"1":1,"2":1},"b":{"0":[1,1],"1":[1,1],"2":[1,1]}}
,"/Users/cc/git/cashu-ts/src/utils/Constants.ts": {"path":"/Users/cc/git/cashu-ts/src/utils/Constants.ts","statementMap":{"0":{"start":{"line":4,"column":22},"end":{"line":4,"column":25}},"1":{"start":{"line":7,"column":9},"end":{"line":7,"column":22}},"2":{"start":{"line":5,"column":21},"end":{"line":5,"column":28}},"3":{"start":{"line":7,"column":24},"end":{"line":7,"column":36}}},"fnMap":{},"branchMap":{},"s":{"0":1,"1":1,"2":1,"3":1},"f":{},"b":{}}
}
