TN:
SF:src/CashuMint.ts
FN:36,(anonymous_14)
FN:41,CashuMint
FN:46,(anonymous_16)
FN:55,(anonymous_17)
FN:66,(anonymous_20)
FN:77,(anonymous_23)
FN:100,(anonymous_26)
FN:111,(anonymous_29)
FN:130,(anonymous_32)
FN:141,(anonymous_35)
FN:160,(anonymous_38)
FN:171,(anonymous_41)
FN:194,(anonymous_44)
FN:204,(anonymous_47)
FN:233,(anonymous_50)
FN:243,(anonymous_53)
FN:274,(anonymous_56)
FN:285,(anonymous_59)
FN:314,(anonymous_62)
FN:324,(anonymous_65)
FN:350,(anonymous_68)
FN:376,(anonymous_71)
FN:390,(anonymous_74)
FN:402,(anonymous_77)
FN:411,(anonymous_80)
FN:415,(anonymous_83)
FN:434,(anonymous_86)
FNF:27
FNH:10
FNDA:1,(anonymous_14)
FNDA:1,CashuMint
FNDA:0,(anonymous_16)
FNDA:0,(anonymous_17)
FNDA:0,(anonymous_20)
FNDA:0,(anonymous_23)
FNDA:0,(anonymous_26)
FNDA:1,(anonymous_29)
FNDA:1,(anonymous_32)
FNDA:0,(anonymous_35)
FNDA:0,(anonymous_38)
FNDA:1,(anonymous_41)
FNDA:1,(anonymous_44)
FNDA:0,(anonymous_47)
FNDA:0,(anonymous_50)
FNDA:0,(anonymous_53)
FNDA:0,(anonymous_56)
FNDA:0,(anonymous_59)
FNDA:0,(anonymous_62)
FNDA:0,(anonymous_65)
FNDA:1,(anonymous_68)
FNDA:1,(anonymous_71)
FNDA:2,(anonymous_74)
FNDA:2,(anonymous_77)
FNDA:0,(anonymous_80)
FNDA:0,(anonymous_83)
FNDA:0,(anonymous_86)
DA:21,1
DA:22,1
DA:23,1
DA:24,1
DA:28,1
DA:32,1
DA:36,1
DA:41,1
DA:42,1
DA:43,1
DA:46,1
DA:47,0
DA:55,1
DA:56,0
DA:57,0
DA:60,0
DA:61,0
DA:66,1
DA:67,0
DA:77,1
DA:82,0
DA:83,0
DA:89,0
DA:90,0
DA:93,0
DA:100,1
DA:101,0
DA:111,1
DA:116,1
DA:117,1
DA:122,1
DA:123,1
DA:130,1
DA:131,1
DA:141,1
DA:146,0
DA:147,0
DA:152,0
DA:153,0
DA:160,1
DA:161,0
DA:171,1
DA:176,1
DA:177,1
DA:183,1
DA:184,0
DA:187,1
DA:194,1
DA:195,1
DA:204,1
DA:209,0
DA:210,0
DA:216,0
DA:218,0
DA:224,0
DA:226,0
DA:233,1
DA:234,0
DA:243,1
DA:248,0
DA:249,0
DA:254,0
DA:256,0
DA:264,0
DA:267,0
DA:274,1
DA:275,0
DA:285,1
DA:290,0
DA:291,0
DA:297,0
DA:299,0
DA:304,0
DA:307,0
DA:314,1
DA:315,0
DA:324,1
DA:329,0
DA:330,0
DA:336,0
DA:337,0
DA:340,0
DA:350,1
DA:356,1
DA:358,1
DA:360,1
DA:361,1
DA:365,1
DA:366,0
DA:369,1
DA:376,1
DA:377,1
DA:382,1
DA:390,1
DA:394,2
DA:395,2
DA:402,1
DA:403,2
DA:411,1
DA:412,0
DA:415,1
DA:420,0
DA:421,0
DA:427,0
DA:428,0
DA:431,0
DA:434,1
DA:437,0
DA:439,1
DA:441,1
LF:110
LH:58
BRDA:56,0,0,0
BRDA:56,0,1,0
BRDA:82,1,0,0
BRDA:82,1,1,0
BRDA:89,2,0,0
BRDA:89,3,0,0
BRDA:89,3,1,0
BRDA:89,4,0,0
BRDA:89,4,1,0
BRDA:89,5,0,0
BRDA:89,5,1,0
BRDA:90,6,0,0
BRDA:90,6,1,0
BRDA:90,7,0,0
BRDA:90,7,1,0
BRDA:116,8,0,1
BRDA:116,8,1,1
BRDA:146,9,0,0
BRDA:146,9,1,0
BRDA:176,10,0,1
BRDA:176,10,1,1
BRDA:183,11,0,0
BRDA:183,12,0,1
BRDA:183,12,1,1
BRDA:183,13,0,0
BRDA:183,13,1,1
BRDA:183,14,0,1
BRDA:183,14,1,1
BRDA:209,15,0,0
BRDA:209,15,1,0
BRDA:218,16,0,0
BRDA:219,17,0,0
BRDA:219,17,1,0
BRDA:219,17,2,0
BRDA:219,17,3,0
BRDA:220,18,0,0
BRDA:220,18,1,0
BRDA:220,19,0,0
BRDA:220,19,1,0
BRDA:221,20,0,0
BRDA:221,20,1,0
BRDA:221,21,0,0
BRDA:221,21,1,0
BRDA:222,22,0,0
BRDA:222,22,1,0
BRDA:222,23,0,0
BRDA:222,23,1,0
BRDA:248,24,0,0
BRDA:248,24,1,0
BRDA:256,25,0,0
BRDA:257,26,0,0
BRDA:257,26,1,0
BRDA:257,26,2,0
BRDA:257,26,3,0
BRDA:257,26,4,0
BRDA:257,26,5,0
BRDA:258,27,0,0
BRDA:258,27,1,0
BRDA:258,28,0,0
BRDA:258,28,1,0
BRDA:259,29,0,0
BRDA:259,29,1,0
BRDA:259,30,0,0
BRDA:259,30,1,0
BRDA:260,31,0,0
BRDA:260,31,1,0
BRDA:260,32,0,0
BRDA:260,32,1,0
BRDA:261,33,0,0
BRDA:261,33,1,0
BRDA:261,34,0,0
BRDA:261,34,1,0
BRDA:290,35,0,0
BRDA:290,35,1,0
BRDA:299,36,0,0
BRDA:300,37,0,0
BRDA:300,37,1,0
BRDA:300,37,2,0
BRDA:301,38,0,0
BRDA:301,38,1,0
BRDA:301,39,0,0
BRDA:301,39,1,0
BRDA:329,40,0,0
BRDA:329,40,1,0
BRDA:336,41,0,0
BRDA:336,42,0,0
BRDA:336,42,1,0
BRDA:336,43,0,0
BRDA:336,43,1,0
BRDA:336,44,0,0
BRDA:336,44,1,0
BRDA:356,45,0,1
BRDA:360,46,0,1
BRDA:360,46,1,1
BRDA:362,47,0,1
BRDA:362,47,1,0
BRDA:365,48,0,0
BRDA:365,49,0,1
BRDA:365,49,1,1
BRDA:377,50,0,1
BRDA:378,51,0,1
BRDA:378,51,1,1
BRDA:394,52,0,2
BRDA:394,52,1,2
BRDA:420,53,0,0
BRDA:420,53,1,0
BRDA:427,54,0,0
BRDA:427,55,0,0
BRDA:427,55,1,0
BRDA:427,55,2,0
BRDA:427,56,0,0
BRDA:427,56,1,0
BRDA:427,57,0,0
BRDA:427,57,1,0
BRDA:427,58,0,0
BRDA:427,58,1,0
BRDA:427,59,0,0
BRDA:427,59,1,0
BRF:118
BRH:20
end_of_record
TN:
SF:src/CashuWallet.ts
FN:56,(anonymous_14)
FN:75,CashuWallet
FN:92,(anonymous_16)
FN:107,(anonymous_17)
FN:110,(anonymous_18)
FN:113,(anonymous_19)
FN:119,(anonymous_20)
FN:122,(anonymous_21)
FN:125,(anonymous_22)
FN:136,(anonymous_23)
FN:144,(anonymous_26)
FN:154,(anonymous_29)
FN:156,(anonymous_32)
FN:161,(anonymous_33)
FN:163,(anonymous_36)
FN:177,(anonymous_37)
FN:196,(anonymous_40)
FN:197,(anonymous_41)
FN:206,(anonymous_42)
FN:228,(anonymous_43)
FN:268,(anonymous_46)
FN:283,(anonymous_49)
FN:308,(anonymous_50)
FN:363,(anonymous_53)
FN:369,(anonymous_54)
FN:371,(anonymous_55)
FN:372,(anonymous_56)
FN:374,(anonymous_57)
FN:375,(anonymous_58)
FN:385,(anonymous_59)
FN:389,(anonymous_60)
FN:435,(anonymous_61)
FN:438,(anonymous_62)
FN:443,(anonymous_63)
FN:447,(anonymous_64)
FN:448,(anonymous_65)
FN:472,(anonymous_66)
FN:519,(anonymous_69)
FN:539,(anonymous_70)
FN:557,(anonymous_73)
FN:557,(anonymous_74)
FN:558,(anonymous_75)
FN:559,(anonymous_76)
FN:572,(anonymous_77)
FN:585,(anonymous_80)
FN:600,(anonymous_83)
FN:616,(anonymous_86)
FN:618,(anonymous_87)
FN:643,(anonymous_88)
FN:657,(anonymous_91)
FN:671,(anonymous_94)
FN:711,(anonymous_97)
FN:737,(anonymous_100)
FN:748,(anonymous_103)
FN:749,(anonymous_104)
FN:766,(anonymous_105)
FN:778,(anonymous_106)
FN:800,(anonymous_107)
FN:809,(anonymous_108)
FN:834,(anonymous_109)
FN:836,(anonymous_112)
FN:843,(anonymous_113)
FN:844,(anonymous_114)
FN:858,(anonymous_115)
FN:877,(anonymous_116)
FN:924,(anonymous_117)
FN:947,(anonymous_118)
FN:954,(anonymous_119)
FN:961,(anonymous_120)
FNF:69
FNH:24
FNDA:1,(anonymous_14)
FNDA:1,CashuWallet
FNDA:0,(anonymous_16)
FNDA:0,(anonymous_17)
FNDA:0,(anonymous_18)
FNDA:0,(anonymous_19)
FNDA:1,(anonymous_20)
FNDA:0,(anonymous_21)
FNDA:0,(anonymous_22)
FNDA:0,(anonymous_23)
FNDA:0,(anonymous_26)
FNDA:0,(anonymous_29)
FNDA:0,(anonymous_32)
FNDA:0,(anonymous_33)
FNDA:0,(anonymous_36)
FNDA:2,(anonymous_37)
FNDA:1,(anonymous_40)
FNDA:0,(anonymous_41)
FNDA:1,(anonymous_42)
FNDA:0,(anonymous_43)
FNDA:0,(anonymous_46)
FNDA:0,(anonymous_49)
FNDA:1,(anonymous_50)
FNDA:4,(anonymous_53)
FNDA:4,(anonymous_54)
FNDA:6,(anonymous_55)
FNDA:0,(anonymous_56)
FNDA:6,(anonymous_57)
FNDA:2,(anonymous_58)
FNDA:0,(anonymous_59)
FNDA:0,(anonymous_60)
FNDA:6,(anonymous_61)
FNDA:6,(anonymous_62)
FNDA:1,(anonymous_63)
FNDA:1,(anonymous_64)
FNDA:0,(anonymous_65)
FNDA:1,(anonymous_66)
FNDA:0,(anonymous_69)
FNDA:0,(anonymous_70)
FNDA:0,(anonymous_73)
FNDA:0,(anonymous_74)
FNDA:0,(anonymous_75)
FNDA:0,(anonymous_76)
FNDA:1,(anonymous_77)
FNDA:0,(anonymous_80)
FNDA:1,(anonymous_83)
FNDA:0,(anonymous_86)
FNDA:0,(anonymous_87)
FNDA:0,(anonymous_88)
FNDA:0,(anonymous_91)
FNDA:0,(anonymous_94)
FNDA:0,(anonymous_97)
FNDA:0,(anonymous_100)
FNDA:0,(anonymous_103)
FNDA:0,(anonymous_104)
FNDA:0,(anonymous_105)
FNDA:0,(anonymous_106)
FNDA:0,(anonymous_107)
FNDA:0,(anonymous_108)
FNDA:0,(anonymous_109)
FNDA:0,(anonymous_112)
FNDA:0,(anonymous_113)
FNDA:0,(anonymous_114)
FNDA:1,(anonymous_115)
FNDA:1,(anonymous_116)
FNDA:0,(anonymous_117)
FNDA:1,(anonymous_118)
FNDA:3,(anonymous_119)
FNDA:3,(anonymous_120)
DA:1,1
DA:2,1
DA:3,1
DA:4,1
DA:28,1
DA:36,1
DA:37,1
DA:38,1
DA:39,1
DA:44,1
DA:49,1
DA:56,1
DA:57,1
DA:59,1
DA:60,1
DA:61,1
DA:62,1
DA:75,1
DA:85,1
DA:86,1
DA:87,1
DA:88,0
DA:89,1
DA:90,0
DA:92,1
DA:93,1
DA:94,1
DA:95,1
DA:96,1
DA:97,0
DA:98,0
DA:100,0
DA:101,0
DA:103,0
DA:107,1
DA:108,0
DA:110,1
DA:111,0
DA:113,1
DA:114,0
DA:115,0
DA:117,0
DA:120,1
DA:122,1
DA:123,0
DA:125,1
DA:126,0
DA:127,0
DA:129,0
DA:136,1
DA:137,0
DA:138,0
DA:144,1
DA:145,0
DA:146,0
DA:147,0
DA:154,1
DA:155,0
DA:156,0
DA:157,0
DA:158,0
DA:161,1
DA:162,0
DA:163,0
DA:164,0
DA:177,1
DA:178,4
DA:179,0
DA:180,0
DA:181,0
DA:183,0
DA:184,0
DA:185,0
DA:186,0
DA:188,0
DA:189,0
DA:190,0
DA:194,2
DA:195,1
DA:196,1
DA:197,0
DA:198,1
DA:199,0
DA:204,1
DA:205,1
DA:206,1
DA:207,1
DA:208,0
DA:212,1
DA:214,1
DA:215,1
DA:228,1
DA:239,0
DA:240,0
DA:242,0
DA:243,0
DA:245,0
DA:246,0
DA:253,0
DA:255,0
DA:268,1
DA:279,0
DA:280,0
DA:281,0
DA:283,0
DA:284,0
DA:285,0
DA:294,0
DA:295,0
DA:301,0
DA:303,0
DA:305,0
DA:308,1
DA:321,1
DA:322,0
DA:323,1
DA:324,0
DA:326,1
DA:331,1
DA:337,1
DA:338,1
DA:343,1
DA:352,1
DA:353,0
DA:354,0
DA:355,0
DA:356,0
DA:358,0
DA:360,0
DA:363,1
DA:366,5
DA:369,4
DA:370,4
DA:371,6
DA:372,0
DA:373,4
DA:374,6
DA:375,2
DA:376,4
DA:377,4
DA:382,4
DA:383,0
DA:385,0
DA:388,0
DA:389,0
DA:394,4
DA:395,2
DA:400,2
DA:403,2
DA:404,2
DA:405,2
DA:406,2
DA:407,2
DA:408,2
DA:409,2
DA:410,2
DA:419,2
DA:420,2
DA:423,2
DA:424,2
DA:425,2
DA:432,2
DA:435,6
DA:437,2
DA:438,6
DA:443,1
DA:444,1
DA:448,1
DA:456,1
DA:472,1
DA:484,1
DA:485,0
DA:486,1
DA:487,0
DA:488,0
DA:489,0
DA:490,0
DA:495,0
DA:497,0
DA:498,0
DA:499,0
DA:508,0
DA:509,0
DA:516,0
DA:517,0
DA:518,0
DA:519,0
DA:520,0
DA:521,0
DA:522,0
DA:523,0
DA:525,0
DA:527,0
DA:539,1
DA:546,0
DA:547,0
DA:548,0
DA:551,0
DA:552,0
DA:554,0
DA:557,0
DA:558,0
DA:559,0
DA:562,0
DA:572,1
DA:573,1
DA:577,1
DA:585,1
DA:586,0
DA:600,1
DA:611,1
DA:612,0
DA:613,1
DA:616,0
DA:618,0
DA:620,1
DA:621,1
DA:628,1
DA:632,1
DA:633,1
DA:643,1
DA:644,0
DA:648,0
DA:649,0
DA:657,1
DA:658,0
DA:659,0
DA:671,1
DA:679,0
DA:680,0
DA:685,0
DA:690,0
DA:692,0
DA:711,1
DA:720,0
DA:721,0
DA:723,0
DA:737,1
DA:746,0
DA:747,0
DA:748,0
DA:749,0
DA:750,0
DA:766,1
DA:778,0
DA:779,0
DA:780,0
DA:782,0
DA:788,0
DA:789,0
DA:791,0
DA:798,0
DA:799,0
DA:801,0
DA:809,0
DA:813,0
DA:823,0
DA:827,0
DA:834,1
DA:835,0
DA:836,0
DA:837,0
DA:841,0
DA:843,0
DA:844,0
DA:845,0
DA:858,1
DA:865,1
DA:866,1
DA:877,1
DA:884,1
DA:885,0
DA:889,1
DA:890,1
DA:891,1
DA:892,1
DA:893,3
DA:894,3
DA:895,3
DA:896,0
DA:897,3
DA:898,0
DA:899,0
DA:901,3
DA:903,3
DA:904,3
DA:905,3
DA:907,3
DA:908,3
DA:909,3
DA:910,3
DA:911,3
DA:913,1
DA:924,1
DA:929,0
DA:931,0
DA:932,0
DA:934,0
DA:935,0
DA:936,0
DA:947,1
DA:953,1
DA:955,3
DA:956,3
DA:957,3
DA:958,3
DA:959,3
DA:961,3
DA:963,1
DA:965,1
LF:310
LH:153
BRDA:87,0,0,0
BRDA:87,0,1,1
BRDA:87,1,0,1
BRDA:87,1,1,0
BRDA:87,2,0,0
BRDA:87,2,1,1
BRDA:87,3,0,1
BRDA:87,3,1,1
BRDA:89,4,0,0
BRDA:89,5,0,1
BRDA:89,5,1,0
BRDA:89,6,0,0
BRDA:89,6,1,1
BRDA:89,7,0,1
BRDA:89,7,1,1
BRDA:89,8,0,0
BRDA:89,8,1,0
BRDA:89,9,0,0
BRDA:89,9,1,0
BRDA:90,10,0,0
BRDA:90,10,1,0
BRDA:90,11,0,0
BRDA:90,11,1,0
BRDA:92,12,0,1
BRDA:93,13,0,1
BRDA:93,14,0,0
BRDA:93,14,1,1
BRDA:93,15,0,1
BRDA:93,15,1,1
BRDA:93,16,0,0
BRDA:93,16,1,1
BRDA:93,17,0,1
BRDA:93,17,1,1
BRDA:94,18,0,0
BRDA:94,19,0,0
BRDA:94,19,1,1
BRDA:94,20,0,1
BRDA:94,20,1,1
BRDA:95,21,0,1
BRDA:95,21,1,0
BRDA:95,22,0,0
BRDA:95,22,1,1
BRDA:95,23,0,1
BRDA:95,23,1,1
BRDA:97,24,0,0
BRDA:97,24,1,0
BRDA:97,25,0,0
BRDA:97,25,1,0
BRDA:97,26,0,0
BRDA:97,26,1,0
BRDA:100,27,0,0
BRDA:114,28,0,0
BRDA:126,29,0,0
BRDA:145,30,0,0
BRDA:155,31,0,0
BRDA:162,32,0,0
BRDA:194,33,0,2
BRDA:178,34,0,2
BRDA:179,35,0,0
BRDA:185,36,0,0
BRDA:196,37,0,1
BRDA:196,37,1,1
BRDA:197,38,0,0
BRDA:197,38,1,0
BRDA:197,39,0,0
BRDA:197,39,1,0
BRDA:197,40,0,0
BRDA:197,40,1,0
BRDA:197,41,0,0
BRDA:197,41,1,0
BRDA:198,42,0,0
BRDA:204,43,0,0
BRDA:207,44,0,0
BRDA:239,45,0,0
BRDA:239,46,0,0
BRDA:239,46,1,0
BRDA:239,47,0,0
BRDA:239,47,1,0
BRDA:242,48,0,0
BRDA:247,49,0,0
BRDA:247,49,1,0
BRDA:247,50,0,0
BRDA:247,50,1,0
BRDA:248,51,0,0
BRDA:248,51,1,0
BRDA:248,52,0,0
BRDA:248,52,1,0
BRDA:249,53,0,0
BRDA:249,53,1,0
BRDA:249,54,0,0
BRDA:249,54,1,0
BRDA:250,55,0,0
BRDA:250,55,1,0
BRDA:250,56,0,0
BRDA:250,56,1,0
BRDA:251,57,0,0
BRDA:251,57,1,0
BRDA:251,58,0,0
BRDA:251,58,1,0
BRDA:305,59,0,0
BRDA:279,60,0,0
BRDA:279,61,0,0
BRDA:279,61,1,0
BRDA:279,62,0,0
BRDA:279,62,1,0
BRDA:284,63,0,0
BRDA:284,63,1,0
BRDA:284,64,0,0
BRDA:284,64,1,0
BRDA:289,65,0,0
BRDA:289,65,1,0
BRDA:289,66,0,0
BRDA:289,66,1,0
BRDA:290,67,0,0
BRDA:290,67,1,0
BRDA:290,68,0,0
BRDA:290,68,1,0
BRDA:291,69,0,0
BRDA:291,69,1,0
BRDA:291,70,0,0
BRDA:291,70,1,0
BRDA:292,71,0,0
BRDA:292,71,1,0
BRDA:292,72,0,0
BRDA:292,72,1,0
BRDA:321,73,0,0
BRDA:321,74,0,1
BRDA:321,74,1,0
BRDA:321,75,0,1
BRDA:321,75,1,1
BRDA:323,76,0,0
BRDA:331,77,0,0
BRDA:331,78,0,1
BRDA:331,78,1,0
BRDA:331,78,2,0
BRDA:331,78,3,0
BRDA:331,78,4,0
BRDA:332,79,0,0
BRDA:332,79,1,0
BRDA:332,80,0,0
BRDA:332,80,1,0
BRDA:333,81,0,0
BRDA:333,81,1,0
BRDA:333,82,0,0
BRDA:333,82,1,0
BRDA:334,83,0,0
BRDA:334,83,1,0
BRDA:334,84,0,0
BRDA:334,84,1,0
BRDA:335,85,0,0
BRDA:335,85,1,0
BRDA:335,86,0,0
BRDA:335,86,1,0
BRDA:366,87,0,1
BRDA:380,88,0,2
BRDA:380,88,1,2
BRDA:380,89,0,4
BRDA:380,89,1,4
BRDA:382,90,0,0
BRDA:382,91,0,4
BRDA:382,91,1,2
BRDA:394,92,0,2
BRDA:394,93,0,4
BRDA:394,93,1,2
BRDA:407,94,0,1
BRDA:407,94,1,1
BRDA:409,95,0,2
BRDA:423,96,0,2
BRDA:423,97,0,2
BRDA:423,97,1,2
BRDA:448,98,0,1
BRDA:448,98,1,1
BRDA:448,99,0,1
BRDA:448,99,1,0
BRDA:448,100,0,1
BRDA:448,100,1,1
BRDA:484,101,0,0
BRDA:484,102,0,1
BRDA:484,102,1,0
BRDA:484,103,0,1
BRDA:484,103,1,1
BRDA:486,104,0,1
BRDA:486,104,1,0
BRDA:486,105,0,1
BRDA:486,105,1,1
BRDA:489,106,0,0
BRDA:503,107,0,0
BRDA:503,107,1,0
BRDA:503,108,0,0
BRDA:503,108,1,0
BRDA:504,109,0,0
BRDA:504,109,1,0
BRDA:504,110,0,0
BRDA:504,110,1,0
BRDA:505,111,0,0
BRDA:505,111,1,0
BRDA:505,112,0,0
BRDA:505,112,1,0
BRDA:506,113,0,0
BRDA:506,113,1,0
BRDA:506,114,0,0
BRDA:506,114,1,0
BRDA:520,115,0,0
BRDA:546,116,0,0
BRDA:546,117,0,0
BRDA:546,117,1,0
BRDA:546,118,0,0
BRDA:546,118,1,0
BRDA:547,119,0,0
BRDA:577,120,0,1
BRDA:586,121,0,0
BRDA:586,121,1,0
BRDA:611,122,0,0
BRDA:611,123,0,1
BRDA:611,123,1,0
BRDA:611,124,0,1
BRDA:611,124,1,1
BRDA:615,125,0,1
BRDA:615,125,1,0
BRDA:615,126,0,1
BRDA:615,126,1,1
BRDA:615,127,0,1
BRDA:615,127,1,0
BRDA:615,128,0,1
BRDA:615,128,1,1
BRDA:616,129,0,1
BRDA:616,129,1,0
BRDA:616,130,0,1
BRDA:616,130,1,1
BRDA:616,131,0,1
BRDA:616,131,1,0
BRDA:616,132,0,1
BRDA:616,132,1,1
BRDA:616,133,0,1
BRDA:616,133,1,0
BRDA:616,134,0,1
BRDA:616,134,1,1
BRDA:617,135,0,1
BRDA:617,135,1,0
BRDA:617,136,0,1
BRDA:617,136,1,1
BRDA:617,137,0,1
BRDA:617,137,1,0
BRDA:617,138,0,1
BRDA:617,138,1,1
BRDA:618,139,0,1
BRDA:618,139,1,0
BRDA:618,140,0,1
BRDA:618,140,1,1
BRDA:618,141,0,1
BRDA:618,141,1,0
BRDA:618,142,0,1
BRDA:618,142,1,1
BRDA:620,143,0,1
BRDA:620,143,1,0
BRDA:620,144,0,1
BRDA:620,144,1,1
BRDA:624,145,0,1
BRDA:624,145,1,0
BRDA:624,146,0,1
BRDA:624,146,1,1
BRDA:624,147,0,1
BRDA:624,147,1,0
BRDA:624,148,0,1
BRDA:624,148,1,1
BRDA:625,149,0,1
BRDA:625,149,1,0
BRDA:625,150,0,1
BRDA:625,150,1,1
BRDA:626,151,0,1
BRDA:626,151,1,0
BRDA:626,152,0,1
BRDA:626,152,1,1
BRDA:658,153,0,0
BRDA:679,154,0,0
BRDA:679,155,0,0
BRDA:679,155,1,0
BRDA:679,156,0,0
BRDA:679,156,1,0
BRDA:683,157,0,0
BRDA:683,157,1,0
BRDA:683,158,0,0
BRDA:683,158,1,0
BRDA:695,159,0,0
BRDA:695,159,1,0
BRDA:695,160,0,0
BRDA:695,160,1,0
BRDA:695,161,0,0
BRDA:695,161,1,0
BRDA:723,162,0,0
BRDA:723,162,1,0
BRDA:720,163,0,0
BRDA:724,164,0,0
BRDA:724,164,1,0
BRDA:724,165,0,0
BRDA:724,165,1,0
BRDA:725,166,0,0
BRDA:725,166,1,0
BRDA:725,167,0,0
BRDA:725,167,1,0
BRDA:751,168,0,0
BRDA:751,168,1,0
BRDA:751,169,0,0
BRDA:751,169,1,0
BRDA:752,170,0,0
BRDA:752,170,1,0
BRDA:752,171,0,0
BRDA:752,171,1,0
BRDA:779,172,0,0
BRDA:779,173,0,0
BRDA:779,173,1,0
BRDA:779,173,2,0
BRDA:779,174,0,0
BRDA:779,174,1,0
BRDA:779,175,0,0
BRDA:779,175,1,0
BRDA:785,176,0,0
BRDA:785,176,1,0
BRDA:785,177,0,0
BRDA:785,177,1,0
BRDA:788,178,0,0
BRDA:788,179,0,0
BRDA:788,179,1,0
BRDA:794,180,0,0
BRDA:794,180,1,0
BRDA:794,181,0,0
BRDA:794,181,1,0
BRDA:798,182,0,0
BRDA:845,183,0,0
BRDA:845,183,1,0
BRDA:884,184,0,0
BRDA:884,185,0,1
BRDA:884,185,1,0
BRDA:895,186,0,0
BRDA:895,186,1,3
BRDA:897,187,0,0
BRDA:897,187,1,3
BRDA:897,188,0,3
BRDA:897,188,1,0
BRDA:903,189,0,3
BRDA:929,190,0,0
BRDA:929,190,1,0
BRDA:931,191,0,0
BRDA:934,192,0,0
BRDA:934,192,1,0
BRF:345
BRH:110
end_of_record
TN:
SF:src/base64.ts
FN:3,encodeUint8toBase64
FN:7,encodeBase64toUint8
FN:11,encodeJsonToBase64
FN:16,encodeBase64ToJson
FN:22,base64urlToBase64
FN:27,base64urlFromBase64
FNF:6
FNH:0
FNDA:0,encodeUint8toBase64
FNDA:0,encodeBase64toUint8
FNDA:0,encodeJsonToBase64
FNDA:0,encodeBase64ToJson
FNDA:0,base64urlToBase64
FNDA:0,base64urlFromBase64
DA:1,1
DA:4,0
DA:8,0
DA:12,0
DA:13,0
DA:17,0
DA:18,0
DA:19,0
DA:23,0
DA:28,0
DA:32,1
LF:11
LH:2
BRF:0
BRH:0
end_of_record
TN:
SF:src/cbor.ts
FN:1,encodeCBOR
FN:7,encodeItem
FN:27,encodeUnsigned
FN:41,encodeString
FN:45,(anonymous_4)
FN:48,encodeArray
FN:56,encodeObject
FN:70,decodeCBOR
FN:76,decodeItem
FN:104,decodeLength
FN:126,decodeUnsigned
FN:131,decodeSigned
FN:136,decodeByteString
FN:145,decodeString
FN:155,decodeArray
FN:167,decodeMap
FN:180,decodeFloat16
FN:193,decodeSimpleAndFloat
FNF:18
FNH:0
FNDA:0,encodeCBOR
FNDA:0,encodeItem
FNDA:0,encodeUnsigned
FNDA:0,encodeString
FNDA:0,(anonymous_4)
FNDA:0,encodeArray
FNDA:0,encodeObject
FNDA:0,decodeCBOR
FNDA:0,decodeItem
FNDA:0,decodeLength
FNDA:0,decodeUnsigned
FNDA:0,decodeSigned
FNDA:0,decodeByteString
FNDA:0,decodeString
FNDA:0,decodeArray
FNDA:0,decodeMap
FNDA:0,decodeFloat16
FNDA:0,decodeSimpleAndFloat
DA:1,1
DA:2,0
DA:3,0
DA:4,0
DA:8,0
DA:9,0
DA:10,0
DA:11,0
DA:12,0
DA:13,0
DA:14,0
DA:15,0
DA:16,0
DA:17,0
DA:18,0
DA:19,0
DA:20,0
DA:21,0
DA:23,0
DA:28,0
DA:29,0
DA:30,0
DA:31,0
DA:32,0
DA:33,0
DA:34,0
DA:35,0
DA:37,0
DA:42,0
DA:43,0
DA:44,0
DA:45,0
DA:49,0
DA:50,0
DA:51,0
DA:52,0
DA:57,0
DA:58,0
DA:59,0
DA:60,0
DA:61,0
DA:62,0
DA:70,1
DA:71,0
DA:72,0
DA:73,0
DA:77,0
DA:78,0
DA:80,0
DA:81,0
DA:82,0
DA:84,0
DA:86,0
DA:88,0
DA:90,0
DA:92,0
DA:94,0
DA:96,0
DA:98,0
DA:100,0
DA:105,0
DA:106,0
DA:107,0
DA:108,0
DA:109,0
DA:110,0
DA:112,0
DA:113,0
DA:114,0
DA:115,0
DA:117,0
DA:118,0
DA:119,0
DA:120,0
DA:121,0
DA:123,0
DA:127,0
DA:128,0
DA:132,0
DA:133,0
DA:137,0
DA:138,0
DA:139,0
DA:141,0
DA:142,0
DA:146,0
DA:147,0
DA:148,0
DA:150,0
DA:151,0
DA:152,0
DA:156,0
DA:157,0
DA:158,0
DA:159,0
DA:160,0
DA:161,0
DA:162,0
DA:164,0
DA:168,0
DA:169,0
DA:170,0
DA:171,0
DA:172,0
DA:173,0
DA:174,0
DA:175,0
DA:177,0
DA:181,0
DA:182,0
DA:183,0
DA:185,0
DA:186,0
DA:187,0
DA:188,0
DA:190,0
DA:198,0
DA:199,0
DA:201,0
DA:203,0
DA:205,0
DA:207,0
DA:209,0
DA:212,0
DA:213,0
DA:214,0
DA:215,0
DA:216,0
DA:218,0
DA:219,0
DA:220,0
DA:221,0
DA:223,0
DA:224,0
DA:225,0
DA:226,0
DA:228,0
LF:137
LH:2
BRDA:8,0,0,0
BRDA:8,0,1,0
BRDA:10,1,0,0
BRDA:10,1,1,0
BRDA:12,2,0,0
BRDA:12,2,1,0
BRDA:13,3,0,0
BRDA:13,3,1,0
BRDA:14,4,0,0
BRDA:14,4,1,0
BRDA:16,5,0,0
BRDA:16,5,1,0
BRDA:18,6,0,0
BRDA:18,6,1,0
BRDA:20,7,0,0
BRDA:20,7,1,0
BRDA:28,8,0,0
BRDA:28,8,1,0
BRDA:30,9,0,0
BRDA:30,9,1,0
BRDA:32,10,0,0
BRDA:32,10,1,0
BRDA:34,11,0,0
BRDA:34,11,1,0
BRDA:77,12,0,0
BRDA:84,13,0,0
BRDA:84,13,1,0
BRDA:84,13,2,0
BRDA:84,13,3,0
BRDA:84,13,4,0
BRDA:84,13,5,0
BRDA:84,13,6,0
BRDA:84,13,7,0
BRDA:105,14,0,0
BRDA:106,15,0,0
BRDA:107,16,0,0
BRDA:112,17,0,0
BRDA:117,18,0,0
BRDA:138,19,0,0
BRDA:147,20,0,0
BRDA:183,21,0,0
BRDA:183,21,1,0
BRDA:185,22,0,0
BRDA:185,22,1,0
BRDA:187,23,0,0
BRDA:188,24,0,0
BRDA:188,24,1,0
BRDA:198,25,0,0
BRDA:199,26,0,0
BRDA:199,26,1,0
BRDA:199,26,2,0
BRDA:199,26,3,0
BRDA:199,26,4,0
BRDA:212,27,0,0
BRDA:213,28,0,0
BRDA:218,29,0,0
BRDA:223,30,0,0
BRF:57
BRH:0
end_of_record
TN:
SF:src/request.ts
FN:17,setGlobalRequestOptions
FN:21,_request
FN:39,(anonymous_20)
FN:51,request
FNF:4
FNH:2
FNDA:0,setGlobalRequestOptions
FNDA:5,_request
FNDA:0,(anonymous_20)
FNDA:5,request
DA:1,1
DA:11,1
DA:17,1
DA:18,0
DA:22,5
DA:23,5
DA:24,5
DA:25,5
DA:27,5
DA:28,5
DA:34,5
DA:36,8
DA:39,0
DA:40,0
DA:44,4
DA:46,0
DA:47,0
DA:51,1
DA:52,5
DA:53,4
LF:20
LH:15
BRDA:44,0,0,4
BRDA:27,1,0,2
BRDA:27,1,1,3
BRDA:30,2,0,2
BRDA:30,2,1,3
BRDA:36,3,0,4
BRDA:40,4,0,0
BRDA:40,4,1,0
BRDA:40,4,2,0
BRDA:52,5,0,5
BRF:10
BRH:7
end_of_record
TN:
SF:src/utils.ts
FN:16,splitAmount
FN:24,(anonymous_1)
FN:26,(anonymous_2)
FN:32,(anonymous_3)
FN:37,(anonymous_4)
FN:42,(anonymous_5)
FN:45,getKeepAmounts
FN:54,(anonymous_7)
FN:56,(anonymous_8)
FN:57,(anonymous_9)
FN:64,isPowerOfTwo
FN:67,getKeysetAmounts
FN:69,(anonymous_12)
FN:70,(anonymous_13)
FN:73,hasCorrespondingKey
FN:77,getPreference
FN:79,(anonymous_16)
FN:88,deprecatedPreferenceToOutputAmounts
FN:90,(anonymous_18)
FN:97,bytesToNumber
FN:101,hexToNumber
FN:106,bigIntStringify
FN:115,getEncodedToken
FN:124,getDecodedToken
FN:127,(anonymous_24)
FN:140,handleTokens
FN:153,(anonymous_26)
FN:154,(anonymous_27)
FN:172,deriveKeysetId
FN:174,(anonymous_29)
FN:175,(anonymous_30)
FN:176,(anonymous_31)
FN:182,mergeUInt8Arrays
FN:190,sortProofsById
FN:191,(anonymous_34)
FN:194,isObj
FN:198,checkResponse
FN:208,joinUrls
FN:209,(anonymous_38)
FN:212,sanitizeUrl
FN:216,sumProofs
FN:217,(anonymous_41)
FNF:42
FNH:12
FNDA:1,splitAmount
FNDA:0,(anonymous_1)
FNDA:0,(anonymous_2)
FNDA:0,(anonymous_3)
FNDA:64,(anonymous_4)
FNDA:2,(anonymous_5)
FNDA:0,getKeepAmounts
FNDA:0,(anonymous_7)
FNDA:0,(anonymous_8)
FNDA:0,(anonymous_9)
FNDA:0,isPowerOfTwo
FNDA:1,getKeysetAmounts
FNDA:64,(anonymous_12)
FNDA:63,(anonymous_13)
FNDA:0,hasCorrespondingKey
FNDA:0,getPreference
FNDA:0,(anonymous_16)
FNDA:0,deprecatedPreferenceToOutputAmounts
FNDA:0,(anonymous_18)
FNDA:0,bytesToNumber
FNDA:0,hexToNumber
FNDA:0,bigIntStringify
FNDA:0,getEncodedToken
FNDA:0,getDecodedToken
FNDA:0,(anonymous_24)
FNDA:0,handleTokens
FNDA:0,(anonymous_26)
FNDA:0,(anonymous_27)
FNDA:0,deriveKeysetId
FNDA:0,(anonymous_29)
FNDA:0,(anonymous_30)
FNDA:0,(anonymous_31)
FNDA:0,mergeUInt8Arrays
FNDA:0,sortProofsById
FNDA:0,(anonymous_34)
FNDA:2,isObj
FNDA:0,checkResponse
FNDA:5,joinUrls
FNDA:11,(anonymous_38)
FNDA:1,sanitizeUrl
FNDA:24,sumProofs
FNDA:25,(anonymous_41)
DA:1,1
DA:11,1
DA:12,1
DA:13,1
DA:14,1
DA:22,1
DA:23,1
DA:24,0
DA:25,0
DA:26,0
DA:29,0
DA:30,0
DA:33,0
DA:36,1
DA:37,1
DA:38,64
DA:39,64
DA:40,64
DA:42,2
DA:53,0
DA:54,0
DA:55,0
DA:56,0
DA:57,0
DA:58,0
DA:59,0
DA:61,0
DA:65,0
DA:68,1
DA:69,64
DA:70,63
DA:74,0
DA:78,0
DA:79,0
DA:80,0
DA:81,0
DA:83,0
DA:85,0
DA:89,0
DA:90,0
DA:91,0
DA:92,0
DA:95,0
DA:98,0
DA:102,0
DA:107,0
DA:116,0
DA:126,0
DA:127,0
DA:128,0
DA:129,0
DA:131,0
DA:133,0
DA:141,0
DA:142,0
DA:143,0
DA:144,0
DA:145,0
DA:146,0
DA:147,0
DA:152,0
DA:153,0
DA:154,0
DA:155,0
DA:163,0
DA:165,0
DA:172,1
DA:173,0
DA:174,0
DA:175,0
DA:176,0
DA:177,0
DA:178,0
DA:179,0
DA:184,0
DA:185,0
DA:186,0
DA:187,0
DA:190,1
DA:191,0
DA:194,1
DA:195,2
DA:198,1
DA:199,0
DA:200,0
DA:201,0
DA:203,0
DA:204,0
DA:208,21
DA:209,11
DA:212,1
DA:213,1
DA:216,1
DA:217,25
DA:221,1
DA:222,1
DA:223,1
DA:224,1
DA:225,1
DA:226,1
DA:227,1
DA:228,1
LF:102
LH:35
BRDA:23,0,0,0
BRDA:24,1,0,0
BRDA:42,2,0,0
BRDA:42,2,1,2
BRDA:65,3,0,0
BRDA:65,3,1,0
BRDA:80,4,0,0
BRDA:90,5,0,0
BRDA:90,5,1,0
BRDA:90,6,0,0
BRDA:90,6,1,0
BRDA:107,7,0,0
BRDA:107,7,1,0
BRDA:128,8,0,0
BRDA:143,9,0,0
BRDA:143,9,1,0
BRDA:145,10,0,0
BRDA:163,11,0,0
BRDA:163,11,1,0
BRDA:199,12,0,0
BRDA:200,13,0,0
BRDA:200,14,0,0
BRDA:200,14,1,0
BRDA:203,15,0,0
BRDA:203,16,0,0
BRDA:203,16,1,0
BRF:26
BRH:1
end_of_record
TN:
SF:src/legacy/nut-04.ts
FN:8,handleMintQuoteResponseDeprecated
FNF:1
FNH:1
FNDA:1,handleMintQuoteResponseDeprecated
DA:2,1
DA:8,1
DA:12,1
DA:13,0
DA:16,0
DA:17,0
DA:20,1
LF:7
LH:4
BRDA:12,0,0,0
BRDA:16,1,0,0
BRDA:17,2,0,0
BRDA:17,2,1,0
BRF:4
BRH:0
end_of_record
TN:
SF:src/legacy/nut-05.ts
FN:8,handleMeltQuoteResponseDeprecated
FNF:1
FNH:0
FNDA:0,handleMeltQuoteResponseDeprecated
DA:2,1
DA:8,1
DA:12,0
DA:13,0
DA:16,0
DA:17,0
DA:20,0
LF:7
LH:2
BRDA:12,0,0,0
BRDA:16,1,0,0
BRDA:17,2,0,0
BRDA:17,2,1,0
BRF:4
BRH:0
end_of_record
TN:
SF:src/legacy/nut-06.ts
FN:3,handleMintInfoContactFieldDeprecated
FN:7,(anonymous_1)
FNF:2
FNH:0
FNDA:0,handleMintInfoContactFieldDeprecated
FNDA:0,(anonymous_1)
DA:3,1
DA:6,0
DA:7,0
DA:8,0
DA:14,0
DA:17,0
DA:19,0
DA:22,0
LF:8
LH:1
BRDA:6,0,0,0
BRDA:6,1,0,0
BRDA:6,1,1,0
BRDA:6,2,0,0
BRDA:6,2,1,0
BRDA:6,3,0,0
BRDA:6,3,1,0
BRDA:6,4,0,0
BRDA:6,4,1,0
BRDA:6,5,0,0
BRDA:6,5,1,0
BRDA:8,6,0,0
BRDA:9,7,0,0
BRDA:9,7,1,0
BRDA:9,7,2,0
BRDA:9,7,3,0
BRF:16
BRH:0
end_of_record
TN:
SF:src/model/BlindedMessage.ts
FN:4,(anonymous_0)
FN:8,BlindedMessage
FN:13,(anonymous_2)
FNF:3
FNH:3
FNDA:1,(anonymous_0)
FNDA:3,BlindedMessage
FNDA:3,(anonymous_2)
DA:4,1
DA:9,3
DA:10,3
DA:11,3
DA:13,1
DA:14,3
DA:16,1
DA:17,1
LF:8
LH:8
BRF:0
BRH:0
end_of_record
TN:
SF:src/model/Errors.ts
FN:1,(anonymous_6)
FN:3,HttpResponseError
FNF:2
FNH:1
FNDA:1,(anonymous_6)
FNDA:0,HttpResponseError
DA:1,1
DA:4,0
DA:5,0
DA:7,1
LF:4
LH:2
BRDA:4,0,0,0
BRDA:4,0,1,0
BRF:2
BRH:0
end_of_record
TN:
SF:src/model/types/index.ts
FN:153,(anonymous_0)
FN:284,(anonymous_1)
FN:345,(anonymous_2)
FNF:3
FNH:3
FNDA:1,(anonymous_0)
FNDA:1,(anonymous_1)
FNDA:1,(anonymous_2)
DA:153,1
DA:154,1
DA:155,1
DA:156,1
DA:284,1
DA:285,1
DA:286,1
DA:287,1
DA:345,1
DA:346,1
DA:347,1
DA:348,1
LF:12
LH:12
BRDA:153,0,0,1
BRDA:153,0,1,1
BRDA:284,1,0,1
BRDA:284,1,1,1
BRDA:345,2,0,1
BRDA:345,2,1,1
BRF:6
BRH:6
end_of_record
TN:
SF:src/utils/Constants.ts
FNF:0
FNH:0
DA:4,1
DA:5,1
DA:7,1
LF:3
LH:3
BRF:0
BRH:0
end_of_record
